                      :-) GROMACS - gmx mdrun, 2025.4 (-:

Copyright 1991-2025 The GROMACS Authors.
GROMACS is free software; you can redistribute it and/or modify it
under the terms of the GNU Lesser General Public License
as published by the Free Software Foundation; either version 2.1
of the License, or (at your option) any later version.

                         Current GROMACS contributors:
       Mark Abraham           Andrey Alekseenko           Brian Andrews       
      Vladimir Basov              Paul Bauer                Hugh Bird         
      Eliane Briand               Ania Brown              Mahesh Doijade      
      Giacomo Fiorin          Stefan Fleischmann          Sergey Gorelov      
   Gilles Gouaillardet            Alan Gray              M. Eric Irrgang      
   Farzaneh Jalalypour         Petter Johansson          Carsten Kutzner      
    Grzegorz Łazarski         Justin A. Lemkul          Magnus Lundborg      
       Pascal Merz             Vedran Miletić            Dmitry Morozov      
     Lukas Müllender            Julien Nabet             Szilárd Páll      
 Andrea Pasquadibisceglie     Michele Pellegrino         Nicola Piasentin     
     Daniele Rapetti         Muhammad Umair Sadiq         Hubert Santuz       
      Roland Schulz             Michael Shirts           Tatiana Shugaeva     
     Alexey Shvetsov            Philip Turner            Alessandra Villa     
 Sebastian Wingbermühle  

                         Previous GROMACS contributors:
        Emile Apol             Rossen Apostolov           James Barnett       
  Herman J.C. Berendsen         Cathrine Bergh             Par Bjelkmar       
      Christian Blau          Viacheslav Bolnykh            Kevin Boyd        
    Aldert van Buuren          Carlo Camilloni           Rudi van Drunen      
      Anton Feenstra           Oliver Fleetwood            Vytas Gapsys       
       Gaurav Garg             Gerrit Groenhof            Bert de Groot       
      Anca Hamuraru           Vincent Hindriksen          Victor Holanda      
     Aleksei Iupinov              Joe Jordan            Christoph Junghans    
    Prashanth Kanduri        Dimitrios Karkoulis           Peter Kasson       
      Sebastian Kehl           Sebastian Keller             Jiri Kraus        
       Per Larsson              Viveca Lindahl            Erik Marklund       
    Pieter Meulenhoff           Teemu Murtola              Sander Pronk       
      Alfons Sijbers            Balint Soproni         David van der Spoel    
      Peter Tieleman            Carsten Uphoff             Jon Vincent        
     Teemu Virolainen         Christian Wennberg           Maarten Wolf       
      Artem Zhmurov       

                  Coordinated by the GROMACS project leaders:
                           Berk Hess and Erik Lindahl

GROMACS:      gmx mdrun, version 2025.4
Executable:   /usr/local/gromacs/bin/gmx
Data prefix:  /usr/local/gromacs
Working dir:  /home/kalki/MD/deepchem-polymer-merged/MD/auto_workflow
Process ID:   38707
Command line:
  gmx mdrun -s ./outputs/run-2-50ns-02dt/npt.tpr -deffnm npt -o ./outputs/run-2-50ns-02dt/npt.trr -x ./outputs/run-2-50ns-02dt/npt.xtc -c ./outputs/run-2-50ns-02dt/npt.gro -e ./outputs/run-2-50ns-02dt/npt.edr -g ./outputs/run-2-50ns-02dt/npt.log

GROMACS version:     2025.4
Precision:           mixed
Memory model:        64 bit
MPI library:         thread_mpi
OpenMP support:      enabled (GMX_OPENMP_MAX_THREADS = 128)
GPU support:         CUDA
NBNxM GPU setup:     super-cluster 2x2x2 / cluster 8 (cluster-pair splitting on)
SIMD instructions:   AVX2_256
CPU FFT library:     fftw-3.3.10-sse2-avx-avx2-avx2_128
GPU FFT library:     cuFFT
Multi-GPU FFT:       none
RDTSCP usage:        enabled
TNG support:         enabled
Hwloc support:       disabled
Tracing support:     disabled
C compiler:          /usr/bin/cc GNU 13.3.0
C compiler flags:    -fexcess-precision=fast -funroll-all-loops -mavx2 -mfma -Wno-missing-field-initializers -O3 -DNDEBUG
C++ compiler:        /usr/bin/c++ GNU 13.3.0
C++ compiler flags:  -fexcess-precision=fast -funroll-all-loops -mavx2 -mfma -Wno-missing-field-initializers -Wno-cast-function-type-strict SHELL:-fopenmp -O3 -DNDEBUG
BLAS library:        Internal
LAPACK library:      Internal
CUDA compiler:       /usr/local/cuda/bin/nvcc nvcc: NVIDIA (R) Cuda compiler driver;Copyright (c) 2005-2025 NVIDIA Corporation;Built on Wed_Aug_20_01:58:59_PM_PDT_2025;Cuda compilation tools, release 13.0, V13.0.88;Build cuda_13.0.r13.0/compiler.36424714_0
CUDA compiler flags: -O3 -DNDEBUG
CUDA driver:         12.80
CUDA runtime:        13.0


Running on 1 node with total 12 cores, 24 processing units (GPU detection failed: CUDA driver version is insufficient for CUDA runtime version)
Hardware detected on host DESKTOP-E098P2T:
  CPU info:
    Vendor: Intel
    Brand:  12th Gen Intel(R) Core(TM) i9-12900
    Family: 6   Model: 151   Stepping: 2
    Features: aes apic avx avx2 clfsh cmov cx8 cx16 f16c fma htt intel lahf mmx msr nonstop_tsc pcid pclmuldq pdpe1gb popcnt pse rdrnd rdtscp sha sse2 sse3 sse4.1 sse4.2 ssse3 tdt x2apic
  Hardware topology: Basic
    Packages, cores, and logical processors:
    [indices refer to OS logical processors]
      Package  0: [   0   1] [   2   3] [   4   5] [   6   7] [   8   9] [  10  11] [  12  13] [  14  15] [  16  17] [  18  19] [  20  21] [  22  23]
    CPU limit set by OS: -1   Recommended max number of threads: 24


++++ PLEASE READ AND CITE THE FOLLOWING REFERENCE ++++
M. J. Abraham, T. Murtola, R. Schulz, S. Páll, J. C. Smith, B. Hess, E.
Lindahl
GROMACS: High performance molecular simulations through multi-level
parallelism from laptops to supercomputers
SoftwareX (2015)
DOI: 10.1016/j.softx.2015.06.001
-------- -------- --- Thank You --- -------- --------


++++ PLEASE READ AND CITE THE FOLLOWING REFERENCE ++++
S. Páll, M. J. Abraham, C. Kutzner, B. Hess, E. Lindahl
Tackling Exascale Software Challenges in Molecular Dynamics Simulations with
GROMACS
In S. Markidis & E. Laure (Eds.), Solving Software Challenges for Exascale (2015)
DOI: 10.1007/978-3-319-15976-8_1
-------- -------- --- Thank You --- -------- --------


++++ PLEASE READ AND CITE THE FOLLOWING REFERENCE ++++
S. Pronk, S. Páll, R. Schulz, P. Larsson, P. Bjelkmar, R. Apostolov, M. R.
Shirts, J. C. Smith, P. M. Kasson, D. van der Spoel, B. Hess, E. Lindahl
GROMACS 4.5: a high-throughput and highly parallel open source molecular
simulation toolkit
Bioinformatics (2013)
DOI: 10.1093/bioinformatics/btt055
-------- -------- --- Thank You --- -------- --------


++++ PLEASE READ AND CITE THE FOLLOWING REFERENCE ++++
B. Hess, C. Kutzner, D. van der Spoel, E. Lindahl
GROMACS 4: Algorithms for highly efficient, load-balanced, and scalable
molecular simulation
J. Chem. Theory Comput. (2008)
DOI: 10.1021/ct700301q
-------- -------- --- Thank You --- -------- --------


++++ PLEASE READ AND CITE THE FOLLOWING REFERENCE ++++
D. van der Spoel, E. Lindahl, B. Hess, G. Groenhof, A. E. Mark, H. J. C.
Berendsen
GROMACS: Fast, Flexible and Free
J. Comp. Chem. (2005)
DOI: 10.1002/jcc.20291
-------- -------- --- Thank You --- -------- --------


++++ PLEASE READ AND CITE THE FOLLOWING REFERENCE ++++
E. Lindahl, B. Hess, D. van der Spoel
GROMACS 3.0: A package for molecular simulation and trajectory analysis
J. Mol. Mod. (2001)
DOI: 10.1007/s008940100045
-------- -------- --- Thank You --- -------- --------


++++ PLEASE READ AND CITE THE FOLLOWING REFERENCE ++++
H. J. C. Berendsen, D. van der Spoel and R. van Drunen
GROMACS: A message-passing parallel molecular dynamics implementation
Comp. Phys. Comm. (1995)
DOI: 10.1016/0010-4655(95)00042-E
-------- -------- --- Thank You --- -------- --------


++++ PLEASE CITE THE DOI FOR THIS VERSION OF GROMACS ++++
https://doi.org/10.5281/zenodo.17671793
-------- -------- --- Thank You --- -------- --------

Input Parameters:
   integrator                     = md
   tinit                          = 0
   dt                             = 0.02
   nsteps                         = 50000
   init-step                      = 0
   simulation-part                = 1
   mts                            = false
   mass-repartition-factor        = 1
   comm-mode                      = Linear
   nstcomm                        = 100
   bd-fric                        = 0
   ld-seed                        = -1098965014
   emtol                          = 10
   emstep                         = 0.01
   niter                          = 20
   fcstep                         = 0
   nstcgsteep                     = 1000
   nbfgscorr                      = 10
   rtpi                           = 0.05
   nstxout                        = 5000
   nstvout                        = 5000
   nstfout                        = 0
   nstlog                         = 1000
   nstcalcenergy                  = 100
   nstenergy                      = 1000
   nstxout-compressed             = 1000
   compressed-x-precision         = 1000
   cutoff-scheme                  = Verlet
   nstlist                        = 20
   pbc                            = xyz
   periodic-molecules             = false
   verlet-buffer-tolerance        = 0.005
   verlet-buffer-pressure-tolerance = 0.5
   rlist                          = 1.292
   coulombtype                    = Reaction-Field
   coulomb-modifier               = Potential-shift
   rcoulomb-switch                = 0
   rcoulomb                       = 1.1
   epsilon-r                      = 15
   epsilon-rf                     = inf
   vdw-type                       = Cut-off
   vdw-modifier                   = Potential-shift
   rvdw-switch                    = 0
   rvdw                           = 1.1
   DispCorr                       = No
   table-extension                = 1
   fourierspacing                 = 0.12
   fourier-nx                     = 0
   fourier-ny                     = 0
   fourier-nz                     = 0
   pme-order                      = 4
   ewald-rtol                     = 1e-05
   ewald-rtol-lj                  = 0.001
   lj-pme-comb-rule               = Geometric
   ewald-geometry                 = 3d
   epsilon-surface                = 0
   ensemble-temperature-setting   = constant
   ensemble-temperature           = 310
   tcoupl                         = V-rescale
   nsttcouple                     = 10
   nh-chain-length                = 0
   print-nose-hoover-chain-variables = false
   pcoupl                         = C-rescale
   pcoupltype                     = Semiisotropic
   nstpcouple                     = 10
   tau-p                          = 5
   compressibility (3x3):
      compressibility[    0]={ 3.00000e-04,  0.00000e+00,  0.00000e+00}
      compressibility[    1]={ 0.00000e+00,  3.00000e-04,  0.00000e+00}
      compressibility[    2]={ 0.00000e+00,  0.00000e+00,  3.00000e-04}
   ref-p (3x3):
      ref-p[    0]={ 1.00000e+00,  0.00000e+00,  0.00000e+00}
      ref-p[    1]={ 0.00000e+00,  1.00000e+00,  0.00000e+00}
      ref-p[    2]={ 0.00000e+00,  0.00000e+00,  1.00000e+00}
   refcoord-scaling               = COM
   posres-com: not available
   posres-comB: not available
   QMMM                           = false
qm-opts:
   ngQM                           = 0
   constraint-algorithm           = Lincs
   continuation                   = false
   Shake-SOR                      = false
   shake-tol                      = 0.0001
   lincs-order                    = 4
   lincs-iter                     = 1
   lincs-warnangle                = 30
   nwall                          = 0
   wall-type                      = 9-3
   wall-r-linpot                  = -1
   wall-atomtype[0]               = -1
   wall-atomtype[1]               = -1
   wall-density[0]                = 0
   wall-density[1]                = 0
   wall-ewald-zfac                = 3
   pull                           = false
   awh                            = false
   rotation                       = false
   interactiveMD                  = false
   disre                          = No
   disre-weighting                = Conservative
   disre-mixed                    = false
   dr-fc                          = 1000
   dr-tau                         = 0
   nstdisreout                    = 100
   orire-fc                       = 0
   orire-tau                      = 0
   nstorireout                    = 100
   free-energy                    = no
   cos-acceleration               = 0
   deform (3x3):
      deform[    0]={ 0.00000e+00,  0.00000e+00,  0.00000e+00}
      deform[    1]={ 0.00000e+00,  0.00000e+00,  0.00000e+00}
      deform[    2]={ 0.00000e+00,  0.00000e+00,  0.00000e+00}
   simulated-tempering            = false
   swapcoords                     = no
   userint1                       = 0
   userint2                       = 0
   userint3                       = 0
   userint4                       = 0
   userreal1                      = 0
   userreal2                      = 0
   userreal3                      = 0
   userreal4                      = 0
   applied-forces:
     electric-field:
       x:
         E0                       = 0
         omega                    = 0
         t0                       = 0
         sigma                    = 0
       y:
         E0                       = 0
         omega                    = 0
         t0                       = 0
         sigma                    = 0
       z:
         E0                       = 0
         omega                    = 0
         t0                       = 0
         sigma                    = 0
     density-guided-simulation:
       active                     = false
       group                      = protein
       similarity-measure         = inner-product
       atom-spreading-weight      = unity
       force-constant             = 1e+09
       gaussian-transform-spreading-width = 0.2
       gaussian-transform-spreading-range-in-multiples-of-width = 4
       reference-density-filename = reference.mrc
       nst                        = 1
       normalize-densities        = true
       adaptive-force-scaling     = false
       adaptive-force-scaling-time-constant = 4
       shift-vector               = 
       transformation-matrix      = 
     qmmm-cp2k:
       active                     = false
       qmgroup                    = System
       qmmethod                   = PBE
       qmfilenames                = 
       qmcharge                   = 0
       qmmultiplicity             = 1
     colvars:
       active                     = false
       configfile                 = 
       seed                       = -1
     nnpot:
       active                     = false
       modelfile                  = model.pt
       input-group                = System
       model-input1               = 
       model-input2               = 
       model-input3               = 
       model-input4               = 
grpopts:
   nrdf:      248826
   ref-t:         310
   tau-t:           1
annealing:          No
annealing-npoints:           0
   acc:	           0           0           0
   nfreeze:           N           N           N
   energygrp-flags[  0]: 0


Changing rlist from 1.292 to 1.288 for non-bonded 4x4 atom kernels

When checking whether update groups are usable:
  No constraints or virtual sites are in use, so it is best not to use update groups

Initializing Domain Decomposition on 24 ranks
Dynamic load balancing: auto
Minimum cell size due to atom displacement: 0.732 nm
Initial maximum distances in bonded interactions:
    two-body bonded interactions: 0.411 nm, Bond, atoms 69748 69749
  multi-body bonded interactions: 1.171 nm, Angle, atoms 67793 67799
Minimum cell size due to bonded interactions: 1.288 nm
Scaling the initial minimum size with 1/0.8 (option -dds) = 1.25
The system does not use PME for electrostatics or LJ
Optimizing the DD grid for 24 cells with a minimum initial size of 1.610 nm
The maximum allowed number of cells is: X 12 Y 12 Z 12
Domain decomposition grid 4 x 3 x 2, separate PME ranks 0
Domain decomposition rank 0, coordinates 0 0 0

The initial number of communication pulses is: X 1 Y 1 Z 1
The initial domain decomposition cell size is: X 5.00 nm Y 6.67 nm Z 10.00 nm

The maximum allowed distance for atoms involved in interactions is:
                 non-bonded interactions           1.288 nm
(the following are initial values, they could change due to box deformation)
            two-body bonded interactions  (-rdd)   1.288 nm
          multi-body bonded interactions  (-rdd)   1.288 nm

When dynamic load balancing gets turned on, these settings will change to:
The maximum number of communication pulses is: X 1 Y 1 Z 1
The minimum size for domain decomposition cells is 1.288 nm
The requested allowed shrink of DD cells (option -dds) is: 0.80
The allowed shrink of domain decomposition cells is: X 0.26 Y 0.19 Z 0.13
The maximum allowed distance for atoms involved in interactions is:
                 non-bonded interactions           1.288 nm
            two-body bonded interactions  (-rdd)   1.288 nm
          multi-body bonded interactions  (-rdd)   1.288 nm

Local state does not use filler particles

Using 24 MPI threads
Using 1 OpenMP thread per tMPI thread

System total charge: 0.000
Reaction-Field:
epsRF = 0, rc = 1.1, krf = 0.375657, crf = 1.36364, epsfac = 9.26236
The electrostatics potential has its minimum at r = 1.1
Potential shift: LJ r^-12: -3.186e-01 r^-6: -5.645e-01


Using SIMD4xM 4x8 nonbonded short-range kernels

Using a dual 4x8 pair-list setup updated with dynamic pruning:
  outer list: updated every 20 steps, buffer 0.188 nm, rlist 1.288 nm
  inner list: updated every  5 steps, buffer 0.085 nm, rlist 1.185 nm
At tolerance 0.005 kJ/mol/ps per atom, equivalent classical 1x1 list would be:
  outer list: updated every 20 steps, buffer 0.266 nm, rlist 1.366 nm
  inner list: updated every  5 steps, buffer 0.091 nm, rlist 1.191 nm

The average pressure is off by at most 0.50 bar due to missing LJ interactions

Using full Lennard-Jones parameter combination matrix
Removing pbc first time

Linking all bonded interactions to atoms


Pinning threads with an auto-selected logical cpu stride of 1
Intra-simulation communication will occur every 10 steps.

++++ PLEASE READ AND CITE THE FOLLOWING REFERENCE ++++
G. Bussi, D. Donadio, M. Parrinello
Canonical sampling through velocity rescaling
J. Chem. Phys. (2007)
DOI: 10.1063/1.2408420
-------- -------- --- Thank You --- -------- --------


++++ PLEASE READ AND CITE THE FOLLOWING REFERENCE ++++
M. Bernetti, G. Bussi
Pressure control using stochastic cell rescaling
J. Chem. Phys. (2020)
DOI: 10.1063/5.0020514
-------- -------- --- Thank You --- -------- --------

There are: 82943 Atoms
Atom distribution over 24 domains: av 3455 stddev 152 min 3173 max 3733
Center of mass motion removal mode is Linear
We have the following groups for center of mass motion removal:
  0:  rest
Initial temperature: 310.02 K

Started mdrun on rank 0 Mon Feb 23 16:11:54 2026

           Step           Time
              0        0.00000

   Energies (kJ/mol)
           Bond          Angle        LJ (SR)   Coulomb (SR)      Potential
    3.59163e+03    1.53857e+04   -2.19372e+06    0.00000e+00   -2.17475e+06
    Kinetic En.   Total Energy  Conserved En.    Temperature Pressure (bar)
    3.20701e+05   -1.85404e+06   -1.83074e+06    3.10028e+02   -1.78341e+03


DD  step 19 load imb.: force 46.4%

step 40 Turning on dynamic load balancing, because the performance loss due to load imbalance is 17.6 %.

DD  step 999  vol min/aver 0.516  load imb.: force  4.1%
           Step           Time
           1000       20.00000

   Energies (kJ/mol)
           Bond          Angle        LJ (SR)   Coulomb (SR)      Potential
    2.36549e+04    2.19198e+04   -1.82905e+06    0.00000e+00   -1.78347e+06
    Kinetic En.   Total Energy  Conserved En.    Temperature Pressure (bar)
    3.19054e+05   -1.46442e+06   -1.85732e+06    3.08435e+02   -8.41377e+00


step 1200 Turning off dynamic load balancing, because it is degrading performance.
Atom distribution over 24 domains: av 3455 stddev 149 min 3206 max 3751

DD  step 1999 load imb.: force 43.6%
           Step           Time
           2000       40.00000

   Energies (kJ/mol)
           Bond          Angle        LJ (SR)   Coulomb (SR)      Potential
    2.30875e+04    2.07729e+04   -1.82676e+06    0.00000e+00   -1.78289e+06
    Kinetic En.   Total Energy  Conserved En.    Temperature Pressure (bar)
    3.20880e+05   -1.46202e+06   -1.85700e+06    3.10200e+02    7.90823e+00


DD  step 2999 load imb.: force 38.0%
           Step           Time
           3000       60.00000

   Energies (kJ/mol)
           Bond          Angle        LJ (SR)   Coulomb (SR)      Potential
    2.34119e+04    2.09356e+04   -1.82531e+06    0.00000e+00   -1.78096e+06
    Kinetic En.   Total Energy  Conserved En.    Temperature Pressure (bar)
    3.21411e+05   -1.45955e+06   -1.85662e+06    3.10714e+02   -2.79710e+01


DD  step 3999 load imb.: force 46.5%

step 4000 Turning on dynamic load balancing, because the performance loss due to load imbalance is 9.0 %.
           Step           Time
           4000       80.00000

   Energies (kJ/mol)
           Bond          Angle        LJ (SR)   Coulomb (SR)      Potential
    2.29040e+04    2.03796e+04   -1.82401e+06    0.00000e+00   -1.78073e+06
    Kinetic En.   Total Energy  Conserved En.    Temperature Pressure (bar)
    3.20996e+05   -1.45973e+06   -1.85636e+06    3.10313e+02    1.14209e+01


DD  step 4999  vol min/aver 0.625  load imb.: force  2.8%
           Step           Time
           5000      100.00000

   Energies (kJ/mol)
           Bond          Angle        LJ (SR)   Coulomb (SR)      Potential
    2.28611e+04    2.02103e+04   -1.82596e+06    0.00000e+00   -1.78288e+06
    Kinetic En.   Total Energy  Conserved En.    Temperature Pressure (bar)
    3.21111e+05   -1.46177e+06   -1.85571e+06    3.10424e+02    1.53295e+01


DD  step 5999  vol min/aver 0.613  load imb.: force 13.9%
           Step           Time
           6000      120.00000

   Energies (kJ/mol)
           Bond          Angle        LJ (SR)   Coulomb (SR)      Potential
    2.28270e+04    2.02035e+04   -1.82502e+06    0.00000e+00   -1.78199e+06
    Kinetic En.   Total Energy  Conserved En.    Temperature Pressure (bar)
    3.17912e+05   -1.46408e+06   -1.85577e+06    3.07331e+02   -4.62225e+01


DD  step 6999  vol min/aver 0.620  load imb.: force  3.1%
           Step           Time
           7000      140.00000

   Energies (kJ/mol)
           Bond          Angle        LJ (SR)   Coulomb (SR)      Potential
    2.30250e+04    2.02219e+04   -1.82456e+06    0.00000e+00   -1.78132e+06
    Kinetic En.   Total Energy  Conserved En.    Temperature Pressure (bar)
    3.20953e+05   -1.46036e+06   -1.85531e+06    3.10271e+02   -4.51011e+00


DD  step 7999  vol min/aver 0.634  load imb.: force  2.1%
           Step           Time
           8000      160.00000

   Energies (kJ/mol)
           Bond          Angle        LJ (SR)   Coulomb (SR)      Potential
    2.34641e+04    2.02267e+04   -1.82281e+06    0.00000e+00   -1.77912e+06
    Kinetic En.   Total Energy  Conserved En.    Temperature Pressure (bar)
    3.20185e+05   -1.45894e+06   -1.85496e+06    3.09529e+02    8.29167e+00


DD  step 8999  vol min/aver 0.602  load imb.: force  2.3%
           Step           Time
           9000      180.00000

   Energies (kJ/mol)
           Bond          Angle        LJ (SR)   Coulomb (SR)      Potential
    2.34858e+04    2.02059e+04   -1.82684e+06    0.00000e+00   -1.78315e+06
    Kinetic En.   Total Energy  Conserved En.    Temperature Pressure (bar)
    3.19550e+05   -1.46359e+06   -1.85455e+06    3.08915e+02   -1.06554e+01


step 9600 Turning off dynamic load balancing, because it is degrading performance.
Atom distribution over 24 domains: av 3455 stddev 157 min 3219 max 3731

DD  step 9999 load imb.: force 36.6%

step 10000 Turning on dynamic load balancing, because the performance loss due to load imbalance is 5.9 %.
           Step           Time
          10000      200.00000

   Energies (kJ/mol)
           Bond          Angle        LJ (SR)   Coulomb (SR)      Potential
    2.29556e+04    2.01081e+04   -1.82732e+06    0.00000e+00   -1.78425e+06
    Kinetic En.   Total Energy  Conserved En.    Temperature Pressure (bar)
    3.21667e+05   -1.46259e+06   -1.85380e+06    3.10962e+02    5.95791e+00


DD  step 10999  vol min/aver 0.502  load imb.: force  5.6%
           Step           Time
          11000      220.00000

   Energies (kJ/mol)
           Bond          Angle        LJ (SR)   Coulomb (SR)      Potential
    2.31524e+04    1.98128e+04   -1.82539e+06    0.00000e+00   -1.78242e+06
    Kinetic En.   Total Energy  Conserved En.    Temperature Pressure (bar)
    3.20272e+05   -1.46215e+06   -1.85360e+06    3.09613e+02   -2.19558e+01


DD  step 11999  vol min/aver 0.558  load imb.: force 18.9%
           Step           Time
          12000      240.00000

   Energies (kJ/mol)
           Bond          Angle        LJ (SR)   Coulomb (SR)      Potential
    2.30726e+04    2.03996e+04   -1.82812e+06    0.00000e+00   -1.78465e+06
    Kinetic En.   Total Energy  Conserved En.    Temperature Pressure (bar)
    3.20729e+05   -1.46392e+06   -1.85303e+06    3.10055e+02    9.05261e+00


DD  step 12999  vol min/aver 0.507  load imb.: force  2.0%
           Step           Time
          13000      260.00000

   Energies (kJ/mol)
           Bond          Angle        LJ (SR)   Coulomb (SR)      Potential
    2.32498e+04    2.00805e+04   -1.82526e+06    0.00000e+00   -1.78193e+06
    Kinetic En.   Total Energy  Conserved En.    Temperature Pressure (bar)
    3.21124e+05   -1.46080e+06   -1.85305e+06    3.10436e+02    1.12255e+01


step 13600 Turning off dynamic load balancing, because it is degrading performance.
Atom distribution over 24 domains: av 3455 stddev 160 min 3223 max 3792

DD  step 13999 load imb.: force 38.6%

step 14000 Turning on dynamic load balancing, because the performance loss due to load imbalance is 6.0 %.
           Step           Time
          14000      280.00000

   Energies (kJ/mol)
           Bond          Angle        LJ (SR)   Coulomb (SR)      Potential
    2.29697e+04    1.99231e+04   -1.82792e+06    0.00000e+00   -1.78502e+06
    Kinetic En.   Total Energy  Conserved En.    Temperature Pressure (bar)
    3.19893e+05   -1.46513e+06   -1.85237e+06    3.09247e+02   -1.59901e+01


DD  step 14999  vol min/aver 0.540  load imb.: force 27.6%
           Step           Time
          15000      300.00000

   Energies (kJ/mol)
           Bond          Angle        LJ (SR)   Coulomb (SR)      Potential
    2.27614e+04    1.96089e+04   -1.82204e+06    0.00000e+00   -1.77967e+06
    Kinetic En.   Total Energy  Conserved En.    Temperature Pressure (bar)
    3.20370e+05   -1.45930e+06   -1.85235e+06    3.09708e+02    1.76279e+01


DD  step 15999  vol min/aver 0.614  load imb.: force 26.4%
           Step           Time
          16000      320.00000

   Energies (kJ/mol)
           Bond          Angle        LJ (SR)   Coulomb (SR)      Potential
    2.24195e+04    2.04538e+04   -1.82826e+06    0.00000e+00   -1.78539e+06
    Kinetic En.   Total Energy  Conserved En.    Temperature Pressure (bar)
    3.21045e+05   -1.46434e+06   -1.85161e+06    3.10361e+02    1.68584e+01


DD  step 16999  vol min/aver 0.493  load imb.: force  2.1%
           Step           Time
          17000      340.00000

   Energies (kJ/mol)
           Bond          Angle        LJ (SR)   Coulomb (SR)      Potential
    2.25397e+04    2.00894e+04   -1.82718e+06    0.00000e+00   -1.78456e+06
    Kinetic En.   Total Energy  Conserved En.    Temperature Pressure (bar)
    3.21022e+05   -1.46353e+06   -1.85142e+06    3.10338e+02    9.41964e-01


DD  step 17999  vol min/aver 0.513  load imb.: force  4.8%
           Step           Time
          18000      360.00000

   Energies (kJ/mol)
           Bond          Angle        LJ (SR)   Coulomb (SR)      Potential
    2.29311e+04    2.03250e+04   -1.82579e+06    0.00000e+00   -1.78253e+06
    Kinetic En.   Total Energy  Conserved En.    Temperature Pressure (bar)
    3.21250e+05   -1.46128e+06   -1.85122e+06    3.10558e+02    1.19483e+01


DD  step 18999  vol min/aver 0.469  load imb.: force  1.7%
           Step           Time
          19000      380.00000

   Energies (kJ/mol)
           Bond          Angle        LJ (SR)   Coulomb (SR)      Potential
    2.27692e+04    1.98622e+04   -1.82641e+06    0.00000e+00   -1.78378e+06
    Kinetic En.   Total Energy  Conserved En.    Temperature Pressure (bar)
    3.20474e+05   -1.46330e+06   -1.85064e+06    3.09808e+02   -1.20118e+01


DD  step 19999  vol min/aver 0.459  load imb.: force  1.5%
           Step           Time
          20000      400.00000

   Energies (kJ/mol)
           Bond          Angle        LJ (SR)   Coulomb (SR)      Potential
    2.28751e+04    1.99012e+04   -1.82509e+06    0.00000e+00   -1.78231e+06
    Kinetic En.   Total Energy  Conserved En.    Temperature Pressure (bar)
    3.22024e+05   -1.46029e+06   -1.85045e+06    3.11306e+02    2.87168e+01


DD  step 20999  vol min/aver 0.589  load imb.: force  3.0%
           Step           Time
          21000      420.00000

   Energies (kJ/mol)
           Bond          Angle        LJ (SR)   Coulomb (SR)      Potential
    2.26082e+04    2.01883e+04   -1.82676e+06    0.00000e+00   -1.78397e+06
    Kinetic En.   Total Energy  Conserved En.    Temperature Pressure (bar)
    3.19553e+05   -1.46441e+06   -1.85003e+06    3.08917e+02   -2.92035e+00


DD  step 21999  vol min/aver 0.595  load imb.: force  3.0%
           Step           Time
          22000      440.00000

   Energies (kJ/mol)
           Bond          Angle        LJ (SR)   Coulomb (SR)      Potential
    2.29255e+04    2.04143e+04   -1.82491e+06    0.00000e+00   -1.78157e+06
    Kinetic En.   Total Energy  Conserved En.    Temperature Pressure (bar)
    3.20054e+05   -1.46152e+06   -1.84955e+06    3.09402e+02    8.70016e+00


DD  step 22999  vol min/aver 0.608  load imb.: force  2.1%
           Step           Time
          23000      460.00000

   Energies (kJ/mol)
           Bond          Angle        LJ (SR)   Coulomb (SR)      Potential
    2.28578e+04    2.00702e+04   -1.82519e+06    0.00000e+00   -1.78226e+06
    Kinetic En.   Total Energy  Conserved En.    Temperature Pressure (bar)
    3.20672e+05   -1.46159e+06   -1.84933e+06    3.10000e+02   -6.38104e+00


DD  step 23999  vol min/aver 0.597  load imb.: force  2.0%
           Step           Time
          24000      480.00000

   Energies (kJ/mol)
           Bond          Angle        LJ (SR)   Coulomb (SR)      Potential
    2.29525e+04    1.98654e+04   -1.82665e+06    0.00000e+00   -1.78383e+06
    Kinetic En.   Total Energy  Conserved En.    Temperature Pressure (bar)
    3.20652e+05   -1.46318e+06   -1.84889e+06    3.09980e+02    8.51925e-01


DD  step 24999  vol min/aver 0.602  load imb.: force  2.9%
           Step           Time
          25000      500.00000

   Energies (kJ/mol)
           Bond          Angle        LJ (SR)   Coulomb (SR)      Potential
    2.32794e+04    2.00635e+04   -1.82632e+06    0.00000e+00   -1.78298e+06
    Kinetic En.   Total Energy  Conserved En.    Temperature Pressure (bar)
    3.17810e+05   -1.46517e+06   -1.84859e+06    3.07233e+02   -3.24339e+00


step 25200 Turning off dynamic load balancing, because it is degrading performance.
Atom distribution over 24 domains: av 3455 stddev 153 min 3223 max 3775

DD  step 25999 load imb.: force 37.6%
           Step           Time
          26000      520.00000

   Energies (kJ/mol)
           Bond          Angle        LJ (SR)   Coulomb (SR)      Potential
    2.26133e+04    2.02711e+04   -1.82429e+06    0.00000e+00   -1.78140e+06
    Kinetic En.   Total Energy  Conserved En.    Temperature Pressure (bar)
    3.20249e+05   -1.46115e+06   -1.84834e+06    3.09591e+02   -2.26928e-01


DD  step 26999 load imb.: force 34.3%
           Step           Time
          27000      540.00000

   Energies (kJ/mol)
           Bond          Angle        LJ (SR)   Coulomb (SR)      Potential
    2.27245e+04    2.00373e+04   -1.82546e+06    0.00000e+00   -1.78270e+06
    Kinetic En.   Total Energy  Conserved En.    Temperature Pressure (bar)
    3.19677e+05   -1.46302e+06   -1.84795e+06    3.09038e+02    3.59696e+00


DD  step 27999 load imb.: force 37.0%

step 28000 Turning on dynamic load balancing, because the performance loss due to load imbalance is 5.4 %.
           Step           Time
          28000      560.00000

   Energies (kJ/mol)
           Bond          Angle        LJ (SR)   Coulomb (SR)      Potential
    2.27614e+04    1.99615e+04   -1.82464e+06    0.00000e+00   -1.78192e+06
    Kinetic En.   Total Energy  Conserved En.    Temperature Pressure (bar)
    3.22142e+05   -1.45978e+06   -1.84783e+06    3.11420e+02    3.03449e+00


DD  step 28999  vol min/aver 0.606  load imb.: force  1.0%
           Step           Time
          29000      580.00000

   Energies (kJ/mol)
           Bond          Angle        LJ (SR)   Coulomb (SR)      Potential
    2.29492e+04    1.99460e+04   -1.82492e+06    0.00000e+00   -1.78203e+06
    Kinetic En.   Total Energy  Conserved En.    Temperature Pressure (bar)
    3.20180e+05   -1.46185e+06   -1.84726e+06    3.09524e+02    1.33930e+01


DD  step 29999  vol min/aver 0.586  load imb.: force  1.6%
           Step           Time
          30000      600.00000

   Energies (kJ/mol)
           Bond          Angle        LJ (SR)   Coulomb (SR)      Potential
    2.31682e+04    2.00265e+04   -1.82664e+06    0.00000e+00   -1.78345e+06
    Kinetic En.   Total Energy  Conserved En.    Temperature Pressure (bar)
    3.20589e+05   -1.46286e+06   -1.84666e+06    3.09919e+02   -1.35656e+01


DD  step 30999  vol min/aver 0.619  load imb.: force  1.8%
           Step           Time
          31000      620.00000

   Energies (kJ/mol)
           Bond          Angle        LJ (SR)   Coulomb (SR)      Potential
    2.28067e+04    1.96711e+04   -1.82509e+06    0.00000e+00   -1.78261e+06
    Kinetic En.   Total Energy  Conserved En.    Temperature Pressure (bar)
    3.19982e+05   -1.46263e+06   -1.84640e+06    3.09332e+02    2.07860e+01


DD  step 31999  vol min/aver 0.605  load imb.: force  1.8%
           Step           Time
          32000      640.00000

   Energies (kJ/mol)
           Bond          Angle        LJ (SR)   Coulomb (SR)      Potential
    2.28247e+04    2.00095e+04   -1.82542e+06    0.00000e+00   -1.78259e+06
    Kinetic En.   Total Energy  Conserved En.    Temperature Pressure (bar)
    3.20930e+05   -1.46166e+06   -1.84619e+06    3.10249e+02   -1.82418e+01


DD  step 32999  vol min/aver 0.614  load imb.: force  2.7%
           Step           Time
          33000      660.00000

   Energies (kJ/mol)
           Bond          Angle        LJ (SR)   Coulomb (SR)      Potential
    2.31306e+04    1.97898e+04   -1.82510e+06    0.00000e+00   -1.78218e+06
    Kinetic En.   Total Energy  Conserved En.    Temperature Pressure (bar)
    3.22359e+05   -1.45982e+06   -1.84543e+06    3.11631e+02    2.31633e+01


DD  step 33999  vol min/aver 0.633  load imb.: force  2.1%
           Step           Time
          34000      680.00000

   Energies (kJ/mol)
           Bond          Angle        LJ (SR)   Coulomb (SR)      Potential
    2.28845e+04    2.03367e+04   -1.82399e+06    0.00000e+00   -1.78077e+06
    Kinetic En.   Total Energy  Conserved En.    Temperature Pressure (bar)
    3.20476e+05   -1.46029e+06   -1.84546e+06    3.09810e+02    4.78803e+00


DD  step 34999  vol min/aver 0.639  load imb.: force  2.8%
           Step           Time
          35000      700.00000

   Energies (kJ/mol)
           Bond          Angle        LJ (SR)   Coulomb (SR)      Potential
    2.29530e+04    1.99834e+04   -1.82528e+06    0.00000e+00   -1.78234e+06
    Kinetic En.   Total Energy  Conserved En.    Temperature Pressure (bar)
    3.21954e+05   -1.46039e+06   -1.84504e+06    3.11239e+02    1.17612e+01


DD  step 35999  vol min/aver 0.610  load imb.: force  1.4%
           Step           Time
          36000      720.00000

   Energies (kJ/mol)
           Bond          Angle        LJ (SR)   Coulomb (SR)      Potential
    2.26853e+04    1.99641e+04   -1.82633e+06    0.00000e+00   -1.78368e+06
    Kinetic En.   Total Energy  Conserved En.    Temperature Pressure (bar)
    3.21256e+05   -1.46242e+06   -1.84468e+06    3.10564e+02    3.53023e+00


DD  step 36999  vol min/aver 0.586  load imb.: force  1.9%
           Step           Time
          37000      740.00000

   Energies (kJ/mol)
           Bond          Angle        LJ (SR)   Coulomb (SR)      Potential
    2.32572e+04    1.95843e+04   -1.82397e+06    0.00000e+00   -1.78113e+06
    Kinetic En.   Total Energy  Conserved En.    Temperature Pressure (bar)
    3.21277e+05   -1.45985e+06   -1.84444e+06    3.10584e+02    1.38169e+00


DD  step 37999  vol min/aver 0.631  load imb.: force  2.1%
           Step           Time
          38000      760.00000

   Energies (kJ/mol)
           Bond          Angle        LJ (SR)   Coulomb (SR)      Potential
    2.24795e+04    1.95512e+04   -1.82336e+06    0.00000e+00   -1.78133e+06
    Kinetic En.   Total Energy  Conserved En.    Temperature Pressure (bar)
    3.20844e+05   -1.46048e+06   -1.84410e+06    3.10166e+02   -2.11860e+00


DD  step 38999  vol min/aver 0.635  load imb.: force 12.6%
           Step           Time
          39000      780.00000

   Energies (kJ/mol)
           Bond          Angle        LJ (SR)   Coulomb (SR)      Potential
    2.29631e+04    2.00650e+04   -1.82456e+06    0.00000e+00   -1.78153e+06
    Kinetic En.   Total Energy  Conserved En.    Temperature Pressure (bar)
    3.20208e+05   -1.46132e+06   -1.84403e+06    3.09551e+02   -3.66750e+01


DD  step 39999  vol min/aver 0.602  load imb.: force  1.6%
           Step           Time
          40000      800.00000

   Energies (kJ/mol)
           Bond          Angle        LJ (SR)   Coulomb (SR)      Potential
    2.33649e+04    1.99057e+04   -1.82639e+06    0.00000e+00   -1.78312e+06
    Kinetic En.   Total Energy  Conserved En.    Temperature Pressure (bar)
    3.22227e+05   -1.46089e+06   -1.84325e+06    3.11503e+02    6.28624e+00


DD  step 40999  vol min/aver 0.644  load imb.: force  8.2%
           Step           Time
          41000      820.00000

   Energies (kJ/mol)
           Bond          Angle        LJ (SR)   Coulomb (SR)      Potential
    2.27583e+04    1.97799e+04   -1.82442e+06    0.00000e+00   -1.78188e+06
    Kinetic En.   Total Energy  Conserved En.    Temperature Pressure (bar)
    3.20726e+05   -1.46115e+06   -1.84333e+06    3.10051e+02   -7.12193e+00


DD  step 41999  vol min/aver 0.618  load imb.: force  6.4%
           Step           Time
          42000      840.00000

   Energies (kJ/mol)
           Bond          Angle        LJ (SR)   Coulomb (SR)      Potential
    2.28970e+04    1.97889e+04   -1.82591e+06    0.00000e+00   -1.78322e+06
    Kinetic En.   Total Energy  Conserved En.    Temperature Pressure (bar)
    3.21535e+05   -1.46169e+06   -1.84242e+06    3.10834e+02    2.50539e+01


DD  step 42999  vol min/aver 0.615  load imb.: force  1.2%
           Step           Time
          43000      860.00000

   Energies (kJ/mol)
           Bond          Angle        LJ (SR)   Coulomb (SR)      Potential
    2.28762e+04    1.97632e+04   -1.82458e+06    0.00000e+00   -1.78194e+06
    Kinetic En.   Total Energy  Conserved En.    Temperature Pressure (bar)
    3.20191e+05   -1.46175e+06   -1.84271e+06    3.09534e+02   -6.26581e+00


DD  step 43999  vol min/aver 0.604  load imb.: force  1.3%
           Step           Time
          44000      880.00000

   Energies (kJ/mol)
           Bond          Angle        LJ (SR)   Coulomb (SR)      Potential
    2.27923e+04    1.95884e+04   -1.82372e+06    0.00000e+00   -1.78134e+06
    Kinetic En.   Total Energy  Conserved En.    Temperature Pressure (bar)
    3.20074e+05   -1.46126e+06   -1.84224e+06    3.09421e+02    1.75166e+01


DD  step 44999  vol min/aver 0.581  load imb.: force  1.1%
           Step           Time
          45000      900.00000

   Energies (kJ/mol)
           Bond          Angle        LJ (SR)   Coulomb (SR)      Potential
    2.32988e+04    1.96943e+04   -1.82598e+06    0.00000e+00   -1.78299e+06
    Kinetic En.   Total Energy  Conserved En.    Temperature Pressure (bar)
    3.21333e+05   -1.46165e+06   -1.84154e+06    3.10639e+02    3.08333e+01


DD  step 45999  vol min/aver 0.576  load imb.: force  2.1%
           Step           Time
          46000      920.00000

   Energies (kJ/mol)
           Bond          Angle        LJ (SR)   Coulomb (SR)      Potential
    2.27747e+04    1.99608e+04   -1.82808e+06    0.00000e+00   -1.78535e+06
    Kinetic En.   Total Energy  Conserved En.    Temperature Pressure (bar)
    3.21663e+05   -1.46369e+06   -1.84121e+06    3.10958e+02   -1.66358e+01


DD  step 46999  vol min/aver 0.514  load imb.: force 38.6%
           Step           Time
          47000      940.00000

   Energies (kJ/mol)
           Bond          Angle        LJ (SR)   Coulomb (SR)      Potential
    2.28121e+04    1.96566e+04   -1.82776e+06    0.00000e+00   -1.78529e+06
    Kinetic En.   Total Energy  Conserved En.    Temperature Pressure (bar)
    3.21096e+05   -1.46419e+06   -1.84072e+06    3.10409e+02    3.45177e+01


step 47200 Turning off dynamic load balancing, because it is degrading performance.
Atom distribution over 24 domains: av 3455 stddev 159 min 3208 max 3794

DD  step 47999 load imb.: force 47.0%

step 48000 Turning on dynamic load balancing, because the performance loss due to load imbalance is 4.6 %.
           Step           Time
          48000      960.00000

   Energies (kJ/mol)
           Bond          Angle        LJ (SR)   Coulomb (SR)      Potential
    2.27709e+04    2.03808e+04   -1.82771e+06    0.00000e+00   -1.78456e+06
    Kinetic En.   Total Energy  Conserved En.    Temperature Pressure (bar)
    3.21171e+05   -1.46338e+06   -1.84039e+06    3.10482e+02   -2.86643e-03


DD  step 48999  vol min/aver 0.552  load imb.: force  2.9%
           Step           Time
          49000      980.00000

   Energies (kJ/mol)
           Bond          Angle        LJ (SR)   Coulomb (SR)      Potential
    2.28852e+04    2.04970e+04   -1.82422e+06    0.00000e+00   -1.78084e+06
    Kinetic En.   Total Energy  Conserved En.    Temperature Pressure (bar)
    3.21556e+05   -1.45928e+06   -1.84033e+06    3.10854e+02    1.19436e+01


DD  step 49999  vol min/aver 0.537  load imb.: force  6.9%
           Step           Time
          50000     1000.00000

Writing checkpoint, step 50000 at Mon Feb 23 16:12:56 2026


   Energies (kJ/mol)
           Bond          Angle        LJ (SR)   Coulomb (SR)      Potential
    2.25246e+04    1.94972e+04   -1.82618e+06    0.00000e+00   -1.78416e+06
    Kinetic En.   Total Energy  Conserved En.    Temperature Pressure (bar)
    3.21199e+05   -1.46296e+06   -1.83995e+06    3.10509e+02   -4.65148e+00


Energy conservation over simulation part #1 of length 1000 ps, time 0 to 1000 ps
  Conserved energy drift: -1.11e-04 kJ/mol/ps per atom


	<======  ###############  ==>
	<====  A V E R A G E S  ====>
	<==  ###############  ======>

	Statistics over 50001 steps using 501 frames

   Energies (kJ/mol)
           Bond          Angle        LJ (SR)   Coulomb (SR)      Potential
    2.29312e+04    2.01257e+04   -1.82719e+06    0.00000e+00   -1.78414e+06
    Kinetic En.   Total Energy  Conserved En.    Temperature Pressure (bar)
    3.20372e+05   -1.46377e+06   -1.84857e+06    3.09709e+02   -1.55947e+00

          Box-X          Box-Y          Box-Z
    2.04704e+01    2.04704e+01    2.05402e+01

   Total Virial (kJ/mol)
    1.07301e+05   -1.29503e+01   -4.28346e+01
   -1.29406e+01    1.06759e+05    2.13359e+02
   -4.28260e+01    2.13357e+02    1.07374e+05

   Pressure (bar)
   -2.17718e+00   -8.34390e-02    8.72965e-02
   -8.34766e-02   -1.58630e-01   -9.14012e-01
    8.72632e-02   -9.14006e-01   -2.34259e+00


	M E G A - F L O P S   A C C O U N T I N G

 NB=Group-cutoff nonbonded kernels    NxN=N-by-N cluster Verlet kernels
 RF=Reaction-Field  VdW=Van der Waals  QSTab=quadratic-spline table
 W3=SPC/TIP3p  W4=TIP4p (single or pairs)
 V&F=Potential and force  V=Potential only  F=Force only

 Computing:                               M-Number         M-Flops  % Flops
-----------------------------------------------------------------------------
 Pair Search distance check           34127.210296      307144.893     1.4
 NxN LJ [F]                          628484.982848    20740004.434    96.3
 NxN LJ [V&F]                          6360.942272      273520.518     1.3
 Reset In Box                           207.025728         621.077     0.0
 CG-CoM                                 207.523386         622.570     0.0
 Bonds                                  870.017400       51331.027     0.2
 Angles                                 745.014900      125162.503     0.6
 Virial                                 420.199023        7563.582     0.0
 Stop-CM                                 41.637386         416.374     0.0
 P-Coupling                             414.797943        2488.788     0.0
 Calc-Ekin                              829.595886       22399.089     0.1
-----------------------------------------------------------------------------
 Total                                                21531274.854   100.0
-----------------------------------------------------------------------------


    D O M A I N   D E C O M P O S I T I O N   S T A T I S T I C S

 av. #atoms communicated per step for force:  2 x 68824.5


Dynamic load balancing report:
 DLB was turned on during the run due to measured imbalance.
 Average load imbalance: 7.1%.
 The balanceable part of the MD step is 64%, load imbalance is computed from this.
 Part of the total run time spent waiting due to load imbalance: 4.5%.
 Steps where the load balancing was limited by -rdd, -rcon and/or -dds: X 0 % Y 0 % Z 0 %


      R E A L   C Y C L E   A N D   T I M E   A C C O U N T I N G

On 24 MPI ranks

 Activity:              Num   Num      Call    Wall time         Giga-Cycles
                        Ranks Threads  Count      (s)         total sum    %
--------------------------------------------------------------------------------
 Domain decomp.           24    1       2501       2.926        169.894   4.7
 DD comm. load            24    1       2149       0.034          1.983   0.1
 DD comm. bounds          24    1       2139       0.120          6.981   0.2
 Neighbor search          24    1       2501       6.915        401.514  11.2
 Comm. coord.             24    1      47500       2.852        165.561   4.6
 Force                    24    1      50001      35.262       2047.318  57.0
 Wait + Comm. F           24    1      50001       9.352        543.004  15.1
 NB X/F buffer ops.       24    1     147502       1.655         96.109   2.7
 Write traj.              24    1         51       0.043          2.492   0.1
 Update                   24    1      50001       0.676         39.270   1.1
 Kinetic energy           24    1      10001       0.284         16.479   0.5
 Comm. energies           24    1       5001       1.357         78.789   2.2
 Rest                                              0.410         23.802   0.7
--------------------------------------------------------------------------------
 Total                                            61.887       3593.198 100.0
--------------------------------------------------------------------------------

NOTE: 5 % of the run time was spent in domain decomposition,
      11 % of the run time was spent in pair search,
      you might want to increase nstlist (this has no effect on accuracy)

               Core t (s)   Wall t (s)        (%)
       Time:     1485.283       61.887     2400.0
                 (ns/day)    (hour/ns)
Performance:     1396.123        0.017
Finished mdrun on rank 0 Mon Feb 23 16:12:56 2026

