                      :-) GROMACS - gmx mdrun, 2022.2 (-:

Copyright 1991-2022 The GROMACS Authors.
GROMACS is free software; you can redistribute it and/or modify it
under the terms of the GNU Lesser General Public License
as published by the Free Software Foundation; either version 2.1
of the License, or (at your option) any later version.

                         Current GROMACS contributors:
       Mark Abraham           Andrey Alekseenko           Cathrine Bergh      
      Christian Blau            Eliane Briand               Kevin Boyd        
     Oliver Fleetwood         Stefan Fleischmann           Vytas Gapsys       
       Gaurav Garg           Gilles Gouaillardet            Alan Gray         
      Victor Holanda           M. Eric Irrgang              Joe Jordan        
    Christoph Junghans        Prashanth Kanduri           Sebastian Kehl      
     Sebastian Keller          Carsten Kutzner           Magnus Lundborg      
       Pascal Merz              Dmitry Morozov             Szilard Pall       
      Roland Schulz             Michael Shirts         David van der Spoel    
     Alessandra Villa      Sebastian Wingbermuehle        Artem Zhmurov       

                         Previous GROMACS contributors:
        Emile Apol             Rossen Apostolov           James Barnett       
  Herman J.C. Berendsen          Par Bjelkmar           Viacheslav Bolnykh    
    Aldert van Buuren          Carlo Camilloni           Rudi van Drunen      
      Anton Feenstra           Gerrit Groenhof            Bert de Groot       
      Anca Hamuraru           Vincent Hindriksen         Aleksei Iupinov      
   Dimitrios Karkoulis           Peter Kasson               Jiri Kraus        
       Per Larsson             Justin A. Lemkul           Viveca Lindahl      
      Erik Marklund           Pieter Meulenhoff           Vedran Miletic      
      Teemu Murtola              Sander Pronk            Alexey Shvetsov      
      Alfons Sijbers            Peter Tieleman             Jon Vincent        
     Teemu Virolainen         Christian Wennberg           Maarten Wolf       

                  Coordinated by the GROMACS project leaders:
                    Paul Bauer, Berk Hess, and Erik Lindahl

GROMACS:      gmx mdrun, version 2022.2
Executable:   /opt/gromacs-2022.2/bin/gmx_mpi
Data prefix:  /opt/gromacs-2022.2
Working dir:  /home/dkjena/MD/PEG8PLA8
Process ID:   3913994
Command line:
  gmx_mpi mdrun -v -deffnm em_vac_10_PEG8PLA8

GROMACS version:    2022.2
Precision:          mixed
Memory model:       64 bit
MPI library:        MPI
OpenMP support:     enabled (GMX_OPENMP_MAX_THREADS = 128)
GPU support:        CUDA
SIMD instructions:  AVX_512
CPU FFT library:    fftw-3.3.8-sse2-avx-avx2-avx2_128-avx512
GPU FFT library:    cuFFT
RDTSCP usage:       enabled
TNG support:        enabled
Hwloc support:      disabled
Tracing support:    disabled
C compiler:         /opt/ohpc/pub/mpi/openmpi4-gnu12/4.1.6/bin/mpicc GNU 12.3.0
C compiler flags:   -mavx512f -mfma -mavx512vl -mavx512dq -mavx512bw -Wno-missing-field-initializers -fexcess-precision=fast -funroll-all-loops -O3 -DNDEBUG
C++ compiler:       /opt/ohpc/pub/mpi/openmpi4-gnu12/4.1.6/bin/mpicxx GNU 12.3.0
C++ compiler flags: -mavx512f -mfma -mavx512vl -mavx512dq -mavx512bw -Wno-missing-field-initializers -fexcess-precision=fast -funroll-all-loops -fopenmp -O3 -DNDEBUG
CUDA compiler:      /opt/ohpc/pub/apps/cuda/12.3/bin/nvcc nvcc: NVIDIA (R) Cuda compiler driver;Copyright (c) 2005-2023 NVIDIA Corporation;Built on Fri_Nov__3_17:16:49_PDT_2023;Cuda compilation tools, release 12.3, V12.3.103;Build cuda_12.3.r12.3/compiler.33492891_0
CUDA compiler flags:-std=c++17;-gencode;arch=compute_50,code=sm_50;-gencode;arch=compute_52,code=sm_52;-gencode;arch=compute_60,code=sm_60;-gencode;arch=compute_61,code=sm_61;-gencode;arch=compute_70,code=sm_70;-gencode;arch=compute_75,code=sm_75;-gencode;arch=compute_80,code=sm_80;-Wno-deprecated-gpu-targets;-gencode;arch=compute_53,code=sm_53;-gencode;arch=compute_80,code=sm_80;-use_fast_math;-D_FORCE_INLINES;-mavx512f -mfma -mavx512vl -mavx512dq -mavx512bw -Wno-missing-field-initializers -fexcess-precision=fast -funroll-all-loops -fopenmp -O3 -DNDEBUG
CUDA driver:        12.30
CUDA runtime:       12.30


Running on 1 node with total 56 cores, 112 processing units (GPU detection failed)
Hardware detected on host uuhpchn.uu.local (the node of MPI rank 0):
  CPU info:
    Vendor: Intel
    Brand:  Intel(R) Xeon(R) Gold 6330 CPU @ 2.00GHz
    Family: 6   Model: 106   Stepping: 6
    Features: aes apic avx avx2 avx512f avx512cd avx512bw avx512vl avx512secondFMA clfsh cmov cx8 cx16 f16c fma htt intel lahf mmx msr nonstop_tsc pcid pclmuldq pdcm pdpe1gb popcnt pse rdrnd rdtscp sha sse2 sse3 sse4.1 sse4.2 ssse3 tdt x2apic
    Number of AVX-512 FMA units: 2
  Hardware topology: Basic
    Packages, cores, and logical processors:
    [indices refer to OS logical processors]
      Package  0: [   0  56] [   2  58] [   4  60] [   6  62] [   8  64] [  10  66] [  12  68] [  14  70] [  16  72] [  18  74] [  20  76] [  22  78] [  24  80] [  26  82] [  28  84] [  30  86] [  32  88] [  34  90] [  36  92] [  38  94] [  40  96] [  42  98] [  44 100] [  46 102] [  48 104] [  50 106] [  52 108] [  54 110]
      Package  1: [   1  57] [   3  59] [   5  61] [   7  63] [   9  65] [  11  67] [  13  69] [  15  71] [  17  73] [  19  75] [  21  77] [  23  79] [  25  81] [  27  83] [  29  85] [  31  87] [  33  89] [  35  91] [  37  93] [  39  95] [  41  97] [  43  99] [  45 101] [  47 103] [  49 105] [  51 107] [  53 109] [  55 111]
    CPU limit set by OS: -1   Recommended max number of threads: 112


++++ PLEASE READ AND CITE THE FOLLOWING REFERENCE ++++
M. J. Abraham, T. Murtola, R. Schulz, S. Páll, J. C. Smith, B. Hess, E.
Lindahl
GROMACS: High performance molecular simulations through multi-level
parallelism from laptops to supercomputers
SoftwareX 1 (2015) pp. 19-25
-------- -------- --- Thank You --- -------- --------


++++ PLEASE READ AND CITE THE FOLLOWING REFERENCE ++++
S. Páll, M. J. Abraham, C. Kutzner, B. Hess, E. Lindahl
Tackling Exascale Software Challenges in Molecular Dynamics Simulations with
GROMACS
In S. Markidis & E. Laure (Eds.), Solving Software Challenges for Exascale 8759 (2015) pp. 3-27
-------- -------- --- Thank You --- -------- --------


++++ PLEASE READ AND CITE THE FOLLOWING REFERENCE ++++
S. Pronk, S. Páll, R. Schulz, P. Larsson, P. Bjelkmar, R. Apostolov, M. R.
Shirts, J. C. Smith, P. M. Kasson, D. van der Spoel, B. Hess, and E. Lindahl
GROMACS 4.5: a high-throughput and highly parallel open source molecular
simulation toolkit
Bioinformatics 29 (2013) pp. 845-54
-------- -------- --- Thank You --- -------- --------


++++ PLEASE READ AND CITE THE FOLLOWING REFERENCE ++++
B. Hess and C. Kutzner and D. van der Spoel and E. Lindahl
GROMACS 4: Algorithms for highly efficient, load-balanced, and scalable
molecular simulation
J. Chem. Theory Comput. 4 (2008) pp. 435-447
-------- -------- --- Thank You --- -------- --------


++++ PLEASE READ AND CITE THE FOLLOWING REFERENCE ++++
D. van der Spoel, E. Lindahl, B. Hess, G. Groenhof, A. E. Mark and H. J. C.
Berendsen
GROMACS: Fast, Flexible and Free
J. Comp. Chem. 26 (2005) pp. 1701-1719
-------- -------- --- Thank You --- -------- --------


++++ PLEASE READ AND CITE THE FOLLOWING REFERENCE ++++
E. Lindahl and B. Hess and D. van der Spoel
GROMACS 3.0: A package for molecular simulation and trajectory analysis
J. Mol. Mod. 7 (2001) pp. 306-317
-------- -------- --- Thank You --- -------- --------


++++ PLEASE READ AND CITE THE FOLLOWING REFERENCE ++++
H. J. C. Berendsen, D. van der Spoel and R. van Drunen
GROMACS: A message-passing parallel molecular dynamics implementation
Comp. Phys. Comm. 91 (1995) pp. 43-56
-------- -------- --- Thank You --- -------- --------


++++ PLEASE CITE THE DOI FOR THIS VERSION OF GROMACS ++++
https://doi.org/10.5281/zenodo.6637571
-------- -------- --- Thank You --- -------- --------

Input Parameters:
   integrator                     = steep
   tinit                          = 0
   dt                             = 0.001
   nsteps                         = 5000
   init-step                      = 0
   simulation-part                = 1
   mts                            = false
   comm-mode                      = Linear
   nstcomm                        = 100
   bd-fric                        = 0
   ld-seed                        = -541869026
   emtol                          = 100
   emstep                         = 0.01
   niter                          = 20
   fcstep                         = 0
   nstcgsteep                     = 1000
   nbfgscorr                      = 10
   rtpi                           = 0.05
   nstxout                        = 0
   nstvout                        = 0
   nstfout                        = 0
   nstlog                         = 1000
   nstcalcenergy                  = 100
   nstenergy                      = 1000
   nstxout-compressed             = 0
   compressed-x-precision         = 1000
   cutoff-scheme                  = Verlet
   nstlist                        = 10
   pbc                            = xyz
   periodic-molecules             = false
   verlet-buffer-tolerance        = 0.005
   rlist                          = 4.2
   coulombtype                    = Cut-off
   coulomb-modifier               = Potential-shift
   rcoulomb-switch                = 0
   rcoulomb                       = 4
   epsilon-r                      = 1
   epsilon-rf                     = inf
   vdw-type                       = Cut-off
   vdw-modifier                   = Potential-shift
   rvdw-switch                    = 0
   rvdw                           = 4
   DispCorr                       = No
   table-extension                = 1
   fourierspacing                 = 0.12
   fourier-nx                     = 0
   fourier-ny                     = 0
   fourier-nz                     = 0
   pme-order                      = 4
   ewald-rtol                     = 1e-05
   ewald-rtol-lj                  = 0.001
   lj-pme-comb-rule               = Geometric
   ewald-geometry                 = 3d
   epsilon-surface                = 0
   tcoupl                         = No
   nsttcouple                     = -1
   nh-chain-length                = 0
   print-nose-hoover-chain-variables = false
   pcoupl                         = No
   pcoupltype                     = Isotropic
   nstpcouple                     = -1
   tau-p                          = 1
   compressibility (3x3):
      compressibility[    0]={ 0.00000e+00,  0.00000e+00,  0.00000e+00}
      compressibility[    1]={ 0.00000e+00,  0.00000e+00,  0.00000e+00}
      compressibility[    2]={ 0.00000e+00,  0.00000e+00,  0.00000e+00}
   ref-p (3x3):
      ref-p[    0]={ 0.00000e+00,  0.00000e+00,  0.00000e+00}
      ref-p[    1]={ 0.00000e+00,  0.00000e+00,  0.00000e+00}
      ref-p[    2]={ 0.00000e+00,  0.00000e+00,  0.00000e+00}
   refcoord-scaling               = No
   posres-com (3):
      posres-com[0]= 0.00000e+00
      posres-com[1]= 0.00000e+00
      posres-com[2]= 0.00000e+00
   posres-comB (3):
      posres-comB[0]= 0.00000e+00
      posres-comB[1]= 0.00000e+00
      posres-comB[2]= 0.00000e+00
   QMMM                           = false
qm-opts:
   ngQM                           = 0
   constraint-algorithm           = Lincs
   continuation                   = false
   Shake-SOR                      = false
   shake-tol                      = 0.0001
   lincs-order                    = 4
   lincs-iter                     = 1
   lincs-warnangle                = 30
   nwall                          = 0
   wall-type                      = 9-3
   wall-r-linpot                  = -1
   wall-atomtype[0]               = -1
   wall-atomtype[1]               = -1
   wall-density[0]                = 0
   wall-density[1]                = 0
   wall-ewald-zfac                = 3
   pull                           = false
   awh                            = false
   rotation                       = false
   interactiveMD                  = false
   disre                          = No
   disre-weighting                = Conservative
   disre-mixed                    = false
   dr-fc                          = 1000
   dr-tau                         = 0
   nstdisreout                    = 100
   orire-fc                       = 0
   orire-tau                      = 0
   nstorireout                    = 100
   free-energy                    = no
   cos-acceleration               = 0
   deform (3x3):
      deform[    0]={ 0.00000e+00,  0.00000e+00,  0.00000e+00}
      deform[    1]={ 0.00000e+00,  0.00000e+00,  0.00000e+00}
      deform[    2]={ 0.00000e+00,  0.00000e+00,  0.00000e+00}
   simulated-tempering            = false
   swapcoords                     = no
   userint1                       = 0
   userint2                       = 0
   userint3                       = 0
   userint4                       = 0
   userreal1                      = 0
   userreal2                      = 0
   userreal3                      = 0
   userreal4                      = 0
   applied-forces:
     electric-field:
       x:
         E0                       = 0
         omega                    = 0
         t0                       = 0
         sigma                    = 0
       y:
         E0                       = 0
         omega                    = 0
         t0                       = 0
         sigma                    = 0
       z:
         E0                       = 0
         omega                    = 0
         t0                       = 0
         sigma                    = 0
     density-guided-simulation:
       active                     = false
       group                      = protein
       similarity-measure         = inner-product
       atom-spreading-weight      = unity
       force-constant             = 1e+09
       gaussian-transform-spreading-width = 0.2
       gaussian-transform-spreading-range-in-multiples-of-width = 4
       reference-density-filename = reference.mrc
       nst                        = 1
       normalize-densities        = true
       adaptive-force-scaling     = false
       adaptive-force-scaling-time-constant = 4
       shift-vector               = 
       transformation-matrix      = 
     qmmm-cp2k:
       active                     = false
       qmgroup                    = System
       qmmethod                   = PBE
       qmfilenames                = 
       qmcharge                   = 0
       qmmultiplicity             = 1
grpopts:
   nrdf:        3897
   ref-t:           0
   tau-t:           0
annealing:          No
annealing-npoints:           0
   acc:	           0           0           0
   nfreeze:           N           N           N
   energygrp-flags[  0]: 0

When checking whether update groups are usable:
  Domain decomposition is not active, so there is no need for update groups
  No constraints or virtual sites are in use, so it is best not to use update groups
Using 1 MPI process
Using 112 OpenMP threads 

Pinning threads with an auto-selected logical cpu stride of 1
System total charge: 0.000
Potential shift: LJ r^-12: -5.960e-08 r^-6: -2.441e-04, Coulomb -2e-01
Generated table with 2600 data points for 1-4 COUL.
Tabscale = 500 points/nm
Generated table with 2600 data points for 1-4 LJ6.
Tabscale = 500 points/nm
Generated table with 2600 data points for 1-4 LJ12.
Tabscale = 500 points/nm


Using SIMD 4x8 nonbonded short-range kernels

Using a 4x8 pair-list setup:
  updated every 10 steps, buffer 0.200 nm, rlist 4.200 nm

Using Lorentz-Berthelot Lennard-Jones combination rule
Removing pbc first time

Note that activating steepest-descent energy minimization via the integrator .mdp option and the command gmx mdrun may be available in a different form in a future version of GROMACS, e.g. gmx minimize and an .mdp option.
Initiating Steepest Descents
Started Steepest Descents on rank 0 Sat Dec 13 16:09:14 2025


Steepest Descents:
   Tolerance (Fmax)   =  1.00000e+02
   Number of steps    =         5000
           Step           Time
              0        0.00000

   Energies (kJ/mol)
           Bond          Angle    Proper Dih.Periodic Improper Dih.          LJ-14
    1.46956e+02    8.94284e+02    2.11544e+03    2.10779e+00    1.20685e+03
     Coulomb-14        LJ (SR)   Coulomb (SR)      Potential Pressure (bar)
    2.57167e+04   -3.66898e+02   -1.95656e+04    1.01499e+04    2.29399e+02

           Step           Time
              1        1.00000

           Step           Time
              2        2.00000

   Energies (kJ/mol)
           Bond          Angle    Proper Dih.Periodic Improper Dih.          LJ-14
    4.74260e+02    6.36047e+02    2.10358e+03    4.29375e+00    1.11795e+03
     Coulomb-14        LJ (SR)   Coulomb (SR)      Potential Pressure (bar)
    2.56890e+04   -3.82805e+02   -1.95601e+04    1.00822e+04    2.34201e+02

           Step           Time
              3        3.00000

   Energies (kJ/mol)
           Bond          Angle    Proper Dih.Periodic Improper Dih.          LJ-14
    2.73952e+02    6.88711e+02    2.10242e+03    5.50202e+00    1.13043e+03
     Coulomb-14        LJ (SR)   Coulomb (SR)      Potential Pressure (bar)
    2.56725e+04   -3.91101e+02   -1.95333e+04    9.94906e+03    1.97604e+02

           Step           Time
              4        4.00000

           Step           Time
              5        5.00000

   Energies (kJ/mol)
           Bond          Angle    Proper Dih.Periodic Improper Dih.          LJ-14
    5.20702e+01    6.20641e+02    2.09871e+03    5.83811e+00    1.10914e+03
     Coulomb-14        LJ (SR)   Coulomb (SR)      Potential Pressure (bar)
    2.56650e+04   -3.98613e+02   -1.95291e+04    9.62371e+03    1.90666e+02

           Step           Time
              6        6.00000

           Step           Time
              7        7.00000

   Energies (kJ/mol)
           Bond          Angle    Proper Dih.Periodic Improper Dih.          LJ-14
    1.06796e+02    5.79910e+02    2.08894e+03    7.84982e+00    1.07483e+03
     Coulomb-14        LJ (SR)   Coulomb (SR)      Potential Pressure (bar)
    2.56375e+04   -4.13330e+02   -1.95031e+04    9.57941e+03    1.70640e+02

           Step           Time
              8        8.00000

   Energies (kJ/mol)
           Bond          Angle    Proper Dih.Periodic Improper Dih.          LJ-14
    9.41599e+01    5.91923e+02    2.08761e+03    8.43904e+00    1.05866e+03
     Coulomb-14        LJ (SR)   Coulomb (SR)      Potential Pressure (bar)
    2.56218e+04   -4.25378e+02   -1.94905e+04    9.54672e+03    1.48320e+02

           Step           Time
              9        9.00000

   Energies (kJ/mol)
           Bond          Angle    Proper Dih.Periodic Improper Dih.          LJ-14
    9.23502e+01    5.83788e+02    2.08423e+03    8.83974e+00    1.05606e+03
     Coulomb-14        LJ (SR)   Coulomb (SR)      Potential Pressure (bar)
    2.56150e+04   -4.27105e+02   -1.94806e+04    9.53254e+03    1.54005e+02

           Step           Time
             10       10.00000

           Step           Time
             11       11.00000

   Energies (kJ/mol)
           Bond          Angle    Proper Dih.Periodic Improper Dih.          LJ-14
    6.09777e+01    5.77662e+02    2.08335e+03    9.03366e+00    1.04511e+03
     Coulomb-14        LJ (SR)   Coulomb (SR)      Potential Pressure (bar)
    2.56072e+04   -4.33008e+02   -1.94759e+04    9.47447e+03    1.43507e+02

           Step           Time
             12       12.00000

   Energies (kJ/mol)
           Bond          Angle    Proper Dih.Periodic Improper Dih.          LJ-14
    9.32586e+01    5.79992e+02    2.07721e+03    9.93871e+00    1.02709e+03
     Coulomb-14        LJ (SR)   Coulomb (SR)      Potential Pressure (bar)
    2.55826e+04   -4.45053e+02   -1.94507e+04    9.47438e+03    1.35771e+02

           Step           Time
             13       13.00000

   Energies (kJ/mol)
           Bond          Angle    Proper Dih.Periodic Improper Dih.          LJ-14
    9.34173e+01    5.77151e+02    2.07648e+03    1.00621e+01    1.01277e+03
     Coulomb-14        LJ (SR)   Coulomb (SR)      Potential Pressure (bar)
    2.55740e+04   -4.52017e+02   -1.94465e+04    9.44532e+03    1.21302e+02

           Step           Time
             14       14.00000

           Step           Time
             15       15.00000

   Energies (kJ/mol)
           Bond          Angle    Proper Dih.Periodic Improper Dih.          LJ-14
    6.39685e+01    5.73388e+02    2.07489e+03    1.01715e+01    1.01295e+03
     Coulomb-14        LJ (SR)   Coulomb (SR)      Potential Pressure (bar)
    2.55700e+04   -4.52767e+02   -1.94406e+04    9.41200e+03    1.25870e+02

           Step           Time
             16       16.00000

           Step           Time
             17       17.00000

   Energies (kJ/mol)
           Bond          Angle    Proper Dih.Periodic Improper Dih.          LJ-14
    7.64003e+01    5.74228e+02    2.07305e+03    1.03598e+01    1.00089e+03
     Coulomb-14        LJ (SR)   Coulomb (SR)      Potential Pressure (bar)
    2.55591e+04   -4.59387e+02   -1.94320e+04    9.40254e+03    1.16323e+02

           Step           Time
             18       18.00000

   Energies (kJ/mol)
           Bond          Angle    Proper Dih.Periodic Improper Dih.          LJ-14
    6.80667e+01    5.73432e+02    2.07142e+03    1.04550e+01    9.99145e+02
     Coulomb-14        LJ (SR)   Coulomb (SR)      Potential Pressure (bar)
    2.55538e+04   -4.61052e+02   -1.94254e+04    9.38983e+03    1.18708e+02

           Step           Time
             19       19.00000

           Step           Time
             20       20.00000

   Energies (kJ/mol)
           Bond          Angle    Proper Dih.Periodic Improper Dih.          LJ-14
    7.09015e+01    5.73485e+02    2.07055e+03    1.05274e+01    9.92315e+02
     Coulomb-14        LJ (SR)   Coulomb (SR)      Potential Pressure (bar)
    2.55481e+04   -4.64633e+02   -1.94213e+04    9.37993e+03    1.12935e+02

           Step           Time
             21       21.00000

   Energies (kJ/mol)
           Bond          Angle    Proper Dih.Periodic Improper Dih.          LJ-14
    7.12457e+01    5.73986e+02    2.06848e+03    1.06386e+01    9.87292e+02
     Coulomb-14        LJ (SR)   Coulomb (SR)      Potential Pressure (bar)
    2.55399e+04   -4.68011e+02   -1.94125e+04    9.37107e+03    1.12537e+02

           Step           Time
             22       22.00000

   Energies (kJ/mol)
           Bond          Angle    Proper Dih.Periodic Improper Dih.          LJ-14
    8.03845e+01    5.75202e+02    2.06744e+03    1.07088e+01    9.78279e+02
     Coulomb-14        LJ (SR)   Coulomb (SR)      Potential Pressure (bar)
    2.55327e+04   -4.72596e+02   -1.94075e+04    9.36462e+03    1.04606e+02

           Step           Time
             23       23.00000

   Energies (kJ/mol)
           Bond          Angle    Proper Dih.Periodic Improper Dih.          LJ-14
    7.55324e+01    5.75146e+02    2.06579e+03    1.07627e+01    9.76984e+02
     Coulomb-14        LJ (SR)   Coulomb (SR)      Potential Pressure (bar)
    2.55274e+04   -4.74028e+02   -1.94005e+04    9.35703e+03    1.07617e+02

           Step           Time
             24       24.00000

           Step           Time
             25       25.00000

   Energies (kJ/mol)
           Bond          Angle    Proper Dih.Periodic Improper Dih.          LJ-14
    7.52031e+01    5.75115e+02    2.06532e+03    1.07883e+01    9.71611e+02
     Coulomb-14        LJ (SR)   Coulomb (SR)      Potential Pressure (bar)
    2.55236e+04   -4.76627e+02   -1.93983e+04    9.34669e+03    1.02459e+02

           Step           Time
             26       26.00000

   Energies (kJ/mol)
           Bond          Angle    Proper Dih.Periodic Improper Dih.          LJ-14
    7.90302e+01    5.76723e+02    2.06263e+03    1.08692e+01    9.64392e+02
     Coulomb-14        LJ (SR)   Coulomb (SR)      Potential Pressure (bar)
    2.55124e+04   -4.81173e+02   -1.93865e+04    9.33843e+03    1.01127e+02

           Step           Time
             27       27.00000

   Energies (kJ/mol)
           Bond          Angle    Proper Dih.Periodic Improper Dih.          LJ-14
    8.46948e+01    5.77911e+02    2.06208e+03    1.08886e+01    9.57069e+02
     Coulomb-14        LJ (SR)   Coulomb (SR)      Potential Pressure (bar)
    2.55076e+04   -4.84596e+02   -1.93839e+04    9.33172e+03    9.37552e+01

           Step           Time
             28       28.00000

   Energies (kJ/mol)
           Bond          Angle    Proper Dih.Periodic Improper Dih.          LJ-14
    8.38579e+01    5.78413e+02    2.06037e+03    1.09079e+01    9.56170e+02
     Coulomb-14        LJ (SR)   Coulomb (SR)      Potential Pressure (bar)
    2.55020e+04   -4.85850e+02   -1.93764e+04    9.32952e+03    9.73535e+01

           Step           Time
             29       29.00000

   Energies (kJ/mol)
           Bond          Angle    Proper Dih.Periodic Improper Dih.          LJ-14
    9.64177e+01    5.80957e+02    2.05997e+03    1.09190e+01    9.47130e+02
     Coulomb-14        LJ (SR)   Coulomb (SR)      Potential Pressure (bar)
    2.54969e+04   -4.89874e+02   -1.93745e+04    9.32791e+03    8.75609e+01

           Step           Time
             30       30.00000

   Energies (kJ/mol)
           Bond          Angle    Proper Dih.Periodic Improper Dih.          LJ-14
    9.18406e+01    5.80626e+02    2.05820e+03    1.09246e+01    9.48921e+02
     Coulomb-14        LJ (SR)   Coulomb (SR)      Potential Pressure (bar)
    2.54923e+04   -4.90011e+02   -1.93666e+04    9.32611e+03    9.45244e+01

           Step           Time
             31       31.00000

           Step           Time
             32       32.00000

   Energies (kJ/mol)
           Bond          Angle    Proper Dih.Periodic Improper Dih.          LJ-14
    8.34115e+01    5.79913e+02    2.05813e+03    1.09259e+01    9.43302e+02
     Coulomb-14        LJ (SR)   Coulomb (SR)      Potential Pressure (bar)
    2.54898e+04   -4.92352e+02   -1.93665e+04    9.30663e+03    8.80147e+01

           Step           Time
             33       33.00000

           Step           Time
             34       34.00000

   Energies (kJ/mol)
           Bond          Angle    Proper Dih.Periodic Improper Dih.          LJ-14
    8.49833e+01    5.81011e+02    2.05628e+03    1.09261e+01    9.39099e+02
     Coulomb-14        LJ (SR)   Coulomb (SR)      Potential Pressure (bar)
    2.54823e+04   -4.95024e+02   -1.93582e+04    9.30137e+03    8.80061e+01

           Step           Time
             35       35.00000

   Energies (kJ/mol)
           Bond          Angle    Proper Dih.Periodic Improper Dih.          LJ-14
    8.93711e+01    5.82553e+02    2.05585e+03    1.09218e+01    9.33385e+02
     Coulomb-14        LJ (SR)   Coulomb (SR)      Potential Pressure (bar)
    2.54787e+04   -4.97553e+02   -1.93565e+04    9.29674e+03    8.22217e+01

           Step           Time
             36       36.00000

   Energies (kJ/mol)
           Bond          Angle    Proper Dih.Periodic Improper Dih.          LJ-14
    8.83780e+01    5.82668e+02    2.05444e+03    1.09114e+01    9.32709e+02
     Coulomb-14        LJ (SR)   Coulomb (SR)      Potential Pressure (bar)
    2.54739e+04   -4.98538e+02   -1.93500e+04    9.29445e+03    8.51093e+01

           Step           Time
             37       37.00000

   Energies (kJ/mol)
           Bond          Angle    Proper Dih.Periodic Improper Dih.          LJ-14
    9.67474e+01    5.85239e+02    2.05412e+03    1.09026e+01    9.25655e+02
     Coulomb-14        LJ (SR)   Coulomb (SR)      Potential Pressure (bar)
    2.54702e+04   -5.01507e+02   -1.93490e+04    9.29237e+03    7.74105e+01

           Step           Time
             38       38.00000

   Energies (kJ/mol)
           Bond          Angle    Proper Dih.Periodic Improper Dih.          LJ-14
    9.35224e+01    5.84517e+02    2.05264e+03    1.08876e+01    9.27020e+02
     Coulomb-14        LJ (SR)   Coulomb (SR)      Potential Pressure (bar)
    2.54660e+04   -5.01705e+02   -1.93421e+04    9.29076e+03    8.28506e+01

           Step           Time
             39       39.00000

           Step           Time
             40       40.00000

   Energies (kJ/mol)
           Bond          Angle    Proper Dih.Periodic Improper Dih.          LJ-14
    8.94574e+01    5.84852e+02    2.05260e+03    1.08813e+01    9.22641e+02
     Coulomb-14        LJ (SR)   Coulomb (SR)      Potential Pressure (bar)
    2.54643e+04   -5.03432e+02   -1.93423e+04    9.27898e+03    7.78527e+01

           Step           Time
             41       41.00000

   Energies (kJ/mol)
           Bond          Angle    Proper Dih.Periodic Improper Dih.          LJ-14
    9.84820e+01    5.87757e+02    2.04933e+03    1.08282e+01    9.15149e+02
     Coulomb-14        LJ (SR)   Coulomb (SR)      Potential Pressure (bar)
    2.54506e+04   -5.07999e+02   -1.93275e+04    9.27670e+03    7.72593e+01

           Step           Time
             42       42.00000

   Energies (kJ/mol)
           Bond          Angle    Proper Dih.Periodic Improper Dih.          LJ-14
    9.79836e+01    5.89477e+02    2.04940e+03    1.08166e+01    9.09206e+02
     Coulomb-14        LJ (SR)   Coulomb (SR)      Potential Pressure (bar)
    2.54489e+04   -5.10219e+02   -1.93285e+04    9.26699e+03    7.00496e+01

           Step           Time
             43       43.00000

           Step           Time
             44       44.00000

   Energies (kJ/mol)
           Bond          Angle    Proper Dih.Periodic Improper Dih.          LJ-14
    9.34397e+01    5.88439e+02    2.04850e+03    1.07996e+01    9.09727e+02
     Coulomb-14        LJ (SR)   Coulomb (SR)      Potential Pressure (bar)
    2.54461e+04   -5.10458e+02   -1.93243e+04    9.26222e+03    7.28538e+01

           Step           Time
             45       45.00000

           Step           Time
             46       46.00000

   Energies (kJ/mol)
           Bond          Angle    Proper Dih.Periodic Improper Dih.          LJ-14
    9.52857e+01    5.89744e+02    2.04819e+03    1.07844e+01    9.06352e+02
     Coulomb-14        LJ (SR)   Coulomb (SR)      Potential Pressure (bar)
    2.54439e+04   -5.11881e+02   -1.93233e+04    9.25910e+03    6.96062e+01

           Step           Time
             47       47.00000

   Energies (kJ/mol)
           Bond          Angle    Proper Dih.Periodic Improper Dih.          LJ-14
    9.54628e+01    5.89920e+02    2.04702e+03    1.07550e+01    9.04890e+02
     Coulomb-14        LJ (SR)   Coulomb (SR)      Potential Pressure (bar)
    2.54395e+04   -5.13005e+02   -1.93180e+04    9.25654e+03    7.07078e+01

           Step           Time
             48       48.00000

   Energies (kJ/mol)
           Bond          Angle    Proper Dih.Periodic Improper Dih.          LJ-14
    9.86595e+01    5.91875e+02    2.04674e+03    1.07367e+01    9.00644e+02
     Coulomb-14        LJ (SR)   Coulomb (SR)      Potential Pressure (bar)
    2.54372e+04   -5.14714e+02   -1.93173e+04    9.25380e+03    6.62443e+01

           Step           Time
             49       49.00000

   Energies (kJ/mol)
           Bond          Angle    Proper Dih.Periodic Improper Dih.          LJ-14
    9.79139e+01    5.91283e+02    2.04562e+03    1.07103e+01    9.00714e+02
     Coulomb-14        LJ (SR)   Coulomb (SR)      Potential Pressure (bar)
    2.54334e+04   -5.15236e+02   -1.93120e+04    9.25237e+03    6.90157e+01

           Step           Time
             50       50.00000

   Energies (kJ/mol)
           Bond          Angle    Proper Dih.Periodic Improper Dih.          LJ-14
    1.03104e+02    5.94156e+02    2.04547e+03    1.06911e+01    8.95469e+02
     Coulomb-14        LJ (SR)   Coulomb (SR)      Potential Pressure (bar)
    2.54312e+04   -5.17227e+02   -1.93122e+04    9.25069e+03    6.29714e+01

           Step           Time
             51       51.00000

   Energies (kJ/mol)
           Bond          Angle    Proper Dih.Periodic Improper Dih.          LJ-14
    1.01556e+02    5.92662e+02    2.04424e+03    1.06644e+01    8.97010e+02
     Coulomb-14        LJ (SR)   Coulomb (SR)      Potential Pressure (bar)
    2.54275e+04   -5.17266e+02   -1.93062e+04    9.25022e+03    6.77748e+01

           Step           Time
             52       52.00000

           Step           Time
             53       53.00000

   Energies (kJ/mol)
           Bond          Angle    Proper Dih.Periodic Improper Dih.          LJ-14
    9.87445e+01    5.93721e+02    2.04427e+03    1.06548e+01    8.93696e+02
     Coulomb-14        LJ (SR)   Coulomb (SR)      Potential Pressure (bar)
    2.54267e+04   -5.18440e+02   -1.93069e+04    9.24234e+03    6.36550e+01


Steepest Descents converged to Fmax < 100 in 54 steps
Potential Energy  =  9.2423418e+03
Maximum force     =  9.6389496e+01 on atom 433
Norm of force     =  3.7048648e+01
Finished mdrun on rank 0 Sat Dec 13 16:09:14 2025

