                      :-) GROMACS - gmx mdrun, 2025.4 (-:

Copyright 1991-2025 The GROMACS Authors.
GROMACS is free software; you can redistribute it and/or modify it
under the terms of the GNU Lesser General Public License
as published by the Free Software Foundation; either version 2.1
of the License, or (at your option) any later version.

                         Current GROMACS contributors:
       Mark Abraham           Andrey Alekseenko           Brian Andrews       
      Vladimir Basov              Paul Bauer                Hugh Bird         
      Eliane Briand               Ania Brown              Mahesh Doijade      
      Giacomo Fiorin          Stefan Fleischmann          Sergey Gorelov      
   Gilles Gouaillardet            Alan Gray              M. Eric Irrgang      
   Farzaneh Jalalypour         Petter Johansson          Carsten Kutzner      
    Grzegorz Łazarski         Justin A. Lemkul          Magnus Lundborg      
       Pascal Merz             Vedran Miletić            Dmitry Morozov      
     Lukas Müllender            Julien Nabet             Szilárd Páll      
 Andrea Pasquadibisceglie     Michele Pellegrino         Nicola Piasentin     
     Daniele Rapetti         Muhammad Umair Sadiq         Hubert Santuz       
      Roland Schulz             Michael Shirts           Tatiana Shugaeva     
     Alexey Shvetsov            Philip Turner            Alessandra Villa     
 Sebastian Wingbermühle  

                         Previous GROMACS contributors:
        Emile Apol             Rossen Apostolov           James Barnett       
  Herman J.C. Berendsen         Cathrine Bergh             Par Bjelkmar       
      Christian Blau          Viacheslav Bolnykh            Kevin Boyd        
    Aldert van Buuren          Carlo Camilloni           Rudi van Drunen      
      Anton Feenstra           Oliver Fleetwood            Vytas Gapsys       
       Gaurav Garg             Gerrit Groenhof            Bert de Groot       
      Anca Hamuraru           Vincent Hindriksen          Victor Holanda      
     Aleksei Iupinov              Joe Jordan            Christoph Junghans    
    Prashanth Kanduri        Dimitrios Karkoulis           Peter Kasson       
      Sebastian Kehl           Sebastian Keller             Jiri Kraus        
       Per Larsson              Viveca Lindahl            Erik Marklund       
    Pieter Meulenhoff           Teemu Murtola              Sander Pronk       
      Alfons Sijbers            Balint Soproni         David van der Spoel    
      Peter Tieleman            Carsten Uphoff             Jon Vincent        
     Teemu Virolainen         Christian Wennberg           Maarten Wolf       
      Artem Zhmurov       

                  Coordinated by the GROMACS project leaders:
                           Berk Hess and Erik Lindahl

GROMACS:      gmx mdrun, version 2025.4
Executable:   /usr/local/gromacs/bin/gmx
Data prefix:  /usr/local/gromacs
Working dir:  /home/kalki/MD/deepchem-polymer-merged/MD/auto_workflow
Process ID:   31715
Command line:
  gmx mdrun -s ./outputs/run-1-10ns/npt.tpr -deffnm npt -o ./outputs/run-1-10ns/npt.trr -x ./outputs/run-1-10ns/npt.xtc -c ./outputs/run-1-10ns/npt.gro -e ./outputs/run-1-10ns/npt.edr -g ./outputs/run-1-10ns/npt.log

GROMACS version:     2025.4
Precision:           mixed
Memory model:        64 bit
MPI library:         thread_mpi
OpenMP support:      enabled (GMX_OPENMP_MAX_THREADS = 128)
GPU support:         CUDA
NBNxM GPU setup:     super-cluster 2x2x2 / cluster 8 (cluster-pair splitting on)
SIMD instructions:   AVX2_256
CPU FFT library:     fftw-3.3.10-sse2-avx-avx2-avx2_128
GPU FFT library:     cuFFT
Multi-GPU FFT:       none
RDTSCP usage:        enabled
TNG support:         enabled
Hwloc support:       disabled
Tracing support:     disabled
C compiler:          /usr/bin/cc GNU 13.3.0
C compiler flags:    -fexcess-precision=fast -funroll-all-loops -mavx2 -mfma -Wno-missing-field-initializers -O3 -DNDEBUG
C++ compiler:        /usr/bin/c++ GNU 13.3.0
C++ compiler flags:  -fexcess-precision=fast -funroll-all-loops -mavx2 -mfma -Wno-missing-field-initializers -Wno-cast-function-type-strict SHELL:-fopenmp -O3 -DNDEBUG
BLAS library:        Internal
LAPACK library:      Internal
CUDA compiler:       /usr/local/cuda/bin/nvcc nvcc: NVIDIA (R) Cuda compiler driver;Copyright (c) 2005-2025 NVIDIA Corporation;Built on Wed_Aug_20_01:58:59_PM_PDT_2025;Cuda compilation tools, release 13.0, V13.0.88;Build cuda_13.0.r13.0/compiler.36424714_0
CUDA compiler flags: -O3 -DNDEBUG
CUDA driver:         12.80
CUDA runtime:        13.0


Running on 1 node with total 12 cores, 24 processing units (GPU detection failed: CUDA driver version is insufficient for CUDA runtime version)
Hardware detected on host DESKTOP-E098P2T:
  CPU info:
    Vendor: Intel
    Brand:  12th Gen Intel(R) Core(TM) i9-12900
    Family: 6   Model: 151   Stepping: 2
    Features: aes apic avx avx2 clfsh cmov cx8 cx16 f16c fma htt intel lahf mmx msr nonstop_tsc pcid pclmuldq pdpe1gb popcnt pse rdrnd rdtscp sha sse2 sse3 sse4.1 sse4.2 ssse3 tdt x2apic
  Hardware topology: Basic
    Packages, cores, and logical processors:
    [indices refer to OS logical processors]
      Package  0: [   0   1] [   2   3] [   4   5] [   6   7] [   8   9] [  10  11] [  12  13] [  14  15] [  16  17] [  18  19] [  20  21] [  22  23]
    CPU limit set by OS: -1   Recommended max number of threads: 24


++++ PLEASE READ AND CITE THE FOLLOWING REFERENCE ++++
M. J. Abraham, T. Murtola, R. Schulz, S. Páll, J. C. Smith, B. Hess, E.
Lindahl
GROMACS: High performance molecular simulations through multi-level
parallelism from laptops to supercomputers
SoftwareX (2015)
DOI: 10.1016/j.softx.2015.06.001
-------- -------- --- Thank You --- -------- --------


++++ PLEASE READ AND CITE THE FOLLOWING REFERENCE ++++
S. Páll, M. J. Abraham, C. Kutzner, B. Hess, E. Lindahl
Tackling Exascale Software Challenges in Molecular Dynamics Simulations with
GROMACS
In S. Markidis & E. Laure (Eds.), Solving Software Challenges for Exascale (2015)
DOI: 10.1007/978-3-319-15976-8_1
-------- -------- --- Thank You --- -------- --------


++++ PLEASE READ AND CITE THE FOLLOWING REFERENCE ++++
S. Pronk, S. Páll, R. Schulz, P. Larsson, P. Bjelkmar, R. Apostolov, M. R.
Shirts, J. C. Smith, P. M. Kasson, D. van der Spoel, B. Hess, E. Lindahl
GROMACS 4.5: a high-throughput and highly parallel open source molecular
simulation toolkit
Bioinformatics (2013)
DOI: 10.1093/bioinformatics/btt055
-------- -------- --- Thank You --- -------- --------


++++ PLEASE READ AND CITE THE FOLLOWING REFERENCE ++++
B. Hess, C. Kutzner, D. van der Spoel, E. Lindahl
GROMACS 4: Algorithms for highly efficient, load-balanced, and scalable
molecular simulation
J. Chem. Theory Comput. (2008)
DOI: 10.1021/ct700301q
-------- -------- --- Thank You --- -------- --------


++++ PLEASE READ AND CITE THE FOLLOWING REFERENCE ++++
D. van der Spoel, E. Lindahl, B. Hess, G. Groenhof, A. E. Mark, H. J. C.
Berendsen
GROMACS: Fast, Flexible and Free
J. Comp. Chem. (2005)
DOI: 10.1002/jcc.20291
-------- -------- --- Thank You --- -------- --------


++++ PLEASE READ AND CITE THE FOLLOWING REFERENCE ++++
E. Lindahl, B. Hess, D. van der Spoel
GROMACS 3.0: A package for molecular simulation and trajectory analysis
J. Mol. Mod. (2001)
DOI: 10.1007/s008940100045
-------- -------- --- Thank You --- -------- --------


++++ PLEASE READ AND CITE THE FOLLOWING REFERENCE ++++
H. J. C. Berendsen, D. van der Spoel and R. van Drunen
GROMACS: A message-passing parallel molecular dynamics implementation
Comp. Phys. Comm. (1995)
DOI: 10.1016/0010-4655(95)00042-E
-------- -------- --- Thank You --- -------- --------


++++ PLEASE CITE THE DOI FOR THIS VERSION OF GROMACS ++++
https://doi.org/10.5281/zenodo.17671793
-------- -------- --- Thank You --- -------- --------

Input Parameters:
   integrator                     = md
   tinit                          = 0
   dt                             = 0.02
   nsteps                         = 50000
   init-step                      = 0
   simulation-part                = 1
   mts                            = false
   mass-repartition-factor        = 1
   comm-mode                      = Linear
   nstcomm                        = 100
   bd-fric                        = 0
   ld-seed                        = 2112321534
   emtol                          = 10
   emstep                         = 0.01
   niter                          = 20
   fcstep                         = 0
   nstcgsteep                     = 1000
   nbfgscorr                      = 10
   rtpi                           = 0.05
   nstxout                        = 5000
   nstvout                        = 5000
   nstfout                        = 0
   nstlog                         = 1000
   nstcalcenergy                  = 100
   nstenergy                      = 1000
   nstxout-compressed             = 1000
   compressed-x-precision         = 1000
   cutoff-scheme                  = Verlet
   nstlist                        = 20
   pbc                            = xyz
   periodic-molecules             = false
   verlet-buffer-tolerance        = 0.005
   verlet-buffer-pressure-tolerance = 0.5
   rlist                          = 1.292
   coulombtype                    = Reaction-Field
   coulomb-modifier               = Potential-shift
   rcoulomb-switch                = 0
   rcoulomb                       = 1.1
   epsilon-r                      = 15
   epsilon-rf                     = inf
   vdw-type                       = Cut-off
   vdw-modifier                   = Potential-shift
   rvdw-switch                    = 0
   rvdw                           = 1.1
   DispCorr                       = No
   table-extension                = 1
   fourierspacing                 = 0.12
   fourier-nx                     = 0
   fourier-ny                     = 0
   fourier-nz                     = 0
   pme-order                      = 4
   ewald-rtol                     = 1e-05
   ewald-rtol-lj                  = 0.001
   lj-pme-comb-rule               = Geometric
   ewald-geometry                 = 3d
   epsilon-surface                = 0
   ensemble-temperature-setting   = constant
   ensemble-temperature           = 310
   tcoupl                         = V-rescale
   nsttcouple                     = 10
   nh-chain-length                = 0
   print-nose-hoover-chain-variables = false
   pcoupl                         = C-rescale
   pcoupltype                     = Semiisotropic
   nstpcouple                     = 10
   tau-p                          = 5
   compressibility (3x3):
      compressibility[    0]={ 3.00000e-04,  0.00000e+00,  0.00000e+00}
      compressibility[    1]={ 0.00000e+00,  3.00000e-04,  0.00000e+00}
      compressibility[    2]={ 0.00000e+00,  0.00000e+00,  3.00000e-04}
   ref-p (3x3):
      ref-p[    0]={ 1.00000e+00,  0.00000e+00,  0.00000e+00}
      ref-p[    1]={ 0.00000e+00,  1.00000e+00,  0.00000e+00}
      ref-p[    2]={ 0.00000e+00,  0.00000e+00,  1.00000e+00}
   refcoord-scaling               = COM
   posres-com: not available
   posres-comB: not available
   QMMM                           = false
qm-opts:
   ngQM                           = 0
   constraint-algorithm           = Lincs
   continuation                   = false
   Shake-SOR                      = false
   shake-tol                      = 0.0001
   lincs-order                    = 4
   lincs-iter                     = 1
   lincs-warnangle                = 30
   nwall                          = 0
   wall-type                      = 9-3
   wall-r-linpot                  = -1
   wall-atomtype[0]               = -1
   wall-atomtype[1]               = -1
   wall-density[0]                = 0
   wall-density[1]                = 0
   wall-ewald-zfac                = 3
   pull                           = false
   awh                            = false
   rotation                       = false
   interactiveMD                  = false
   disre                          = No
   disre-weighting                = Conservative
   disre-mixed                    = false
   dr-fc                          = 1000
   dr-tau                         = 0
   nstdisreout                    = 100
   orire-fc                       = 0
   orire-tau                      = 0
   nstorireout                    = 100
   free-energy                    = no
   cos-acceleration               = 0
   deform (3x3):
      deform[    0]={ 0.00000e+00,  0.00000e+00,  0.00000e+00}
      deform[    1]={ 0.00000e+00,  0.00000e+00,  0.00000e+00}
      deform[    2]={ 0.00000e+00,  0.00000e+00,  0.00000e+00}
   simulated-tempering            = false
   swapcoords                     = no
   userint1                       = 0
   userint2                       = 0
   userint3                       = 0
   userint4                       = 0
   userreal1                      = 0
   userreal2                      = 0
   userreal3                      = 0
   userreal4                      = 0
   applied-forces:
     electric-field:
       x:
         E0                       = 0
         omega                    = 0
         t0                       = 0
         sigma                    = 0
       y:
         E0                       = 0
         omega                    = 0
         t0                       = 0
         sigma                    = 0
       z:
         E0                       = 0
         omega                    = 0
         t0                       = 0
         sigma                    = 0
     density-guided-simulation:
       active                     = false
       group                      = protein
       similarity-measure         = inner-product
       atom-spreading-weight      = unity
       force-constant             = 1e+09
       gaussian-transform-spreading-width = 0.2
       gaussian-transform-spreading-range-in-multiples-of-width = 4
       reference-density-filename = reference.mrc
       nst                        = 1
       normalize-densities        = true
       adaptive-force-scaling     = false
       adaptive-force-scaling-time-constant = 4
       shift-vector               = 
       transformation-matrix      = 
     qmmm-cp2k:
       active                     = false
       qmgroup                    = System
       qmmethod                   = PBE
       qmfilenames                = 
       qmcharge                   = 0
       qmmultiplicity             = 1
     colvars:
       active                     = false
       configfile                 = 
       seed                       = -1
     nnpot:
       active                     = false
       modelfile                  = model.pt
       input-group                = System
       model-input1               = 
       model-input2               = 
       model-input3               = 
       model-input4               = 
grpopts:
   nrdf:      248973
   ref-t:         310
   tau-t:           1
annealing:          No
annealing-npoints:           0
   acc:	           0           0           0
   nfreeze:           N           N           N
   energygrp-flags[  0]: 0


Changing rlist from 1.292 to 1.289 for non-bonded 4x4 atom kernels

When checking whether update groups are usable:
  No constraints or virtual sites are in use, so it is best not to use update groups

Initializing Domain Decomposition on 24 ranks
Dynamic load balancing: auto
Minimum cell size due to atom displacement: 0.732 nm
Initial maximum distances in bonded interactions:
    two-body bonded interactions: 0.381 nm, Bond, atoms 78923 78924
  multi-body bonded interactions: 1.071 nm, Angle, atoms 82542 82548
Minimum cell size due to bonded interactions: 1.179 nm
Scaling the initial minimum size with 1/0.8 (option -dds) = 1.25
The system does not use PME for electrostatics or LJ
Optimizing the DD grid for 24 cells with a minimum initial size of 1.473 nm
The maximum allowed number of cells is: X 13 Y 13 Z 13
Domain decomposition grid 4 x 3 x 2, separate PME ranks 0
Domain decomposition rank 0, coordinates 0 0 0

The initial number of communication pulses is: X 1 Y 1 Z 1
The initial domain decomposition cell size is: X 5.00 nm Y 6.67 nm Z 10.00 nm

The maximum allowed distance for atoms involved in interactions is:
                 non-bonded interactions           1.289 nm
(the following are initial values, they could change due to box deformation)
            two-body bonded interactions  (-rdd)   1.289 nm
          multi-body bonded interactions  (-rdd)   1.289 nm

When dynamic load balancing gets turned on, these settings will change to:
The maximum number of communication pulses is: X 1 Y 1 Z 1
The minimum size for domain decomposition cells is 1.289 nm
The requested allowed shrink of DD cells (option -dds) is: 0.80
The allowed shrink of domain decomposition cells is: X 0.26 Y 0.19 Z 0.13
The maximum allowed distance for atoms involved in interactions is:
                 non-bonded interactions           1.289 nm
            two-body bonded interactions  (-rdd)   1.289 nm
          multi-body bonded interactions  (-rdd)   1.289 nm

Local state does not use filler particles

Using 24 MPI threads
Using 1 OpenMP thread per tMPI thread

System total charge: 0.000
Reaction-Field:
epsRF = 0, rc = 1.1, krf = 0.375657, crf = 1.36364, epsfac = 9.26236
The electrostatics potential has its minimum at r = 1.1
Potential shift: LJ r^-12: -3.186e-01 r^-6: -5.645e-01


Using SIMD4xM 4x8 nonbonded short-range kernels

Using a dual 4x8 pair-list setup updated with dynamic pruning:
  outer list: updated every 20 steps, buffer 0.189 nm, rlist 1.289 nm
  inner list: updated every  5 steps, buffer 0.061 nm, rlist 1.161 nm
At tolerance 0.005 kJ/mol/ps per atom, equivalent classical 1x1 list would be:
  outer list: updated every 20 steps, buffer 0.267 nm, rlist 1.367 nm
  inner list: updated every  5 steps, buffer 0.075 nm, rlist 1.175 nm

The average pressure is off by at most 0.50 bar due to missing LJ interactions

Using full Lennard-Jones parameter combination matrix
Removing pbc first time

Linking all bonded interactions to atoms


Pinning threads with an auto-selected logical cpu stride of 1
Intra-simulation communication will occur every 10 steps.

++++ PLEASE READ AND CITE THE FOLLOWING REFERENCE ++++
G. Bussi, D. Donadio, M. Parrinello
Canonical sampling through velocity rescaling
J. Chem. Phys. (2007)
DOI: 10.1063/1.2408420
-------- -------- --- Thank You --- -------- --------


++++ PLEASE READ AND CITE THE FOLLOWING REFERENCE ++++
M. Bernetti, G. Bussi
Pressure control using stochastic cell rescaling
J. Chem. Phys. (2020)
DOI: 10.1063/5.0020514
-------- -------- --- Thank You --- -------- --------

There are: 82992 Atoms
Atom distribution over 24 domains: av 3458 stddev 170 min 3152 max 3902
Center of mass motion removal mode is Linear
We have the following groups for center of mass motion removal:
  0:  rest
Initial temperature: 310.013 K

Started mdrun on rank 0 Mon Feb 23 07:26:49 2026

           Step           Time
              0        0.00000

   Energies (kJ/mol)
           Bond          Angle        LJ (SR)   Coulomb (SR)      Potential
    2.67889e+03    1.45356e+04   -2.19917e+06    0.00000e+00   -2.18196e+06
    Kinetic En.   Total Energy  Conserved En.    Temperature Pressure (bar)
    3.20880e+05   -1.86108e+06   -1.83763e+06    3.10017e+02   -1.82357e+03


DD  step 19 load imb.: force 45.0%

step 40 Turning on dynamic load balancing, because the performance loss due to load imbalance is 18.4 %.

DD  step 999  vol min/aver 0.543  load imb.: force  5.0%
           Step           Time
           1000       20.00000

   Energies (kJ/mol)
           Bond          Angle        LJ (SR)   Coulomb (SR)      Potential
    2.32271e+04    2.11361e+04   -1.83204e+06    0.00000e+00   -1.78768e+06
    Kinetic En.   Total Energy  Conserved En.    Temperature Pressure (bar)
    3.20304e+05   -1.46737e+06   -1.86440e+06    3.09461e+02   -1.39081e+01


DD  step 1999  vol min/aver 0.525  load imb.: force  1.0%
           Step           Time
           2000       40.00000

   Energies (kJ/mol)
           Bond          Angle        LJ (SR)   Coulomb (SR)      Potential
    2.30544e+04    2.05137e+04   -1.82386e+06    0.00000e+00   -1.78029e+06
    Kinetic En.   Total Energy  Conserved En.    Temperature Pressure (bar)
    3.20730e+05   -1.45956e+06   -1.86469e+06    3.09873e+02    1.40404e+01


DD  step 2999  vol min/aver 0.519  load imb.: force  4.0%
           Step           Time
           3000       60.00000

   Energies (kJ/mol)
           Bond          Angle        LJ (SR)   Coulomb (SR)      Potential
    2.29667e+04    2.04502e+04   -1.82483e+06    0.00000e+00   -1.78141e+06
    Kinetic En.   Total Energy  Conserved En.    Temperature Pressure (bar)
    3.19965e+05   -1.46145e+06   -1.86435e+06    3.09133e+02    3.82770e+00


DD  step 3999  vol min/aver 0.574  load imb.: force  1.9%
           Step           Time
           4000       80.00000

   Energies (kJ/mol)
           Bond          Angle        LJ (SR)   Coulomb (SR)      Potential
    2.29455e+04    2.05939e+04   -1.82449e+06    0.00000e+00   -1.78095e+06
    Kinetic En.   Total Energy  Conserved En.    Temperature Pressure (bar)
    3.20628e+05   -1.46032e+06   -1.86387e+06    3.09774e+02   -7.89055e+00


DD  step 4999  vol min/aver 0.594  load imb.: force  1.6%
           Step           Time
           5000      100.00000

   Energies (kJ/mol)
           Bond          Angle        LJ (SR)   Coulomb (SR)      Potential
    2.25430e+04    2.01406e+04   -1.82602e+06    0.00000e+00   -1.78333e+06
    Kinetic En.   Total Energy  Conserved En.    Temperature Pressure (bar)
    3.20594e+05   -1.46274e+06   -1.86352e+06    3.09741e+02   -2.36957e+01


DD  step 5999  vol min/aver 0.605  load imb.: force  1.9%
           Step           Time
           6000      120.00000

   Energies (kJ/mol)
           Bond          Angle        LJ (SR)   Coulomb (SR)      Potential
    2.32121e+04    2.00704e+04   -1.82559e+06    0.00000e+00   -1.78231e+06
    Kinetic En.   Total Energy  Conserved En.    Temperature Pressure (bar)
    3.21520e+05   -1.46079e+06   -1.86296e+06    3.10636e+02    5.71938e+00


DD  step 6999  vol min/aver 0.515  load imb.: force  1.9%
           Step           Time
           7000      140.00000

   Energies (kJ/mol)
           Bond          Angle        LJ (SR)   Coulomb (SR)      Potential
    2.30977e+04    2.05384e+04   -1.82624e+06    0.00000e+00   -1.78261e+06
    Kinetic En.   Total Energy  Conserved En.    Temperature Pressure (bar)
    3.19884e+05   -1.46272e+06   -1.86259e+06    3.09055e+02   -7.21614e+00


DD  step 7999  vol min/aver 0.522  load imb.: force  3.4%
           Step           Time
           8000      160.00000

   Energies (kJ/mol)
           Bond          Angle        LJ (SR)   Coulomb (SR)      Potential
    2.27602e+04    2.02397e+04   -1.82599e+06    0.00000e+00   -1.78299e+06
    Kinetic En.   Total Energy  Conserved En.    Temperature Pressure (bar)
    3.21325e+05   -1.46166e+06   -1.86237e+06    3.10447e+02   -4.54160e+00


DD  step 8999  vol min/aver 0.468  load imb.: force  3.7%
           Step           Time
           9000      180.00000

   Energies (kJ/mol)
           Bond          Angle        LJ (SR)   Coulomb (SR)      Potential
    2.25313e+04    1.97908e+04   -1.82701e+06    0.00000e+00   -1.78469e+06
    Kinetic En.   Total Energy  Conserved En.    Temperature Pressure (bar)
    3.21533e+05   -1.46316e+06   -1.86202e+06    3.10648e+02    1.54012e+01


DD  step 9999  vol min/aver 0.448  load imb.: force 11.1%
           Step           Time
          10000      200.00000

   Energies (kJ/mol)
           Bond          Angle        LJ (SR)   Coulomb (SR)      Potential
    2.29879e+04    1.99552e+04   -1.82472e+06    0.00000e+00   -1.78178e+06
    Kinetic En.   Total Energy  Conserved En.    Temperature Pressure (bar)
    3.20790e+05   -1.46099e+06   -1.86179e+06    3.09930e+02   -1.44051e+00


DD  step 10999  vol min/aver 0.611  load imb.: force  1.9%
           Step           Time
          11000      220.00000

   Energies (kJ/mol)
           Bond          Angle        LJ (SR)   Coulomb (SR)      Potential
    2.28762e+04    2.02832e+04   -1.82687e+06    0.00000e+00   -1.78371e+06
    Kinetic En.   Total Energy  Conserved En.    Temperature Pressure (bar)
    3.20122e+05   -1.46359e+06   -1.86132e+06    3.09285e+02   -3.26361e+01


DD  step 11999  vol min/aver 0.577  load imb.: force  7.4%
           Step           Time
          12000      240.00000

   Energies (kJ/mol)
           Bond          Angle        LJ (SR)   Coulomb (SR)      Potential
    2.31122e+04    2.01282e+04   -1.82762e+06    0.00000e+00   -1.78438e+06
    Kinetic En.   Total Energy  Conserved En.    Temperature Pressure (bar)
    3.20151e+05   -1.46423e+06   -1.86063e+06    3.09313e+02    1.46228e+01


DD  step 12999  vol min/aver 0.560  load imb.: force  7.5%
           Step           Time
          13000      260.00000

   Energies (kJ/mol)
           Bond          Angle        LJ (SR)   Coulomb (SR)      Potential
    2.30061e+04    2.00510e+04   -1.82647e+06    0.00000e+00   -1.78341e+06
    Kinetic En.   Total Energy  Conserved En.    Temperature Pressure (bar)
    3.21229e+05   -1.46218e+06   -1.86053e+06    3.10354e+02    8.55900e+00


DD  step 13999  vol min/aver 0.523  load imb.: force  2.1%
           Step           Time
          14000      280.00000

   Energies (kJ/mol)
           Bond          Angle        LJ (SR)   Coulomb (SR)      Potential
    2.27072e+04    1.96964e+04   -1.82630e+06    0.00000e+00   -1.78390e+06
    Kinetic En.   Total Energy  Conserved En.    Temperature Pressure (bar)
    3.21212e+05   -1.46269e+06   -1.86026e+06    3.10339e+02    9.47446e+00


DD  step 14999  vol min/aver 0.522  load imb.: force  1.0%
           Step           Time
          15000      300.00000

   Energies (kJ/mol)
           Bond          Angle        LJ (SR)   Coulomb (SR)      Potential
    2.24919e+04    2.00816e+04   -1.82909e+06    0.00000e+00   -1.78651e+06
    Kinetic En.   Total Energy  Conserved En.    Temperature Pressure (bar)
    3.21272e+05   -1.46524e+06   -1.85967e+06    3.10396e+02   -3.07169e+00


DD  step 15999  vol min/aver 0.518  load imb.: force  1.5%
           Step           Time
          16000      320.00000

   Energies (kJ/mol)
           Bond          Angle        LJ (SR)   Coulomb (SR)      Potential
    2.32408e+04    2.03384e+04   -1.82554e+06    0.00000e+00   -1.78197e+06
    Kinetic En.   Total Energy  Conserved En.    Temperature Pressure (bar)
    3.21172e+05   -1.46079e+06   -1.85948e+06    3.10299e+02    6.11522e+00


DD  step 16999  vol min/aver 0.606  load imb.: force 23.7%
           Step           Time
          17000      340.00000

   Energies (kJ/mol)
           Bond          Angle        LJ (SR)   Coulomb (SR)      Potential
    2.31702e+04    1.99129e+04   -1.82578e+06    0.00000e+00   -1.78270e+06
    Kinetic En.   Total Energy  Conserved En.    Temperature Pressure (bar)
    3.20814e+05   -1.46189e+06   -1.85898e+06    3.09954e+02    6.62654e+00


step 17200 Turning off dynamic load balancing, because it is degrading performance.
Atom distribution over 24 domains: av 3458 stddev 156 min 3133 max 3866

DD  step 17999 load imb.: force 35.4%

step 18000 Turning on dynamic load balancing, because the performance loss due to load imbalance is 4.4 %.
           Step           Time
          18000      360.00000

   Energies (kJ/mol)
           Bond          Angle        LJ (SR)   Coulomb (SR)      Potential
    2.33831e+04    1.99301e+04   -1.82727e+06    0.00000e+00   -1.78395e+06
    Kinetic En.   Total Energy  Conserved En.    Temperature Pressure (bar)
    3.22005e+05   -1.46195e+06   -1.85845e+06    3.11104e+02    1.48096e+01


DD  step 18999  vol min/aver 0.602  load imb.: force  1.2%
           Step           Time
          19000      380.00000

   Energies (kJ/mol)
           Bond          Angle        LJ (SR)   Coulomb (SR)      Potential
    2.31077e+04    1.98967e+04   -1.82655e+06    0.00000e+00   -1.78354e+06
    Kinetic En.   Total Energy  Conserved En.    Temperature Pressure (bar)
    3.19942e+05   -1.46360e+06   -1.85848e+06    3.09111e+02   -5.95368e+00


DD  step 19999  vol min/aver 0.589  load imb.: force  1.2%
           Step           Time
          20000      400.00000

   Energies (kJ/mol)
           Bond          Angle        LJ (SR)   Coulomb (SR)      Potential
    2.29685e+04    2.01311e+04   -1.82593e+06    0.00000e+00   -1.78283e+06
    Kinetic En.   Total Energy  Conserved En.    Temperature Pressure (bar)
    3.20321e+05   -1.46251e+06   -1.85794e+06    3.09477e+02    1.69612e+01


DD  step 20999  vol min/aver 0.599  load imb.: force  8.4%
           Step           Time
          21000      420.00000

   Energies (kJ/mol)
           Bond          Angle        LJ (SR)   Coulomb (SR)      Potential
    2.25475e+04    2.01845e+04   -1.82834e+06    0.00000e+00   -1.78560e+06
    Kinetic En.   Total Energy  Conserved En.    Temperature Pressure (bar)
    3.21347e+05   -1.46426e+06   -1.85771e+06    3.10469e+02   -1.21270e+01


DD  step 21999  vol min/aver 0.599  load imb.: force  2.5%
           Step           Time
          22000      440.00000

   Energies (kJ/mol)
           Bond          Angle        LJ (SR)   Coulomb (SR)      Potential
    2.27556e+04    1.99606e+04   -1.82821e+06    0.00000e+00   -1.78549e+06
    Kinetic En.   Total Energy  Conserved En.    Temperature Pressure (bar)
    3.19330e+05   -1.46616e+06   -1.85695e+06    3.08520e+02    2.45855e-01


DD  step 22999  vol min/aver 0.664  load imb.: force 19.7%
           Step           Time
          23000      460.00000

   Energies (kJ/mol)
           Bond          Angle        LJ (SR)   Coulomb (SR)      Potential
    2.28400e+04    2.05297e+04   -1.82871e+06    0.00000e+00   -1.78534e+06
    Kinetic En.   Total Energy  Conserved En.    Temperature Pressure (bar)
    3.20872e+05   -1.46447e+06   -1.85668e+06    3.10009e+02    4.03137e+00


DD  step 23999  vol min/aver 0.605  load imb.: force  2.6%
           Step           Time
          24000      480.00000

   Energies (kJ/mol)
           Bond          Angle        LJ (SR)   Coulomb (SR)      Potential
    2.28010e+04    2.03444e+04   -1.82531e+06    0.00000e+00   -1.78216e+06
    Kinetic En.   Total Energy  Conserved En.    Temperature Pressure (bar)
    3.20009e+05   -1.46215e+06   -1.85664e+06    3.09176e+02   -2.09430e+01


DD  step 24999  vol min/aver 0.609  load imb.: force  2.4%
           Step           Time
          25000      500.00000

   Energies (kJ/mol)
           Bond          Angle        LJ (SR)   Coulomb (SR)      Potential
    2.26562e+04    1.98509e+04   -1.82668e+06    0.00000e+00   -1.78418e+06
    Kinetic En.   Total Energy  Conserved En.    Temperature Pressure (bar)
    3.20900e+05   -1.46328e+06   -1.85600e+06    3.10037e+02    2.19071e+01


DD  step 25999  vol min/aver 0.613  load imb.: force  1.9%
           Step           Time
          26000      520.00000

   Energies (kJ/mol)
           Bond          Angle        LJ (SR)   Coulomb (SR)      Potential
    2.28748e+04    1.97957e+04   -1.82860e+06    0.00000e+00   -1.78593e+06
    Kinetic En.   Total Energy  Conserved En.    Temperature Pressure (bar)
    3.21306e+05   -1.46462e+06   -1.85571e+06    3.10429e+02    1.40550e+01


DD  step 26999  vol min/aver 0.556  load imb.: force  1.5%
           Step           Time
          27000      540.00000

   Energies (kJ/mol)
           Bond          Angle        LJ (SR)   Coulomb (SR)      Potential
    2.30016e+04    2.04833e+04   -1.82595e+06    0.00000e+00   -1.78246e+06
    Kinetic En.   Total Energy  Conserved En.    Temperature Pressure (bar)
    3.21288e+05   -1.46117e+06   -1.85575e+06    3.10412e+02   -2.79698e+00


DD  step 27999  vol min/aver 0.579  load imb.: force  1.8%
           Step           Time
          28000      560.00000

   Energies (kJ/mol)
           Bond          Angle        LJ (SR)   Coulomb (SR)      Potential
    2.29950e+04    2.00713e+04   -1.82807e+06    0.00000e+00   -1.78500e+06
    Kinetic En.   Total Energy  Conserved En.    Temperature Pressure (bar)
    3.20510e+05   -1.46449e+06   -1.85498e+06    3.09660e+02    6.61560e+00


DD  step 28999  vol min/aver 0.616  load imb.: force  6.7%
           Step           Time
          29000      580.00000

   Energies (kJ/mol)
           Bond          Angle        LJ (SR)   Coulomb (SR)      Potential
    2.33456e+04    2.01287e+04   -1.82539e+06    0.00000e+00   -1.78192e+06
    Kinetic En.   Total Energy  Conserved En.    Temperature Pressure (bar)
    3.21668e+05   -1.46025e+06   -1.85500e+06    3.10779e+02    3.63712e+00


DD  step 29999  vol min/aver 0.570  load imb.: force  3.3%
           Step           Time
          30000      600.00000

   Energies (kJ/mol)
           Bond          Angle        LJ (SR)   Coulomb (SR)      Potential
    2.27001e+04    1.96847e+04   -1.82754e+06    0.00000e+00   -1.78516e+06
    Kinetic En.   Total Energy  Conserved En.    Temperature Pressure (bar)
    3.21099e+05   -1.46406e+06   -1.85448e+06    3.10229e+02    9.80515e+00


DD  step 30999  vol min/aver 0.632  load imb.: force  1.7%
           Step           Time
          31000      620.00000

   Energies (kJ/mol)
           Bond          Angle        LJ (SR)   Coulomb (SR)      Potential
    2.31809e+04    2.00744e+04   -1.82747e+06    0.00000e+00   -1.78421e+06
    Kinetic En.   Total Energy  Conserved En.    Temperature Pressure (bar)
    3.22136e+05   -1.46208e+06   -1.85428e+06    3.11231e+02   -4.80691e+00


DD  step 31999  vol min/aver 0.581  load imb.: force  1.5%
           Step           Time
          32000      640.00000

   Energies (kJ/mol)
           Bond          Angle        LJ (SR)   Coulomb (SR)      Potential
    2.31400e+04    1.96642e+04   -1.82762e+06    0.00000e+00   -1.78481e+06
    Kinetic En.   Total Energy  Conserved En.    Temperature Pressure (bar)
    3.21101e+05   -1.46371e+06   -1.85370e+06    3.10231e+02   -5.68965e+00


DD  step 32999  vol min/aver 0.631  load imb.: force  2.7%
           Step           Time
          33000      660.00000

   Energies (kJ/mol)
           Bond          Angle        LJ (SR)   Coulomb (SR)      Potential
    2.27833e+04    1.96498e+04   -1.82814e+06    0.00000e+00   -1.78571e+06
    Kinetic En.   Total Energy  Conserved En.    Temperature Pressure (bar)
    3.22398e+05   -1.46331e+06   -1.85328e+06    3.11484e+02    6.90680e+00


DD  step 33999  vol min/aver 0.589  load imb.: force  2.2%
           Step           Time
          34000      680.00000

   Energies (kJ/mol)
           Bond          Angle        LJ (SR)   Coulomb (SR)      Potential
    2.28209e+04    2.00232e+04   -1.82726e+06    0.00000e+00   -1.78442e+06
    Kinetic En.   Total Energy  Conserved En.    Temperature Pressure (bar)
    3.20530e+05   -1.46389e+06   -1.85319e+06    3.09679e+02    3.09230e+00


DD  step 34999  vol min/aver 0.590  load imb.: force 22.3%
           Step           Time
          35000      700.00000

   Energies (kJ/mol)
           Bond          Angle        LJ (SR)   Coulomb (SR)      Potential
    2.33466e+04    1.97904e+04   -1.82795e+06    0.00000e+00   -1.78482e+06
    Kinetic En.   Total Energy  Conserved En.    Temperature Pressure (bar)
    3.20844e+05   -1.46397e+06   -1.85265e+06    3.09982e+02    5.79049e+00


DD  step 35999  vol min/aver 0.508  load imb.: force  4.7%
           Step           Time
          36000      720.00000

   Energies (kJ/mol)
           Bond          Angle        LJ (SR)   Coulomb (SR)      Potential
    2.33608e+04    1.99497e+04   -1.82736e+06    0.00000e+00   -1.78405e+06
    Kinetic En.   Total Energy  Conserved En.    Temperature Pressure (bar)
    3.20562e+05   -1.46349e+06   -1.85227e+06    3.09711e+02    8.95440e-01


DD  step 36999  vol min/aver 0.497  load imb.: force  1.4%
           Step           Time
          37000      740.00000

   Energies (kJ/mol)
           Bond          Angle        LJ (SR)   Coulomb (SR)      Potential
    2.26369e+04    1.98305e+04   -1.82850e+06    0.00000e+00   -1.78604e+06
    Kinetic En.   Total Energy  Conserved En.    Temperature Pressure (bar)
    3.20853e+05   -1.46518e+06   -1.85206e+06    3.09992e+02   -1.30759e+01


DD  step 37999  vol min/aver 0.527  load imb.: force  2.5%
           Step           Time
          38000      760.00000

   Energies (kJ/mol)
           Bond          Angle        LJ (SR)   Coulomb (SR)      Potential
    2.28179e+04    1.98565e+04   -1.82685e+06    0.00000e+00   -1.78418e+06
    Kinetic En.   Total Energy  Conserved En.    Temperature Pressure (bar)
    3.20425e+05   -1.46375e+06   -1.85179e+06    3.09578e+02   -2.81057e+01


DD  step 38999  vol min/aver 0.550  load imb.: force  4.0%
           Step           Time
          39000      780.00000

   Energies (kJ/mol)
           Bond          Angle        LJ (SR)   Coulomb (SR)      Potential
    2.32602e+04    1.98863e+04   -1.82896e+06    0.00000e+00   -1.78582e+06
    Kinetic En.   Total Energy  Conserved En.    Temperature Pressure (bar)
    3.22539e+05   -1.46328e+06   -1.85100e+06    3.11620e+02    6.12193e+00


DD  step 39999  vol min/aver 0.573  load imb.: force  1.4%
           Step           Time
          40000      800.00000

   Energies (kJ/mol)
           Bond          Angle        LJ (SR)   Coulomb (SR)      Potential
    2.27598e+04    1.99258e+04   -1.82729e+06    0.00000e+00   -1.78461e+06
    Kinetic En.   Total Energy  Conserved En.    Temperature Pressure (bar)
    3.21132e+05   -1.46347e+06   -1.85102e+06    3.10261e+02   -1.67583e+01


DD  step 40999  vol min/aver 0.566  load imb.: force  1.2%
           Step           Time
          41000      820.00000

   Energies (kJ/mol)
           Bond          Angle        LJ (SR)   Coulomb (SR)      Potential
    2.24140e+04    1.99773e+04   -1.82760e+06    0.00000e+00   -1.78521e+06
    Kinetic En.   Total Energy  Conserved En.    Temperature Pressure (bar)
    3.20092e+05   -1.46512e+06   -1.85051e+06    3.09256e+02    2.87422e+00


DD  step 41999  vol min/aver 0.599  load imb.: force 36.9%
           Step           Time
          42000      840.00000

   Energies (kJ/mol)
           Bond          Angle        LJ (SR)   Coulomb (SR)      Potential
    2.26102e+04    1.94334e+04   -1.82778e+06    0.00000e+00   -1.78574e+06
    Kinetic En.   Total Energy  Conserved En.    Temperature Pressure (bar)
    3.22612e+05   -1.46313e+06   -1.85013e+06    3.11691e+02    2.27492e+01


DD  step 42999  vol min/aver 0.601  load imb.: force  2.1%
           Step           Time
          43000      860.00000

   Energies (kJ/mol)
           Bond          Angle        LJ (SR)   Coulomb (SR)      Potential
    2.28647e+04    2.02305e+04   -1.82753e+06    0.00000e+00   -1.78443e+06
    Kinetic En.   Total Energy  Conserved En.    Temperature Pressure (bar)
    3.19996e+05   -1.46444e+06   -1.84985e+06    3.09164e+02    7.43453e+00


DD  step 43999  vol min/aver 0.594  load imb.: force  5.2%
           Step           Time
          44000      880.00000

   Energies (kJ/mol)
           Bond          Angle        LJ (SR)   Coulomb (SR)      Potential
    2.23511e+04    1.96118e+04   -1.82645e+06    0.00000e+00   -1.78448e+06
    Kinetic En.   Total Energy  Conserved En.    Temperature Pressure (bar)
    3.23032e+05   -1.46145e+06   -1.84998e+06    3.12097e+02   -1.59705e+01


DD  step 44999  vol min/aver 0.516  load imb.: force  2.8%
           Step           Time
          45000      900.00000

   Energies (kJ/mol)
           Bond          Angle        LJ (SR)   Coulomb (SR)      Potential
    2.28303e+04    1.99225e+04   -1.82556e+06    0.00000e+00   -1.78281e+06
    Kinetic En.   Total Energy  Conserved En.    Temperature Pressure (bar)
    3.21668e+05   -1.46114e+06   -1.84933e+06    3.10779e+02    6.29382e+00


DD  step 45999  vol min/aver 0.547  load imb.: force  5.4%
           Step           Time
          46000      920.00000

   Energies (kJ/mol)
           Bond          Angle        LJ (SR)   Coulomb (SR)      Potential
    2.27350e+04    1.99941e+04   -1.82679e+06    0.00000e+00   -1.78406e+06
    Kinetic En.   Total Energy  Conserved En.    Temperature Pressure (bar)
    3.20488e+05   -1.46357e+06   -1.84908e+06    3.09639e+02    1.02870e+01


DD  step 46999  vol min/aver 0.581  load imb.: force  5.2%
           Step           Time
          47000      940.00000

   Energies (kJ/mol)
           Bond          Angle        LJ (SR)   Coulomb (SR)      Potential
    2.31490e+04    1.97820e+04   -1.82743e+06    0.00000e+00   -1.78450e+06
    Kinetic En.   Total Energy  Conserved En.    Temperature Pressure (bar)
    3.22448e+05   -1.46205e+06   -1.84871e+06    3.11532e+02    2.98101e-01


DD  step 47999  vol min/aver 0.568  load imb.: force  1.7%
           Step           Time
          48000      960.00000

   Energies (kJ/mol)
           Bond          Angle        LJ (SR)   Coulomb (SR)      Potential
    2.28645e+04    1.97749e+04   -1.82850e+06    0.00000e+00   -1.78586e+06
    Kinetic En.   Total Energy  Conserved En.    Temperature Pressure (bar)
    3.21717e+05   -1.46415e+06   -1.84799e+06    3.10826e+02   -4.52388e+00


DD  step 48999  vol min/aver 0.560  load imb.: force  1.2%
           Step           Time
          49000      980.00000

   Energies (kJ/mol)
           Bond          Angle        LJ (SR)   Coulomb (SR)      Potential
    2.29425e+04    1.97114e+04   -1.82737e+06    0.00000e+00   -1.78472e+06
    Kinetic En.   Total Energy  Conserved En.    Temperature Pressure (bar)
    3.21003e+05   -1.46372e+06   -1.84779e+06    3.10136e+02    1.90767e+01


DD  step 49999  vol min/aver 0.593  load imb.: force  8.3%
           Step           Time
          50000     1000.00000

Writing checkpoint, step 50000 at Mon Feb 23 07:27:45 2026


   Energies (kJ/mol)
           Bond          Angle        LJ (SR)   Coulomb (SR)      Potential
    2.31964e+04    1.99852e+04   -1.82832e+06    0.00000e+00   -1.78514e+06
    Kinetic En.   Total Energy  Conserved En.    Temperature Pressure (bar)
    3.21296e+05   -1.46384e+06   -1.84746e+06    3.10419e+02   -1.10550e-01


Energy conservation over simulation part #1 of length 1000 ps, time 0 to 1000 ps
  Conserved energy drift: -1.18e-04 kJ/mol/ps per atom


	<======  ###############  ==>
	<====  A V E R A G E S  ====>
	<==  ###############  ======>

	Statistics over 50001 steps using 501 frames

   Energies (kJ/mol)
           Bond          Angle        LJ (SR)   Coulomb (SR)      Potential
    2.29018e+04    2.00460e+04   -1.82860e+06    0.00000e+00   -1.78565e+06
    Kinetic En.   Total Energy  Conserved En.    Temperature Pressure (bar)
    3.20527e+05   -1.46512e+06   -1.85610e+06    3.09676e+02   -7.18841e-01

          Box-X          Box-Y          Box-Z
    2.05164e+01    2.05164e+01    2.04576e+01

   Total Virial (kJ/mol)
    1.06907e+05    2.21311e+02   -9.03518e+01
    2.21318e+02    1.06973e+05    4.39863e+01
   -9.03491e+01    4.39857e+01    1.07052e+05

   Pressure (bar)
   -3.99983e-01   -7.75151e-01    4.52649e-01
   -7.75175e-01   -7.76315e-01   -1.64146e-01
    4.52639e-01   -1.64143e-01   -9.80224e-01


	M E G A - F L O P S   A C C O U N T I N G

 NB=Group-cutoff nonbonded kernels    NxN=N-by-N cluster Verlet kernels
 RF=Reaction-Field  VdW=Van der Waals  QSTab=quadratic-spline table
 W3=SPC/TIP3p  W4=TIP4p (single or pairs)
 V&F=Potential and force  V=Potential only  F=Force only

 Computing:                               M-Number         M-Flops  % Flops
-----------------------------------------------------------------------------
 Pair Search distance check           34112.530572      307012.775     1.4
 NxN LJ [F]                          630161.457120    20795328.085    96.3
 NxN LJ [V&F]                          6378.055488      274256.386     1.3
 Reset In Box                           207.480000         622.440     0.0
 CG-CoM                                 207.645984         622.938     0.0
 Bonds                                  870.017400       51331.027     0.2
 Angles                                 745.014900      125162.503     0.6
 Virial                                 420.444072        7567.993     0.0
 Stop-CM                                 41.661984         416.620     0.0
 P-Coupling                             415.042992        2490.258     0.0
 Calc-Ekin                              830.085984       22412.322     0.1
-----------------------------------------------------------------------------
 Total                                                21587223.347   100.0
-----------------------------------------------------------------------------


    D O M A I N   D E C O M P O S I T I O N   S T A T I S T I C S

 av. #atoms communicated per step for force:  2 x 71436.6


Dynamic load balancing report:
 DLB was turned on during the run due to measured imbalance.
 Average load imbalance: 6.0%.
 The balanceable part of the MD step is 64%, load imbalance is computed from this.
 Part of the total run time spent waiting due to load imbalance: 3.8%.
 Steps where the load balancing was limited by -rdd, -rcon and/or -dds: X 0 % Y 0 % Z 0 %


      R E A L   C Y C L E   A N D   T I M E   A C C O U N T I N G

On 24 MPI ranks

 Activity:              Num   Num      Call    Wall time         Giga-Cycles
                        Ranks Threads  Count      (s)         total sum    %
--------------------------------------------------------------------------------
 Domain decomp.           24    1       2501       2.793        162.167   4.9
 DD comm. load            24    1       2461       0.032          1.879   0.1
 DD comm. bounds          24    1       2459       0.107          6.196   0.2
 Neighbor search          24    1       2501       6.843        397.309  12.0
 Comm. coord.             24    1      47500       2.089        121.299   3.7
 Force                    24    1      50001      33.957       1971.565  59.7
 Wait + Comm. F           24    1      50001       6.561        380.911  11.5
 NB X/F buffer ops.       24    1     147502       1.653         95.996   2.9
 Write traj.              24    1         51       0.059          3.430   0.1
 Update                   24    1      50001       0.658         38.230   1.2
 Kinetic energy           24    1      10001       0.281         16.343   0.5
 Comm. energies           24    1       5001       1.439         83.535   2.5
 Rest                                              0.399         23.175   0.7
--------------------------------------------------------------------------------
 Total                                            56.872       3302.032 100.0
--------------------------------------------------------------------------------

NOTE: 5 % of the run time was spent in domain decomposition,
      12 % of the run time was spent in pair search,
      you might want to increase nstlist (this has no effect on accuracy)

               Core t (s)   Wall t (s)        (%)
       Time:     1364.927       56.872     2400.0
                 (ns/day)    (hour/ns)
Performance:     1519.230        0.016
Finished mdrun on rank 0 Mon Feb 23 07:27:45 2026

