                      :-) GROMACS - gmx mdrun, 2025.4 (-:

Copyright 1991-2025 The GROMACS Authors.
GROMACS is free software; you can redistribute it and/or modify it
under the terms of the GNU Lesser General Public License
as published by the Free Software Foundation; either version 2.1
of the License, or (at your option) any later version.

                         Current GROMACS contributors:
       Mark Abraham           Andrey Alekseenko           Brian Andrews       
      Vladimir Basov              Paul Bauer                Hugh Bird         
      Eliane Briand               Ania Brown              Mahesh Doijade      
      Giacomo Fiorin          Stefan Fleischmann          Sergey Gorelov      
   Gilles Gouaillardet            Alan Gray              M. Eric Irrgang      
   Farzaneh Jalalypour         Petter Johansson          Carsten Kutzner      
    Grzegorz Łazarski         Justin A. Lemkul          Magnus Lundborg      
       Pascal Merz             Vedran Miletić            Dmitry Morozov      
     Lukas Müllender            Julien Nabet             Szilárd Páll      
 Andrea Pasquadibisceglie     Michele Pellegrino         Nicola Piasentin     
     Daniele Rapetti         Muhammad Umair Sadiq         Hubert Santuz       
      Roland Schulz             Michael Shirts           Tatiana Shugaeva     
     Alexey Shvetsov            Philip Turner            Alessandra Villa     
 Sebastian Wingbermühle  

                         Previous GROMACS contributors:
        Emile Apol             Rossen Apostolov           James Barnett       
  Herman J.C. Berendsen         Cathrine Bergh             Par Bjelkmar       
      Christian Blau          Viacheslav Bolnykh            Kevin Boyd        
    Aldert van Buuren          Carlo Camilloni           Rudi van Drunen      
      Anton Feenstra           Oliver Fleetwood            Vytas Gapsys       
       Gaurav Garg             Gerrit Groenhof            Bert de Groot       
      Anca Hamuraru           Vincent Hindriksen          Victor Holanda      
     Aleksei Iupinov              Joe Jordan            Christoph Junghans    
    Prashanth Kanduri        Dimitrios Karkoulis           Peter Kasson       
      Sebastian Kehl           Sebastian Keller             Jiri Kraus        
       Per Larsson              Viveca Lindahl            Erik Marklund       
    Pieter Meulenhoff           Teemu Murtola              Sander Pronk       
      Alfons Sijbers            Balint Soproni         David van der Spoel    
      Peter Tieleman            Carsten Uphoff             Jon Vincent        
     Teemu Virolainen         Christian Wennberg           Maarten Wolf       
      Artem Zhmurov       

                  Coordinated by the GROMACS project leaders:
                           Berk Hess and Erik Lindahl

GROMACS:      gmx mdrun, version 2025.4
Executable:   /usr/local/gromacs/bin/gmx
Data prefix:  /usr/local/gromacs
Working dir:  /home/kalki/MD/deepchem-polymer-merged/MD/auto_workflow
Process ID:   39209
Command line:
  gmx mdrun -s ./outputs/run-2-50ns-002dt/npt.tpr -deffnm npt -o ./outputs/run-2-50ns-002dt/npt.trr -x ./outputs/run-2-50ns-002dt/npt.xtc -c ./outputs/run-2-50ns-002dt/npt.gro -e ./outputs/run-2-50ns-002dt/npt.edr -g ./outputs/run-2-50ns-002dt/npt.log

GROMACS version:     2025.4
Precision:           mixed
Memory model:        64 bit
MPI library:         thread_mpi
OpenMP support:      enabled (GMX_OPENMP_MAX_THREADS = 128)
GPU support:         CUDA
NBNxM GPU setup:     super-cluster 2x2x2 / cluster 8 (cluster-pair splitting on)
SIMD instructions:   AVX2_256
CPU FFT library:     fftw-3.3.10-sse2-avx-avx2-avx2_128
GPU FFT library:     cuFFT
Multi-GPU FFT:       none
RDTSCP usage:        enabled
TNG support:         enabled
Hwloc support:       disabled
Tracing support:     disabled
C compiler:          /usr/bin/cc GNU 13.3.0
C compiler flags:    -fexcess-precision=fast -funroll-all-loops -mavx2 -mfma -Wno-missing-field-initializers -O3 -DNDEBUG
C++ compiler:        /usr/bin/c++ GNU 13.3.0
C++ compiler flags:  -fexcess-precision=fast -funroll-all-loops -mavx2 -mfma -Wno-missing-field-initializers -Wno-cast-function-type-strict SHELL:-fopenmp -O3 -DNDEBUG
BLAS library:        Internal
LAPACK library:      Internal
CUDA compiler:       /usr/local/cuda/bin/nvcc nvcc: NVIDIA (R) Cuda compiler driver;Copyright (c) 2005-2025 NVIDIA Corporation;Built on Wed_Aug_20_01:58:59_PM_PDT_2025;Cuda compilation tools, release 13.0, V13.0.88;Build cuda_13.0.r13.0/compiler.36424714_0
CUDA compiler flags: -O3 -DNDEBUG
CUDA driver:         12.80
CUDA runtime:        13.0


Running on 1 node with total 12 cores, 24 processing units (GPU detection failed: CUDA driver version is insufficient for CUDA runtime version)
Hardware detected on host DESKTOP-E098P2T:
  CPU info:
    Vendor: Intel
    Brand:  12th Gen Intel(R) Core(TM) i9-12900
    Family: 6   Model: 151   Stepping: 2
    Features: aes apic avx avx2 clfsh cmov cx8 cx16 f16c fma htt intel lahf mmx msr nonstop_tsc pcid pclmuldq pdpe1gb popcnt pse rdrnd rdtscp sha sse2 sse3 sse4.1 sse4.2 ssse3 tdt x2apic
  Hardware topology: Basic
    Packages, cores, and logical processors:
    [indices refer to OS logical processors]
      Package  0: [   0   1] [   2   3] [   4   5] [   6   7] [   8   9] [  10  11] [  12  13] [  14  15] [  16  17] [  18  19] [  20  21] [  22  23]
    CPU limit set by OS: -1   Recommended max number of threads: 24


++++ PLEASE READ AND CITE THE FOLLOWING REFERENCE ++++
M. J. Abraham, T. Murtola, R. Schulz, S. Páll, J. C. Smith, B. Hess, E.
Lindahl
GROMACS: High performance molecular simulations through multi-level
parallelism from laptops to supercomputers
SoftwareX (2015)
DOI: 10.1016/j.softx.2015.06.001
-------- -------- --- Thank You --- -------- --------


++++ PLEASE READ AND CITE THE FOLLOWING REFERENCE ++++
S. Páll, M. J. Abraham, C. Kutzner, B. Hess, E. Lindahl
Tackling Exascale Software Challenges in Molecular Dynamics Simulations with
GROMACS
In S. Markidis & E. Laure (Eds.), Solving Software Challenges for Exascale (2015)
DOI: 10.1007/978-3-319-15976-8_1
-------- -------- --- Thank You --- -------- --------


++++ PLEASE READ AND CITE THE FOLLOWING REFERENCE ++++
S. Pronk, S. Páll, R. Schulz, P. Larsson, P. Bjelkmar, R. Apostolov, M. R.
Shirts, J. C. Smith, P. M. Kasson, D. van der Spoel, B. Hess, E. Lindahl
GROMACS 4.5: a high-throughput and highly parallel open source molecular
simulation toolkit
Bioinformatics (2013)
DOI: 10.1093/bioinformatics/btt055
-------- -------- --- Thank You --- -------- --------


++++ PLEASE READ AND CITE THE FOLLOWING REFERENCE ++++
B. Hess, C. Kutzner, D. van der Spoel, E. Lindahl
GROMACS 4: Algorithms for highly efficient, load-balanced, and scalable
molecular simulation
J. Chem. Theory Comput. (2008)
DOI: 10.1021/ct700301q
-------- -------- --- Thank You --- -------- --------


++++ PLEASE READ AND CITE THE FOLLOWING REFERENCE ++++
D. van der Spoel, E. Lindahl, B. Hess, G. Groenhof, A. E. Mark, H. J. C.
Berendsen
GROMACS: Fast, Flexible and Free
J. Comp. Chem. (2005)
DOI: 10.1002/jcc.20291
-------- -------- --- Thank You --- -------- --------


++++ PLEASE READ AND CITE THE FOLLOWING REFERENCE ++++
E. Lindahl, B. Hess, D. van der Spoel
GROMACS 3.0: A package for molecular simulation and trajectory analysis
J. Mol. Mod. (2001)
DOI: 10.1007/s008940100045
-------- -------- --- Thank You --- -------- --------


++++ PLEASE READ AND CITE THE FOLLOWING REFERENCE ++++
H. J. C. Berendsen, D. van der Spoel and R. van Drunen
GROMACS: A message-passing parallel molecular dynamics implementation
Comp. Phys. Comm. (1995)
DOI: 10.1016/0010-4655(95)00042-E
-------- -------- --- Thank You --- -------- --------


++++ PLEASE CITE THE DOI FOR THIS VERSION OF GROMACS ++++
https://doi.org/10.5281/zenodo.17671793
-------- -------- --- Thank You --- -------- --------

Input Parameters:
   integrator                     = md
   tinit                          = 0
   dt                             = 0.02
   nsteps                         = 50000
   init-step                      = 0
   simulation-part                = 1
   mts                            = false
   mass-repartition-factor        = 1
   comm-mode                      = Linear
   nstcomm                        = 100
   bd-fric                        = 0
   ld-seed                        = -9437511
   emtol                          = 10
   emstep                         = 0.01
   niter                          = 20
   fcstep                         = 0
   nstcgsteep                     = 1000
   nbfgscorr                      = 10
   rtpi                           = 0.05
   nstxout                        = 5000
   nstvout                        = 5000
   nstfout                        = 0
   nstlog                         = 1000
   nstcalcenergy                  = 100
   nstenergy                      = 1000
   nstxout-compressed             = 1000
   compressed-x-precision         = 1000
   cutoff-scheme                  = Verlet
   nstlist                        = 20
   pbc                            = xyz
   periodic-molecules             = false
   verlet-buffer-tolerance        = 0.005
   verlet-buffer-pressure-tolerance = 0.5
   rlist                          = 1.292
   coulombtype                    = Reaction-Field
   coulomb-modifier               = Potential-shift
   rcoulomb-switch                = 0
   rcoulomb                       = 1.1
   epsilon-r                      = 15
   epsilon-rf                     = inf
   vdw-type                       = Cut-off
   vdw-modifier                   = Potential-shift
   rvdw-switch                    = 0
   rvdw                           = 1.1
   DispCorr                       = No
   table-extension                = 1
   fourierspacing                 = 0.12
   fourier-nx                     = 0
   fourier-ny                     = 0
   fourier-nz                     = 0
   pme-order                      = 4
   ewald-rtol                     = 1e-05
   ewald-rtol-lj                  = 0.001
   lj-pme-comb-rule               = Geometric
   ewald-geometry                 = 3d
   epsilon-surface                = 0
   ensemble-temperature-setting   = constant
   ensemble-temperature           = 310
   tcoupl                         = V-rescale
   nsttcouple                     = 10
   nh-chain-length                = 0
   print-nose-hoover-chain-variables = false
   pcoupl                         = C-rescale
   pcoupltype                     = Semiisotropic
   nstpcouple                     = 10
   tau-p                          = 5
   compressibility (3x3):
      compressibility[    0]={ 3.00000e-04,  0.00000e+00,  0.00000e+00}
      compressibility[    1]={ 0.00000e+00,  3.00000e-04,  0.00000e+00}
      compressibility[    2]={ 0.00000e+00,  0.00000e+00,  3.00000e-04}
   ref-p (3x3):
      ref-p[    0]={ 1.00000e+00,  0.00000e+00,  0.00000e+00}
      ref-p[    1]={ 0.00000e+00,  1.00000e+00,  0.00000e+00}
      ref-p[    2]={ 0.00000e+00,  0.00000e+00,  1.00000e+00}
   refcoord-scaling               = COM
   posres-com: not available
   posres-comB: not available
   QMMM                           = false
qm-opts:
   ngQM                           = 0
   constraint-algorithm           = Lincs
   continuation                   = false
   Shake-SOR                      = false
   shake-tol                      = 0.0001
   lincs-order                    = 4
   lincs-iter                     = 1
   lincs-warnangle                = 30
   nwall                          = 0
   wall-type                      = 9-3
   wall-r-linpot                  = -1
   wall-atomtype[0]               = -1
   wall-atomtype[1]               = -1
   wall-density[0]                = 0
   wall-density[1]                = 0
   wall-ewald-zfac                = 3
   pull                           = false
   awh                            = false
   rotation                       = false
   interactiveMD                  = false
   disre                          = No
   disre-weighting                = Conservative
   disre-mixed                    = false
   dr-fc                          = 1000
   dr-tau                         = 0
   nstdisreout                    = 100
   orire-fc                       = 0
   orire-tau                      = 0
   nstorireout                    = 100
   free-energy                    = no
   cos-acceleration               = 0
   deform (3x3):
      deform[    0]={ 0.00000e+00,  0.00000e+00,  0.00000e+00}
      deform[    1]={ 0.00000e+00,  0.00000e+00,  0.00000e+00}
      deform[    2]={ 0.00000e+00,  0.00000e+00,  0.00000e+00}
   simulated-tempering            = false
   swapcoords                     = no
   userint1                       = 0
   userint2                       = 0
   userint3                       = 0
   userint4                       = 0
   userreal1                      = 0
   userreal2                      = 0
   userreal3                      = 0
   userreal4                      = 0
   applied-forces:
     electric-field:
       x:
         E0                       = 0
         omega                    = 0
         t0                       = 0
         sigma                    = 0
       y:
         E0                       = 0
         omega                    = 0
         t0                       = 0
         sigma                    = 0
       z:
         E0                       = 0
         omega                    = 0
         t0                       = 0
         sigma                    = 0
     density-guided-simulation:
       active                     = false
       group                      = protein
       similarity-measure         = inner-product
       atom-spreading-weight      = unity
       force-constant             = 1e+09
       gaussian-transform-spreading-width = 0.2
       gaussian-transform-spreading-range-in-multiples-of-width = 4
       reference-density-filename = reference.mrc
       nst                        = 1
       normalize-densities        = true
       adaptive-force-scaling     = false
       adaptive-force-scaling-time-constant = 4
       shift-vector               = 
       transformation-matrix      = 
     qmmm-cp2k:
       active                     = false
       qmgroup                    = System
       qmmethod                   = PBE
       qmfilenames                = 
       qmcharge                   = 0
       qmmultiplicity             = 1
     colvars:
       active                     = false
       configfile                 = 
       seed                       = -1
     nnpot:
       active                     = false
       modelfile                  = model.pt
       input-group                = System
       model-input1               = 
       model-input2               = 
       model-input3               = 
       model-input4               = 
grpopts:
   nrdf:      249033
   ref-t:         310
   tau-t:           1
annealing:          No
annealing-npoints:           0
   acc:	           0           0           0
   nfreeze:           N           N           N
   energygrp-flags[  0]: 0


Changing rlist from 1.292 to 1.288 for non-bonded 4x4 atom kernels

When checking whether update groups are usable:
  No constraints or virtual sites are in use, so it is best not to use update groups

Initializing Domain Decomposition on 24 ranks
Dynamic load balancing: auto
Minimum cell size due to atom displacement: 0.732 nm
Initial maximum distances in bonded interactions:
    two-body bonded interactions: 0.530 nm, Bond, atoms 74369 74370
  multi-body bonded interactions: 1.281 nm, Angle, atoms 81162 81168
Minimum cell size due to bonded interactions: 1.288 nm
Scaling the initial minimum size with 1/0.8 (option -dds) = 1.25
The system does not use PME for electrostatics or LJ
Optimizing the DD grid for 24 cells with a minimum initial size of 1.610 nm
The maximum allowed number of cells is: X 12 Y 12 Z 12
Domain decomposition grid 4 x 3 x 2, separate PME ranks 0
Domain decomposition rank 0, coordinates 0 0 0

The initial number of communication pulses is: X 1 Y 1 Z 1
The initial domain decomposition cell size is: X 5.00 nm Y 6.67 nm Z 10.00 nm

The maximum allowed distance for atoms involved in interactions is:
                 non-bonded interactions           1.288 nm
(the following are initial values, they could change due to box deformation)
            two-body bonded interactions  (-rdd)   1.288 nm
          multi-body bonded interactions  (-rdd)   1.288 nm

When dynamic load balancing gets turned on, these settings will change to:
The maximum number of communication pulses is: X 1 Y 1 Z 1
The minimum size for domain decomposition cells is 1.288 nm
The requested allowed shrink of DD cells (option -dds) is: 0.80
The allowed shrink of domain decomposition cells is: X 0.26 Y 0.19 Z 0.13
The maximum allowed distance for atoms involved in interactions is:
                 non-bonded interactions           1.288 nm
            two-body bonded interactions  (-rdd)   1.288 nm
          multi-body bonded interactions  (-rdd)   1.288 nm

Local state does not use filler particles

Using 24 MPI threads
Using 1 OpenMP thread per tMPI thread

System total charge: 0.000
Reaction-Field:
epsRF = 0, rc = 1.1, krf = 0.375657, crf = 1.36364, epsfac = 9.26236
The electrostatics potential has its minimum at r = 1.1
Potential shift: LJ r^-12: -3.186e-01 r^-6: -5.645e-01


Using SIMD4xM 4x8 nonbonded short-range kernels

Using a dual 4x8 pair-list setup updated with dynamic pruning:
  outer list: updated every 20 steps, buffer 0.188 nm, rlist 1.288 nm
  inner list: updated every  5 steps, buffer 0.072 nm, rlist 1.172 nm
At tolerance 0.005 kJ/mol/ps per atom, equivalent classical 1x1 list would be:
  outer list: updated every 20 steps, buffer 0.266 nm, rlist 1.366 nm
  inner list: updated every  5 steps, buffer 0.083 nm, rlist 1.183 nm

The average pressure is off by at most 0.50 bar due to missing LJ interactions

Using full Lennard-Jones parameter combination matrix
Removing pbc first time

Linking all bonded interactions to atoms


Pinning threads with an auto-selected logical cpu stride of 1
Intra-simulation communication will occur every 10 steps.

++++ PLEASE READ AND CITE THE FOLLOWING REFERENCE ++++
G. Bussi, D. Donadio, M. Parrinello
Canonical sampling through velocity rescaling
J. Chem. Phys. (2007)
DOI: 10.1063/1.2408420
-------- -------- --- Thank You --- -------- --------


++++ PLEASE READ AND CITE THE FOLLOWING REFERENCE ++++
M. Bernetti, G. Bussi
Pressure control using stochastic cell rescaling
J. Chem. Phys. (2020)
DOI: 10.1063/5.0020514
-------- -------- --- Thank You --- -------- --------

There are: 83012 Atoms
Atom distribution over 24 domains: av 3458 stddev 152 min 3209 max 3818
Center of mass motion removal mode is Linear
We have the following groups for center of mass motion removal:
  0:  rest
Initial temperature: 310.02 K

Started mdrun on rank 0 Mon Feb 23 16:13:52 2026

           Step           Time
              0        0.00000

   Energies (kJ/mol)
           Bond          Angle        LJ (SR)   Coulomb (SR)      Potential
    8.78287e+03    1.84375e+04   -2.19558e+06    0.00000e+00   -2.16836e+06
    Kinetic En.   Total Energy  Conserved En.    Temperature Pressure (bar)
    3.20967e+05   -1.84740e+06   -1.82502e+06    3.10027e+02   -1.75529e+03


DD  step 19 load imb.: force 52.2%

step 40 Turning on dynamic load balancing, because the performance loss due to load imbalance is 17.0 %.

DD  step 999  vol min/aver 0.619  load imb.: force  2.3%
           Step           Time
           1000       20.00000

   Energies (kJ/mol)
           Bond          Angle        LJ (SR)   Coulomb (SR)      Potential
    2.43415e+04    2.49523e+04   -1.83498e+06    0.00000e+00   -1.78568e+06
    Kinetic En.   Total Energy  Conserved En.    Temperature Pressure (bar)
    3.19571e+05   -1.46611e+06   -1.85039e+06    3.08679e+02   -1.49289e+01


DD  step 1999  vol min/aver 0.580  load imb.: force  2.2%
           Step           Time
           2000       40.00000

   Energies (kJ/mol)
           Bond          Angle        LJ (SR)   Coulomb (SR)      Potential
    2.39152e+04    2.26630e+04   -1.82876e+06    0.00000e+00   -1.78218e+06
    Kinetic En.   Total Energy  Conserved En.    Temperature Pressure (bar)
    3.20985e+05   -1.46119e+06   -1.85056e+06    3.10044e+02   -9.44153e+00


DD  step 2999  vol min/aver 0.506  load imb.: force 14.0%
           Step           Time
           3000       60.00000

   Energies (kJ/mol)
           Bond          Angle        LJ (SR)   Coulomb (SR)      Potential
    2.38664e+04    2.21830e+04   -1.82796e+06    0.00000e+00   -1.78191e+06
    Kinetic En.   Total Energy  Conserved En.    Temperature Pressure (bar)
    3.18473e+05   -1.46343e+06   -1.85023e+06    3.07618e+02   -1.35359e+01


DD  step 3999  vol min/aver 0.633  load imb.: force  4.6%
           Step           Time
           4000       80.00000

   Energies (kJ/mol)
           Bond          Angle        LJ (SR)   Coulomb (SR)      Potential
    2.32498e+04    2.16992e+04   -1.82808e+06    0.00000e+00   -1.78313e+06
    Kinetic En.   Total Energy  Conserved En.    Temperature Pressure (bar)
    3.20326e+05   -1.46280e+06   -1.84986e+06    3.09408e+02   -2.50049e+01


DD  step 4999  vol min/aver 0.605  load imb.: force 32.2%
           Step           Time
           5000      100.00000

   Energies (kJ/mol)
           Bond          Angle        LJ (SR)   Coulomb (SR)      Potential
    2.31390e+04    2.08004e+04   -1.82781e+06    0.00000e+00   -1.78387e+06
    Kinetic En.   Total Energy  Conserved En.    Temperature Pressure (bar)
    3.19364e+05   -1.46451e+06   -1.84946e+06    3.08478e+02   -2.94409e+00


DD  step 5999  vol min/aver 0.597  load imb.: force  4.3%
           Step           Time
           6000      120.00000

   Energies (kJ/mol)
           Bond          Angle        LJ (SR)   Coulomb (SR)      Potential
    2.30974e+04    2.13166e+04   -1.82724e+06    0.00000e+00   -1.78283e+06
    Kinetic En.   Total Energy  Conserved En.    Temperature Pressure (bar)
    3.20328e+05   -1.46250e+06   -1.84894e+06    3.09410e+02    1.02921e+01


DD  step 6999  vol min/aver 0.621  load imb.: force  3.9%
           Step           Time
           7000      140.00000

   Energies (kJ/mol)
           Bond          Angle        LJ (SR)   Coulomb (SR)      Potential
    2.26414e+04    2.11676e+04   -1.82999e+06    0.00000e+00   -1.78618e+06
    Kinetic En.   Total Energy  Conserved En.    Temperature Pressure (bar)
    3.21766e+05   -1.46441e+06   -1.84838e+06    3.10798e+02    1.47664e+01


step 7200 Turning off dynamic load balancing, because it is degrading performance.
Atom distribution over 24 domains: av 3458 stddev 155 min 3270 max 3843

DD  step 7999 load imb.: force 37.4%

step 8000 Turning on dynamic load balancing, because the performance loss due to load imbalance is 5.5 %.
           Step           Time
           8000      160.00000

   Energies (kJ/mol)
           Bond          Angle        LJ (SR)   Coulomb (SR)      Potential
    2.29653e+04    2.08924e+04   -1.82904e+06    0.00000e+00   -1.78518e+06
    Kinetic En.   Total Energy  Conserved En.    Temperature Pressure (bar)
    3.22238e+05   -1.46294e+06   -1.84828e+06    3.11255e+02    3.23336e+00


DD  step 8999  vol min/aver 0.468  load imb.: force  2.4%
           Step           Time
           9000      180.00000

   Energies (kJ/mol)
           Bond          Angle        LJ (SR)   Coulomb (SR)      Potential
    2.34324e+04    2.08222e+04   -1.82748e+06    0.00000e+00   -1.78322e+06
    Kinetic En.   Total Energy  Conserved En.    Temperature Pressure (bar)
    3.19988e+05   -1.46323e+06   -1.84795e+06    3.09081e+02   -1.02824e+01


DD  step 9999  vol min/aver 0.655  load imb.: force  2.7%
           Step           Time
          10000      200.00000

   Energies (kJ/mol)
           Bond          Angle        LJ (SR)   Coulomb (SR)      Potential
    2.29896e+04    2.07320e+04   -1.83082e+06    0.00000e+00   -1.78710e+06
    Kinetic En.   Total Energy  Conserved En.    Temperature Pressure (bar)
    3.20680e+05   -1.46642e+06   -1.84723e+06    3.09749e+02    2.22324e+01


DD  step 10999  vol min/aver 0.598  load imb.: force 17.1%
           Step           Time
          11000      220.00000

   Energies (kJ/mol)
           Bond          Angle        LJ (SR)   Coulomb (SR)      Potential
    2.28375e+04    2.08161e+04   -1.82425e+06    0.00000e+00   -1.78060e+06
    Kinetic En.   Total Energy  Conserved En.    Temperature Pressure (bar)
    3.21797e+05   -1.45880e+06   -1.84770e+06    3.10828e+02    6.13339e+00


DD  step 11999  vol min/aver 0.596  load imb.: force  8.9%
           Step           Time
          12000      240.00000

   Energies (kJ/mol)
           Bond          Angle        LJ (SR)   Coulomb (SR)      Potential
    2.32485e+04    2.06044e+04   -1.82830e+06    0.00000e+00   -1.78445e+06
    Kinetic En.   Total Energy  Conserved En.    Temperature Pressure (bar)
    3.20541e+05   -1.46391e+06   -1.84689e+06    3.09616e+02   -3.96843e+00


DD  step 12999  vol min/aver 0.585  load imb.: force 16.1%
           Step           Time
          13000      260.00000

   Energies (kJ/mol)
           Bond          Angle        LJ (SR)   Coulomb (SR)      Potential
    2.28808e+04    2.09379e+04   -1.82874e+06    0.00000e+00   -1.78492e+06
    Kinetic En.   Total Energy  Conserved En.    Temperature Pressure (bar)
    3.22450e+05   -1.46247e+06   -1.84651e+06    3.11460e+02    1.33498e+01


step 13200 Turning off dynamic load balancing, because it is degrading performance.
Atom distribution over 24 domains: av 3458 stddev 163 min 3290 max 3873

DD  step 13999 load imb.: force 38.6%

step 14000 Turning on dynamic load balancing, because the performance loss due to load imbalance is 6.1 %.
           Step           Time
          14000      280.00000

   Energies (kJ/mol)
           Bond          Angle        LJ (SR)   Coulomb (SR)      Potential
    2.26648e+04    2.05443e+04   -1.82762e+06    0.00000e+00   -1.78441e+06
    Kinetic En.   Total Energy  Conserved En.    Temperature Pressure (bar)
    3.21062e+05   -1.46335e+06   -1.84614e+06    3.10118e+02    1.48439e+01


DD  step 14999  vol min/aver 0.620  load imb.: force  1.8%
           Step           Time
          15000      300.00000

   Energies (kJ/mol)
           Bond          Angle        LJ (SR)   Coulomb (SR)      Potential
    2.29258e+04    2.06333e+04   -1.83040e+06    0.00000e+00   -1.78684e+06
    Kinetic En.   Total Energy  Conserved En.    Temperature Pressure (bar)
    3.18746e+05   -1.46810e+06   -1.84556e+06    3.07881e+02   -5.24333e+00


DD  step 15999  vol min/aver 0.515  load imb.: force  1.7%
           Step           Time
          16000      320.00000

   Energies (kJ/mol)
           Bond          Angle        LJ (SR)   Coulomb (SR)      Potential
    2.35093e+04    2.04313e+04   -1.83031e+06    0.00000e+00   -1.78637e+06
    Kinetic En.   Total Energy  Conserved En.    Temperature Pressure (bar)
    3.18110e+05   -1.46826e+06   -1.84497e+06    3.07267e+02    1.65566e+01


DD  step 16999  vol min/aver 0.585  load imb.: force  4.0%
           Step           Time
          17000      340.00000

   Energies (kJ/mol)
           Bond          Angle        LJ (SR)   Coulomb (SR)      Potential
    2.28626e+04    2.00155e+04   -1.82827e+06    0.00000e+00   -1.78540e+06
    Kinetic En.   Total Energy  Conserved En.    Temperature Pressure (bar)
    3.21723e+05   -1.46367e+06   -1.84506e+06    3.10757e+02    4.56068e+00


DD  step 17999  vol min/aver 0.500  load imb.: force  1.6%
           Step           Time
          18000      360.00000

   Energies (kJ/mol)
           Bond          Angle        LJ (SR)   Coulomb (SR)      Potential
    2.31184e+04    2.07542e+04   -1.82743e+06    0.00000e+00   -1.78355e+06
    Kinetic En.   Total Energy  Conserved En.    Temperature Pressure (bar)
    3.21088e+05   -1.46247e+06   -1.84445e+06    3.10143e+02    2.50576e+00


DD  step 18999  vol min/aver 0.539  load imb.: force  4.4%
           Step           Time
          19000      380.00000

   Energies (kJ/mol)
           Bond          Angle        LJ (SR)   Coulomb (SR)      Potential
    2.28981e+04    2.07105e+04   -1.82749e+06    0.00000e+00   -1.78388e+06
    Kinetic En.   Total Energy  Conserved En.    Temperature Pressure (bar)
    3.20645e+05   -1.46324e+06   -1.84441e+06    3.09716e+02   -5.01719e-01


DD  step 19999  vol min/aver 0.637  load imb.: force 12.7%
           Step           Time
          20000      400.00000

   Energies (kJ/mol)
           Bond          Angle        LJ (SR)   Coulomb (SR)      Potential
    2.28582e+04    2.07684e+04   -1.82385e+06    0.00000e+00   -1.78022e+06
    Kinetic En.   Total Energy  Conserved En.    Temperature Pressure (bar)
    3.21814e+05   -1.45840e+06   -1.84437e+06    3.10845e+02    1.22901e+01


DD  step 20999  vol min/aver 0.633  load imb.: force  6.4%
           Step           Time
          21000      420.00000

   Energies (kJ/mol)
           Bond          Angle        LJ (SR)   Coulomb (SR)      Potential
    2.28927e+04    2.00839e+04   -1.82829e+06    0.00000e+00   -1.78532e+06
    Kinetic En.   Total Energy  Conserved En.    Temperature Pressure (bar)
    3.21164e+05   -1.46415e+06   -1.84345e+06    3.10217e+02    4.23397e+01


DD  step 21999  vol min/aver 0.595  load imb.: force 11.5%
           Step           Time
          22000      440.00000

   Energies (kJ/mol)
           Bond          Angle        LJ (SR)   Coulomb (SR)      Potential
    2.28965e+04    2.04987e+04   -1.82654e+06    0.00000e+00   -1.78315e+06
    Kinetic En.   Total Energy  Conserved En.    Temperature Pressure (bar)
    3.21500e+05   -1.46165e+06   -1.84329e+06    3.10542e+02    6.92915e+00


DD  step 22999  vol min/aver 0.603  load imb.: force 10.7%
           Step           Time
          23000      460.00000

   Energies (kJ/mol)
           Bond          Angle        LJ (SR)   Coulomb (SR)      Potential
    2.29883e+04    2.06286e+04   -1.82601e+06    0.00000e+00   -1.78239e+06
    Kinetic En.   Total Energy  Conserved En.    Temperature Pressure (bar)
    3.17798e+05   -1.46459e+06   -1.84301e+06    3.06966e+02   -1.24339e+01


DD  step 23999  vol min/aver 0.625  load imb.: force  3.0%
           Step           Time
          24000      480.00000

   Energies (kJ/mol)
           Bond          Angle        LJ (SR)   Coulomb (SR)      Potential
    2.31967e+04    2.01461e+04   -1.82979e+06    0.00000e+00   -1.78644e+06
    Kinetic En.   Total Energy  Conserved En.    Temperature Pressure (bar)
    3.22144e+05   -1.46430e+06   -1.84252e+06    3.11164e+02    3.99997e+00


DD  step 24999  vol min/aver 0.558  load imb.: force  4.6%
           Step           Time
          25000      500.00000

   Energies (kJ/mol)
           Bond          Angle        LJ (SR)   Coulomb (SR)      Potential
    2.29007e+04    2.07614e+04   -1.83009e+06    0.00000e+00   -1.78643e+06
    Kinetic En.   Total Energy  Conserved En.    Temperature Pressure (bar)
    3.21652e+05   -1.46478e+06   -1.84174e+06    3.10689e+02    4.22067e+00


DD  step 25999  vol min/aver 0.635  load imb.: force  5.2%
           Step           Time
          26000      520.00000

   Energies (kJ/mol)
           Bond          Angle        LJ (SR)   Coulomb (SR)      Potential
    2.27102e+04    2.02126e+04   -1.82885e+06    0.00000e+00   -1.78593e+06
    Kinetic En.   Total Energy  Conserved En.    Temperature Pressure (bar)
    3.20493e+05   -1.46544e+06   -1.84161e+06    3.09569e+02    5.14380e+00


DD  step 26999  vol min/aver 0.607  load imb.: force 20.3%
           Step           Time
          27000      540.00000

   Energies (kJ/mol)
           Bond          Angle        LJ (SR)   Coulomb (SR)      Potential
    2.30158e+04    2.04787e+04   -1.82950e+06    0.00000e+00   -1.78601e+06
    Kinetic En.   Total Energy  Conserved En.    Temperature Pressure (bar)
    3.20602e+05   -1.46541e+06   -1.84108e+06    3.09675e+02    1.19598e+01


DD  step 27999  vol min/aver 0.597  load imb.: force  3.8%
           Step           Time
          28000      560.00000

   Energies (kJ/mol)
           Bond          Angle        LJ (SR)   Coulomb (SR)      Potential
    2.28742e+04    2.05670e+04   -1.82903e+06    0.00000e+00   -1.78558e+06
    Kinetic En.   Total Energy  Conserved En.    Temperature Pressure (bar)
    3.21862e+05   -1.46372e+06   -1.84088e+06    3.10891e+02    7.69654e+00


DD  step 28999  vol min/aver 0.606  load imb.: force  5.2%
           Step           Time
          29000      580.00000

   Energies (kJ/mol)
           Bond          Angle        LJ (SR)   Coulomb (SR)      Potential
    2.25323e+04    2.03610e+04   -1.82829e+06    0.00000e+00   -1.78539e+06
    Kinetic En.   Total Energy  Conserved En.    Temperature Pressure (bar)
    3.22803e+05   -1.46259e+06   -1.84076e+06    3.11800e+02    5.12913e+00


DD  step 29999  vol min/aver 0.568  load imb.: force 14.5%
           Step           Time
          30000      600.00000

   Energies (kJ/mol)
           Bond          Angle        LJ (SR)   Coulomb (SR)      Potential
    2.30787e+04    1.99369e+04   -1.82586e+06    0.00000e+00   -1.78284e+06
    Kinetic En.   Total Energy  Conserved En.    Temperature Pressure (bar)
    3.19150e+05   -1.46369e+06   -1.84052e+06    3.08272e+02    6.34670e+00


DD  step 30999  vol min/aver 0.577  load imb.: force 14.4%
           Step           Time
          31000      620.00000

   Energies (kJ/mol)
           Bond          Angle        LJ (SR)   Coulomb (SR)      Potential
    2.29106e+04    2.05892e+04   -1.82926e+06    0.00000e+00   -1.78576e+06
    Kinetic En.   Total Energy  Conserved En.    Temperature Pressure (bar)
    3.19695e+05   -1.46606e+06   -1.84001e+06    3.08798e+02   -2.77809e+01


DD  step 31999  vol min/aver 0.605  load imb.: force  2.4%
           Step           Time
          32000      640.00000

   Energies (kJ/mol)
           Bond          Angle        LJ (SR)   Coulomb (SR)      Potential
    2.30192e+04    2.05470e+04   -1.82848e+06    0.00000e+00   -1.78491e+06
    Kinetic En.   Total Energy  Conserved En.    Temperature Pressure (bar)
    3.20708e+05   -1.46420e+06   -1.83958e+06    3.09777e+02    1.00381e+01


DD  step 32999  vol min/aver 0.601  load imb.: force 11.8%
           Step           Time
          33000      660.00000

   Energies (kJ/mol)
           Bond          Angle        LJ (SR)   Coulomb (SR)      Potential
    2.31660e+04    2.04936e+04   -1.82775e+06    0.00000e+00   -1.78409e+06
    Kinetic En.   Total Energy  Conserved En.    Temperature Pressure (bar)
    3.22297e+05   -1.46180e+06   -1.83934e+06    3.11311e+02    3.43227e+00


DD  step 33999  vol min/aver 0.580  load imb.: force 12.7%
           Step           Time
          34000      680.00000

   Energies (kJ/mol)
           Bond          Angle        LJ (SR)   Coulomb (SR)      Potential
    2.28796e+04    2.03566e+04   -1.82651e+06    0.00000e+00   -1.78327e+06
    Kinetic En.   Total Energy  Conserved En.    Temperature Pressure (bar)
    3.21005e+05   -1.46226e+06   -1.83937e+06    3.10064e+02   -4.66522e-01


DD  step 34999  vol min/aver 0.587  load imb.: force  1.5%
           Step           Time
          35000      700.00000

   Energies (kJ/mol)
           Bond          Angle        LJ (SR)   Coulomb (SR)      Potential
    2.22923e+04    1.99912e+04   -1.83001e+06    0.00000e+00   -1.78773e+06
    Kinetic En.   Total Energy  Conserved En.    Temperature Pressure (bar)
    3.21736e+05   -1.46599e+06   -1.83848e+06    3.10770e+02    1.43475e+00


DD  step 35999  vol min/aver 0.599  load imb.: force  2.3%
           Step           Time
          36000      720.00000

   Energies (kJ/mol)
           Bond          Angle        LJ (SR)   Coulomb (SR)      Potential
    2.27660e+04    2.03220e+04   -1.82780e+06    0.00000e+00   -1.78471e+06
    Kinetic En.   Total Energy  Conserved En.    Temperature Pressure (bar)
    3.21410e+05   -1.46330e+06   -1.83844e+06    3.10454e+02    4.92889e+00


DD  step 36999  vol min/aver 0.591  load imb.: force  3.4%
           Step           Time
          37000      740.00000

   Energies (kJ/mol)
           Bond          Angle        LJ (SR)   Coulomb (SR)      Potential
    2.30590e+04    2.03966e+04   -1.82646e+06    0.00000e+00   -1.78300e+06
    Kinetic En.   Total Energy  Conserved En.    Temperature Pressure (bar)
    3.20338e+05   -1.46267e+06   -1.83813e+06    3.09419e+02   -2.00579e+01


DD  step 37999  vol min/aver 0.499  load imb.: force 11.1%
           Step           Time
          38000      760.00000

   Energies (kJ/mol)
           Bond          Angle        LJ (SR)   Coulomb (SR)      Potential
    2.28259e+04    2.03488e+04   -1.82663e+06    0.00000e+00   -1.78345e+06
    Kinetic En.   Total Energy  Conserved En.    Temperature Pressure (bar)
    3.18976e+05   -1.46448e+06   -1.83771e+06    3.08103e+02    4.77270e+00


DD  step 38999  vol min/aver 0.621  load imb.: force  4.8%
           Step           Time
          39000      780.00000

   Energies (kJ/mol)
           Bond          Angle        LJ (SR)   Coulomb (SR)      Potential
    2.31980e+04    2.01102e+04   -1.82738e+06    0.00000e+00   -1.78407e+06
    Kinetic En.   Total Energy  Conserved En.    Temperature Pressure (bar)
    3.21562e+05   -1.46251e+06   -1.83746e+06    3.10601e+02   -1.85890e+01


DD  step 39999  vol min/aver 0.535  load imb.: force 20.1%
           Step           Time
          40000      800.00000

   Energies (kJ/mol)
           Bond          Angle        LJ (SR)   Coulomb (SR)      Potential
    2.29838e+04    2.03615e+04   -1.82923e+06    0.00000e+00   -1.78588e+06
    Kinetic En.   Total Energy  Conserved En.    Temperature Pressure (bar)
    3.20926e+05   -1.46496e+06   -1.83697e+06    3.09987e+02   -5.86580e-02


DD  step 40999  vol min/aver 0.582  load imb.: force 17.0%
           Step           Time
          41000      820.00000

   Energies (kJ/mol)
           Bond          Angle        LJ (SR)   Coulomb (SR)      Potential
    2.33264e+04    2.02831e+04   -1.82946e+06    0.00000e+00   -1.78585e+06
    Kinetic En.   Total Energy  Conserved En.    Temperature Pressure (bar)
    3.20843e+05   -1.46501e+06   -1.83654e+06    3.09907e+02   -7.16479e+00


DD  step 41999  vol min/aver 0.624  load imb.: force  7.5%
           Step           Time
          42000      840.00000

   Energies (kJ/mol)
           Bond          Angle        LJ (SR)   Coulomb (SR)      Potential
    2.27012e+04    2.05312e+04   -1.82776e+06    0.00000e+00   -1.78453e+06
    Kinetic En.   Total Energy  Conserved En.    Temperature Pressure (bar)
    3.20219e+05   -1.46431e+06   -1.83653e+06    3.09304e+02   -1.92130e+01


DD  step 42999  vol min/aver 0.583  load imb.: force 14.8%
           Step           Time
          43000      860.00000

   Energies (kJ/mol)
           Bond          Angle        LJ (SR)   Coulomb (SR)      Potential
    2.27607e+04    2.06692e+04   -1.82552e+06    0.00000e+00   -1.78209e+06
    Kinetic En.   Total Energy  Conserved En.    Temperature Pressure (bar)
    3.21824e+05   -1.46026e+06   -1.83640e+06    3.10855e+02   -2.33100e+00


DD  step 43999  vol min/aver 0.593  load imb.: force 19.4%
           Step           Time
          44000      880.00000

   Energies (kJ/mol)
           Bond          Angle        LJ (SR)   Coulomb (SR)      Potential
    2.31571e+04    2.06037e+04   -1.82871e+06    0.00000e+00   -1.78495e+06
    Kinetic En.   Total Energy  Conserved En.    Temperature Pressure (bar)
    3.20877e+05   -1.46407e+06   -1.83568e+06    3.09940e+02   -1.42990e+01


DD  step 44999  vol min/aver 0.472  load imb.: force  1.4%
           Step           Time
          45000      900.00000

   Energies (kJ/mol)
           Bond          Angle        LJ (SR)   Coulomb (SR)      Potential
    2.29497e+04    2.04700e+04   -1.82592e+06    0.00000e+00   -1.78250e+06
    Kinetic En.   Total Energy  Conserved En.    Temperature Pressure (bar)
    3.20175e+05   -1.46233e+06   -1.83551e+06    3.09262e+02   -1.14882e+01


DD  step 45999  vol min/aver 0.496  load imb.: force  3.7%
           Step           Time
          46000      920.00000

   Energies (kJ/mol)
           Bond          Angle        LJ (SR)   Coulomb (SR)      Potential
    2.28109e+04    2.02885e+04   -1.82813e+06    0.00000e+00   -1.78503e+06
    Kinetic En.   Total Energy  Conserved En.    Temperature Pressure (bar)
    3.22836e+05   -1.46219e+06   -1.83480e+06    3.11832e+02    2.27537e+01


DD  step 46999  vol min/aver 0.483  load imb.: force  5.9%
           Step           Time
          47000      940.00000

   Energies (kJ/mol)
           Bond          Angle        LJ (SR)   Coulomb (SR)      Potential
    2.28574e+04    2.02220e+04   -1.82839e+06    0.00000e+00   -1.78531e+06
    Kinetic En.   Total Energy  Conserved En.    Temperature Pressure (bar)
    3.19372e+05   -1.46594e+06   -1.83478e+06    3.08486e+02    1.60469e+00


DD  step 47999  vol min/aver 0.565  load imb.: force  7.2%
           Step           Time
          48000      960.00000

   Energies (kJ/mol)
           Bond          Angle        LJ (SR)   Coulomb (SR)      Potential
    2.29893e+04    2.01591e+04   -1.82748e+06    0.00000e+00   -1.78434e+06
    Kinetic En.   Total Energy  Conserved En.    Temperature Pressure (bar)
    3.22328e+05   -1.46201e+06   -1.83437e+06    3.11342e+02    1.52765e+01


DD  step 48999  vol min/aver 0.487  load imb.: force  9.1%
           Step           Time
          49000      980.00000

   Energies (kJ/mol)
           Bond          Angle        LJ (SR)   Coulomb (SR)      Potential
    2.28451e+04    2.03737e+04   -1.82602e+06    0.00000e+00   -1.78281e+06
    Kinetic En.   Total Energy  Conserved En.    Temperature Pressure (bar)
    3.21728e+05   -1.46108e+06   -1.83404e+06    3.10761e+02    1.77244e+01


DD  step 49999  vol min/aver 0.565  load imb.: force 19.3%
           Step           Time
          50000     1000.00000

Writing checkpoint, step 50000 at Mon Feb 23 16:14:53 2026


   Energies (kJ/mol)
           Bond          Angle        LJ (SR)   Coulomb (SR)      Potential
    2.28806e+04    2.02366e+04   -1.82670e+06    0.00000e+00   -1.78358e+06
    Kinetic En.   Total Energy  Conserved En.    Temperature Pressure (bar)
    3.20709e+05   -1.46287e+06   -1.83382e+06    3.09777e+02    5.03939e+00


Energy conservation over simulation part #1 of length 1000 ps, time 0 to 1000 ps
  Conserved energy drift: -1.06e-04 kJ/mol/ps per atom


	<======  ###############  ==>
	<====  A V E R A G E S  ====>
	<==  ###############  ======>

	Statistics over 50001 steps using 501 frames

   Energies (kJ/mol)
           Bond          Angle        LJ (SR)   Coulomb (SR)      Potential
    2.30484e+04    2.07709e+04   -1.82982e+06    0.00000e+00   -1.78600e+06
    Kinetic En.   Total Energy  Conserved En.    Temperature Pressure (bar)
    3.20581e+05   -1.46542e+06   -1.84210e+06    3.09654e+02   -1.78056e+00

          Box-X          Box-Y          Box-Z
    2.05584e+01    2.05584e+01    2.03817e+01

   Total Virial (kJ/mol)
    1.07307e+05    5.09348e+01    2.62805e+02
    5.09260e+01    1.07223e+05   -1.48481e+02
    2.62817e+02   -1.48481e+02    1.07284e+05

   Pressure (bar)
   -2.05790e+00   -1.63237e-01   -1.05854e+00
   -1.63204e-01   -1.38728e+00    6.84407e-01
   -1.05858e+00    6.84409e-01   -1.89649e+00


	M E G A - F L O P S   A C C O U N T I N G

 NB=Group-cutoff nonbonded kernels    NxN=N-by-N cluster Verlet kernels
 RF=Reaction-Field  VdW=Van der Waals  QSTab=quadratic-spline table
 W3=SPC/TIP3p  W4=TIP4p (single or pairs)
 V&F=Potential and force  V=Potential only  F=Force only

 Computing:                               M-Number         M-Flops  % Flops
-----------------------------------------------------------------------------
 Pair Search distance check           33908.879232      305179.913     1.4
 NxN LJ [F]                          628917.890144    20754290.375    96.3
 NxN LJ [V&F]                          6365.469664      273715.196     1.3
 Reset In Box                           207.446988         622.341     0.0
 CG-CoM                                 207.696024         623.088     0.0
 Bonds                                  870.017400       51331.027     0.2
 Angles                                 745.014900      125162.503     0.6
 Virial                                 420.544092        7569.794     0.0
 Stop-CM                                 41.672024         416.720     0.0
 P-Coupling                             415.143012        2490.858     0.0
 Calc-Ekin                              830.286024       22417.723     0.1
-----------------------------------------------------------------------------
 Total                                                21543819.537   100.0
-----------------------------------------------------------------------------


    D O M A I N   D E C O M P O S I T I O N   S T A T I S T I C S

 av. #atoms communicated per step for force:  2 x 70529.7


Dynamic load balancing report:
 DLB was turned on during the run due to measured imbalance.
 Average load imbalance: 8.4%.
 The balanceable part of the MD step is 64%, load imbalance is computed from this.
 Part of the total run time spent waiting due to load imbalance: 5.4%.
 Steps where the load balancing was limited by -rdd, -rcon and/or -dds: X 0 % Y 0 % Z 0 %

NOTE: 5.4 % of the available CPU time was lost due to load imbalance
      in the domain decomposition.
      You can consider manually changing the decomposition (option -dd);
      e.g. by using fewer domains along the box dimension in which there is
      considerable inhomogeneity in the simulated system.

      R E A L   C Y C L E   A N D   T I M E   A C C O U N T I N G

On 24 MPI ranks

 Activity:              Num   Num      Call    Wall time         Giga-Cycles
                        Ranks Threads  Count      (s)         total sum    %
--------------------------------------------------------------------------------
 Domain decomp.           24    1       2501       2.876        167.003   4.6
 DD comm. load            24    1       2422       0.039          2.255   0.1
 DD comm. bounds          24    1       2419       0.131          7.627   0.2
 Neighbor search          24    1       2501       6.846        397.487  11.1
 Comm. coord.             24    1      47500       2.532        147.003   4.1
 Force                    24    1      50001      36.503       2119.450  59.0
 Wait + Comm. F           24    1      50001       8.513        494.257  13.8
 NB X/F buffer ops.       24    1     147502       1.662         96.488   2.7
 Write traj.              24    1         51       0.051          2.983   0.1
 Update                   24    1      50001       0.658         38.188   1.1
 Kinetic energy           24    1      10001       0.280         16.255   0.5
 Comm. energies           24    1       5001       1.360         78.945   2.2
 Rest                                              0.407         23.624   0.7
--------------------------------------------------------------------------------
 Total                                            61.857       3591.566 100.0
--------------------------------------------------------------------------------

NOTE: 5 % of the run time was spent in domain decomposition,
      11 % of the run time was spent in pair search,
      you might want to increase nstlist (this has no effect on accuracy)

               Core t (s)   Wall t (s)        (%)
       Time:     1484.573       61.857     2400.0
                 (ns/day)    (hour/ns)
Performance:     1396.791        0.017
Finished mdrun on rank 0 Mon Feb 23 16:14:54 2026

