2026-02-23 16:13:34,397 - INFO - Output directory: ./outputs/run-2-50ns-002dt
2026-02-23 16:13:34,397 - INFO - Force field file PLA2.martini3.ff already exists in ../venv/lib/python3.12/site-packages/polyply/data/martini3
2026-02-23 16:13:34,397 - INFO - Force field file PEG2.martini3.ff already exists in ../venv/lib/python3.12/site-packages/polyply/data/martini3
2026-02-23 16:13:34,397 - INFO - Force field file PEG2_PLA2_link.ff already exists in ../venv/lib/python3.12/site-packages/polyply/data/martini3
2026-02-23 16:13:34,936 - INFO - Polyply setup successful
2026-02-23 16:13:34,936 - INFO - Step SUCCESS succeeded
2026-02-23 16:13:34,936 - INFO - [+] Running Command >> polyply gen_params -lib martini3 -o ./outputs/run-2-50ns-002dt/test_mol.itp -name PEG2_25_PLA2_25 -seq PEG2:25 PLA2:25 
2026-02-23 16:13:35,641 - INFO - Polymer parameters generated successfully
2026-02-23 16:13:35,641 - INFO - Step SUCCESS succeeded
2026-02-23 16:13:35,642 - INFO - Generating single molecule topology file
2026-02-23 16:13:35,642 - INFO - Single molecule topology file generated successfully
2026-02-23 16:13:35,642 - INFO - Generating single water topology file
2026-02-23 16:13:35,642 - INFO - Single water topology file generated successfully
2026-02-23 16:13:35,642 - INFO - [+] Running Command >> polyply gen_coords -p ./outputs/run-2-50ns-002dt/test_mol.top -o ./outputs/run-2-50ns-002dt/test_mol_single.gro -name PEG2_25_PLA2_25_SINGLE -dens 1000
2026-02-23 16:13:37,361 - INFO - Polymer coordinates generated successfully
2026-02-23 16:13:38,874 - INFO - [+] Running Command >> polyply gen_coords -p ./outputs/run-2-50ns-002dt/test_mol_solvent.top -o ./outputs/run-2-50ns-002dt/test_mol_solvent.gro -name WATER_SINGLE -dens 1000
2026-02-23 16:13:38,874 - INFO - Water coordinates generated successfully
2026-02-23 16:13:38,874 - INFO - Step SUCCESS succeeded
2026-02-23 16:13:38,874 - INFO - [+] Running Command >> gmx solvate -cs ./outputs/run-2-50ns-002dt/test_mol_solvent.gro -o ./outputs/run-2-50ns-002dt/solvated_box.gro -p ./outputs/run-2-50ns-002dt/test_mol.top -box 20 20 20
2026-02-23 16:13:38,947 - INFO - Box solvated successfully
2026-02-23 16:13:38,947 - INFO - Step SUCCESS succeeded
2026-02-23 16:13:38,947 - INFO - [+] Running Command >> gmx insert-molecules -f ./outputs/run-2-50ns-002dt/solvated_box.gro -ci ./outputs/run-2-50ns-002dt/test_mol_single.gro -nmol 100 -o ./outputs/run-2-50ns-002dt/test_system.gro -replace W
2026-02-23 16:13:39,159 - INFO - Molecules inserted successfully
2026-02-23 16:13:39,159 - INFO - [+] Updating topology
2026-02-23 16:13:39,210 - INFO - Step SUCCESS succeeded
2026-02-23 16:13:39,211 - INFO - [+] Creating mdp file at >> em.mdp
2026-02-23 16:13:39,211 - INFO - [+] Running gmx grompp command: gmx grompp -f ./outputs/run-2-50ns-002dt/em.mdp -c ./outputs/run-2-50ns-002dt/test_system.gro -p ./outputs/run-2-50ns-002dt/test_mol.top -o ./outputs/run-2-50ns-002dt/em.tpr -po ./outputs/run-2-50ns-002dt/em.mdp
2026-02-23 16:13:39,491 - INFO - [+] Running gmx mdrun command: gmx mdrun -s ./outputs/run-2-50ns-002dt/em.tpr -deffnm em -o ./outputs/run-2-50ns-002dt/em.trr -x ./outputs/run-2-50ns-002dt/em.xtc -c ./outputs/run-2-50ns-002dt/em.gro -e ./outputs/run-2-50ns-002dt/em.edr -g ./outputs/run-2-50ns-002dt/em.log
2026-02-23 16:13:51,775 - INFO - Step SUCCESS succeeded
2026-02-23 16:13:51,776 - INFO - [+] Creating mdp file at >> npt.mdp
2026-02-23 16:13:51,776 - INFO - [+] Running gmx grompp command: gmx grompp -f ./outputs/run-2-50ns-002dt/npt.mdp -c ./outputs/run-2-50ns-002dt/em.gro -p ./outputs/run-2-50ns-002dt/test_mol.top -o ./outputs/run-2-50ns-002dt/npt.tpr -po ./outputs/run-2-50ns-002dt/npt.mdp
2026-02-23 16:13:52,070 - INFO - [+] Running gmx mdrun command: gmx mdrun -s ./outputs/run-2-50ns-002dt/npt.tpr -deffnm npt -o ./outputs/run-2-50ns-002dt/npt.trr -x ./outputs/run-2-50ns-002dt/npt.xtc -c ./outputs/run-2-50ns-002dt/npt.gro -e ./outputs/run-2-50ns-002dt/npt.edr -g ./outputs/run-2-50ns-002dt/npt.log
2026-02-23 16:14:54,057 - INFO - Step SUCCESS succeeded
2026-02-23 16:14:54,057 - INFO - [+] Creating mdp file at >> prod.mdp
2026-02-23 16:14:54,058 - INFO - [+] Running gmx grompp command: gmx grompp -f ./outputs/run-2-50ns-002dt/prod.mdp -c ./outputs/run-2-50ns-002dt/npt.gro -p ./outputs/run-2-50ns-002dt/test_mol.top -o ./outputs/run-2-50ns-002dt/prod_10ns.tpr -po ./outputs/run-2-50ns-002dt/prod_10ns.mdp
2026-02-23 16:14:54,347 - INFO - [+] Running gmx mdrun command: gmx mdrun -s ./outputs/run-2-50ns-002dt/prod_10ns.tpr -deffnm prod_10ns -o ./outputs/run-2-50ns-002dt/prod_10ns.trr -x ./outputs/run-2-50ns-002dt/prod_10ns.xtc -c ./outputs/run-2-50ns-002dt/prod_10ns.gro -e ./outputs/run-2-50ns-002dt/prod_10ns.edr -g ./outputs/run-2-50ns-002dt/prod_10ns.log
2026-02-24 20:01:32,631 - INFO - Step SUCCESS succeeded
