                      :-) GROMACS - gmx mdrun, 2025.4 (-:

Copyright 1991-2025 The GROMACS Authors.
GROMACS is free software; you can redistribute it and/or modify it
under the terms of the GNU Lesser General Public License
as published by the Free Software Foundation; either version 2.1
of the License, or (at your option) any later version.

                         Current GROMACS contributors:
       Mark Abraham           Andrey Alekseenko           Brian Andrews       
      Vladimir Basov              Paul Bauer                Hugh Bird         
      Eliane Briand               Ania Brown              Mahesh Doijade      
      Giacomo Fiorin          Stefan Fleischmann          Sergey Gorelov      
   Gilles Gouaillardet            Alan Gray              M. Eric Irrgang      
   Farzaneh Jalalypour         Petter Johansson          Carsten Kutzner      
    Grzegorz Łazarski         Justin A. Lemkul          Magnus Lundborg      
       Pascal Merz             Vedran Miletić            Dmitry Morozov      
     Lukas Müllender            Julien Nabet             Szilárd Páll      
 Andrea Pasquadibisceglie     Michele Pellegrino         Nicola Piasentin     
     Daniele Rapetti         Muhammad Umair Sadiq         Hubert Santuz       
      Roland Schulz             Michael Shirts           Tatiana Shugaeva     
     Alexey Shvetsov            Philip Turner            Alessandra Villa     
 Sebastian Wingbermühle  

                         Previous GROMACS contributors:
        Emile Apol             Rossen Apostolov           James Barnett       
  Herman J.C. Berendsen         Cathrine Bergh             Par Bjelkmar       
      Christian Blau          Viacheslav Bolnykh            Kevin Boyd        
    Aldert van Buuren          Carlo Camilloni           Rudi van Drunen      
      Anton Feenstra           Oliver Fleetwood            Vytas Gapsys       
       Gaurav Garg             Gerrit Groenhof            Bert de Groot       
      Anca Hamuraru           Vincent Hindriksen          Victor Holanda      
     Aleksei Iupinov              Joe Jordan            Christoph Junghans    
    Prashanth Kanduri        Dimitrios Karkoulis           Peter Kasson       
      Sebastian Kehl           Sebastian Keller             Jiri Kraus        
       Per Larsson              Viveca Lindahl            Erik Marklund       
    Pieter Meulenhoff           Teemu Murtola              Sander Pronk       
      Alfons Sijbers            Balint Soproni         David van der Spoel    
      Peter Tieleman            Carsten Uphoff             Jon Vincent        
     Teemu Virolainen         Christian Wennberg           Maarten Wolf       
      Artem Zhmurov       

                  Coordinated by the GROMACS project leaders:
                           Berk Hess and Erik Lindahl

GROMACS:      gmx mdrun, version 2025.4
Executable:   /home/dkjena/.local/lib/gromacs/bin/gmx
Data prefix:  /home/dkjena/.local/lib/gromacs
Working dir:  /home/dkjena/MD/auto_workflow/IMPL
Process ID:   1120829
Command line:
  gmx mdrun -ntmpi 64 -v -deffnm npt_custom

GROMACS version:     2025.4
Precision:           mixed
Memory model:        64 bit
MPI library:         thread_mpi
OpenMP support:      enabled (GMX_OPENMP_MAX_THREADS = 128)
GPU support:         disabled
SIMD instructions:   AVX_512
CPU FFT library:     fftw-3.3.10-sse2-avx-avx2-avx2_128-avx512
GPU FFT library:     none
Multi-GPU FFT:       none
RDTSCP usage:        enabled
TNG support:         enabled
Hwloc support:       disabled
Tracing support:     disabled
C compiler:          /opt/ohpc/pub/compiler/gcc/12.3.0/bin/cc GNU 12.3.0
C compiler flags:    -fexcess-precision=fast -funroll-all-loops -march=skylake-avx512 -Wno-missing-field-initializers -O3 -DNDEBUG
C++ compiler:        /opt/ohpc/pub/compiler/gcc/12.3.0/bin/c++ GNU 12.3.0
C++ compiler flags:  -fexcess-precision=fast -funroll-all-loops -march=skylake-avx512 -Wno-missing-field-initializers -Wno-cast-function-type-strict SHELL:-fopenmp -O3 -DNDEBUG
BLAS library:        External - detected on the system
LAPACK library:      External - detected on the system


Running on 1 node with total 56 cores, 112 processing units
Hardware detected on host uuhpchn.uu.local:
  CPU info:
    Vendor: Intel
    Brand:  Intel(R) Xeon(R) Gold 6330 CPU @ 2.00GHz
    Family: 6   Model: 106   Stepping: 6
    Features: aes apic avx avx2 avx512f avx512cd avx512bw avx512vl avx512secondFMA clfsh cmov cx8 cx16 f16c fma htt intel lahf mmx msr nonstop_tsc pcid pclmuldq pdcm pdpe1gb popcnt pse rdrnd rdtscp sha sse2 sse3 sse4.1 sse4.2 ssse3 tdt x2apic
    Number of AVX-512 FMA units: 2
  Hardware topology: Basic
    Packages, cores, and logical processors:
    [indices refer to OS logical processors]
      Package  0: [   0  56] [   2  58] [   4  60] [   6  62] [   8  64] [  10  66] [  12  68] [  14  70] [  16  72] [  18  74] [  20  76] [  22  78] [  24  80] [  26  82] [  28  84] [  30  86] [  32  88] [  34  90] [  36  92] [  38  94] [  40  96] [  42  98] [  44 100] [  46 102] [  48 104] [  50 106] [  52 108] [  54 110]
      Package  1: [   1  57] [   3  59] [   5  61] [   7  63] [   9  65] [  11  67] [  13  69] [  15  71] [  17  73] [  19  75] [  21  77] [  23  79] [  25  81] [  27  83] [  29  85] [  31  87] [  33  89] [  35  91] [  37  93] [  39  95] [  41  97] [  43  99] [  45 101] [  47 103] [  49 105] [  51 107] [  53 109] [  55 111]
    CPU limit set by OS: -1   Recommended max number of threads: 112


++++ PLEASE READ AND CITE THE FOLLOWING REFERENCE ++++
M. J. Abraham, T. Murtola, R. Schulz, S. Páll, J. C. Smith, B. Hess, E.
Lindahl
GROMACS: High performance molecular simulations through multi-level
parallelism from laptops to supercomputers
SoftwareX (2015)
DOI: 10.1016/j.softx.2015.06.001
-------- -------- --- Thank You --- -------- --------


++++ PLEASE READ AND CITE THE FOLLOWING REFERENCE ++++
S. Páll, M. J. Abraham, C. Kutzner, B. Hess, E. Lindahl
Tackling Exascale Software Challenges in Molecular Dynamics Simulations with
GROMACS
In S. Markidis & E. Laure (Eds.), Solving Software Challenges for Exascale (2015)
DOI: 10.1007/978-3-319-15976-8_1
-------- -------- --- Thank You --- -------- --------


++++ PLEASE READ AND CITE THE FOLLOWING REFERENCE ++++
S. Pronk, S. Páll, R. Schulz, P. Larsson, P. Bjelkmar, R. Apostolov, M. R.
Shirts, J. C. Smith, P. M. Kasson, D. van der Spoel, B. Hess, E. Lindahl
GROMACS 4.5: a high-throughput and highly parallel open source molecular
simulation toolkit
Bioinformatics (2013)
DOI: 10.1093/bioinformatics/btt055
-------- -------- --- Thank You --- -------- --------


++++ PLEASE READ AND CITE THE FOLLOWING REFERENCE ++++
B. Hess, C. Kutzner, D. van der Spoel, E. Lindahl
GROMACS 4: Algorithms for highly efficient, load-balanced, and scalable
molecular simulation
J. Chem. Theory Comput. (2008)
DOI: 10.1021/ct700301q
-------- -------- --- Thank You --- -------- --------


++++ PLEASE READ AND CITE THE FOLLOWING REFERENCE ++++
D. van der Spoel, E. Lindahl, B. Hess, G. Groenhof, A. E. Mark, H. J. C.
Berendsen
GROMACS: Fast, Flexible and Free
J. Comp. Chem. (2005)
DOI: 10.1002/jcc.20291
-------- -------- --- Thank You --- -------- --------


++++ PLEASE READ AND CITE THE FOLLOWING REFERENCE ++++
E. Lindahl, B. Hess, D. van der Spoel
GROMACS 3.0: A package for molecular simulation and trajectory analysis
J. Mol. Mod. (2001)
DOI: 10.1007/s008940100045
-------- -------- --- Thank You --- -------- --------


++++ PLEASE READ AND CITE THE FOLLOWING REFERENCE ++++
H. J. C. Berendsen, D. van der Spoel and R. van Drunen
GROMACS: A message-passing parallel molecular dynamics implementation
Comp. Phys. Comm. (1995)
DOI: 10.1016/0010-4655(95)00042-E
-------- -------- --- Thank You --- -------- --------


++++ PLEASE CITE THE DOI FOR THIS VERSION OF GROMACS ++++
https://doi.org/10.5281/zenodo.17671793
-------- -------- --- Thank You --- -------- --------

Input Parameters:
   integrator                     = md
   tinit                          = 0
   dt                             = 0.02
   nsteps                         = 50000
   init-step                      = 0
   simulation-part                = 1
   mts                            = false
   mass-repartition-factor        = 1
   comm-mode                      = Linear
   nstcomm                        = 100
   bd-fric                        = 0
   ld-seed                        = -1074271242
   emtol                          = 10
   emstep                         = 0.01
   niter                          = 20
   fcstep                         = 0
   nstcgsteep                     = 1000
   nbfgscorr                      = 10
   rtpi                           = 0.05
   nstxout                        = 5000
   nstvout                        = 5000
   nstfout                        = 0
   nstlog                         = 1000
   nstcalcenergy                  = 100
   nstenergy                      = 1000
   nstxout-compressed             = 1000
   compressed-x-precision         = 1000
   cutoff-scheme                  = Verlet
   nstlist                        = 20
   pbc                            = xyz
   periodic-molecules             = false
   verlet-buffer-tolerance        = 0.005
   verlet-buffer-pressure-tolerance = 0.5
   rlist                          = 1.291
   coulombtype                    = Reaction-Field
   coulomb-modifier               = Potential-shift
   rcoulomb-switch                = 0
   rcoulomb                       = 1.1
   epsilon-r                      = 15
   epsilon-rf                     = inf
   vdw-type                       = Cut-off
   vdw-modifier                   = Potential-shift
   rvdw-switch                    = 0
   rvdw                           = 1.1
   DispCorr                       = No
   table-extension                = 1
   fourierspacing                 = 0.12
   fourier-nx                     = 0
   fourier-ny                     = 0
   fourier-nz                     = 0
   pme-order                      = 4
   ewald-rtol                     = 1e-05
   ewald-rtol-lj                  = 0.001
   lj-pme-comb-rule               = Geometric
   ewald-geometry                 = 3d
   epsilon-surface                = 0
   ensemble-temperature-setting   = constant
   ensemble-temperature           = 310
   tcoupl                         = V-rescale
   nsttcouple                     = 10
   nh-chain-length                = 0
   print-nose-hoover-chain-variables = false
   pcoupl                         = C-rescale
   pcoupltype                     = Semiisotropic
   nstpcouple                     = 10
   tau-p                          = 5
   compressibility (3x3):
      compressibility[    0]={ 3.00000e-04,  0.00000e+00,  0.00000e+00}
      compressibility[    1]={ 0.00000e+00,  3.00000e-04,  0.00000e+00}
      compressibility[    2]={ 0.00000e+00,  0.00000e+00,  3.00000e-04}
   ref-p (3x3):
      ref-p[    0]={ 1.00000e+00,  0.00000e+00,  0.00000e+00}
      ref-p[    1]={ 0.00000e+00,  1.00000e+00,  0.00000e+00}
      ref-p[    2]={ 0.00000e+00,  0.00000e+00,  1.00000e+00}
   refcoord-scaling               = COM
   posres-com: not available
   posres-comB: not available
   QMMM                           = false
qm-opts:
   ngQM                           = 0
   constraint-algorithm           = Lincs
   continuation                   = false
   Shake-SOR                      = false
   shake-tol                      = 0.0001
   lincs-order                    = 4
   lincs-iter                     = 1
   lincs-warnangle                = 30
   nwall                          = 0
   wall-type                      = 9-3
   wall-r-linpot                  = -1
   wall-atomtype[0]               = -1
   wall-atomtype[1]               = -1
   wall-density[0]                = 0
   wall-density[1]                = 0
   wall-ewald-zfac                = 3
   pull                           = false
   awh                            = false
   rotation                       = false
   interactiveMD                  = false
   disre                          = No
   disre-weighting                = Conservative
   disre-mixed                    = false
   dr-fc                          = 1000
   dr-tau                         = 0
   nstdisreout                    = 100
   orire-fc                       = 0
   orire-tau                      = 0
   nstorireout                    = 100
   free-energy                    = no
   cos-acceleration               = 0
   deform (3x3):
      deform[    0]={ 0.00000e+00,  0.00000e+00,  0.00000e+00}
      deform[    1]={ 0.00000e+00,  0.00000e+00,  0.00000e+00}
      deform[    2]={ 0.00000e+00,  0.00000e+00,  0.00000e+00}
   simulated-tempering            = false
   swapcoords                     = no
   userint1                       = 0
   userint2                       = 0
   userint3                       = 0
   userint4                       = 0
   userreal1                      = 0
   userreal2                      = 0
   userreal3                      = 0
   userreal4                      = 0
   applied-forces:
     electric-field:
       x:
         E0                       = 0
         omega                    = 0
         t0                       = 0
         sigma                    = 0
       y:
         E0                       = 0
         omega                    = 0
         t0                       = 0
         sigma                    = 0
       z:
         E0                       = 0
         omega                    = 0
         t0                       = 0
         sigma                    = 0
     density-guided-simulation:
       active                     = false
       group                      = protein
       similarity-measure         = inner-product
       atom-spreading-weight      = unity
       force-constant             = 1e+09
       gaussian-transform-spreading-width = 0.2
       gaussian-transform-spreading-range-in-multiples-of-width = 4
       reference-density-filename = reference.mrc
       nst                        = 1
       normalize-densities        = true
       adaptive-force-scaling     = false
       adaptive-force-scaling-time-constant = 4
       shift-vector               = 
       transformation-matrix      = 
     qmmm-cp2k:
       active                     = false
       qmgroup                    = System
       qmmethod                   = PBE
       qmfilenames                = 
       qmcharge                   = 0
       qmmultiplicity             = 1
     colvars:
       active                     = false
       configfile                 = 
       seed                       = -1
     nnpot:
       active                     = false
       modelfile                  = model.pt
       input-group                = System
       model-input1               = 
       model-input2               = 
       model-input3               = 
       model-input4               = 
grpopts:
   nrdf:      131199
   ref-t:         310
   tau-t:           1
annealing:          No
annealing-npoints:           0
   acc:	           0           0           0
   nfreeze:           N           N           N
   energygrp-flags[  0]: 0


Changing rlist from 1.291 to 1.287 for non-bonded 4x8 atom kernels

When checking whether update groups are usable:
  No constraints or virtual sites are in use, so it is best not to use update groups

Initializing Domain Decomposition on 64 ranks
Dynamic load balancing: auto
Minimum cell size due to atom displacement: 0.739 nm
Initial maximum distances in bonded interactions:
    two-body bonded interactions: 0.428 nm, Bond, atoms 10668 10669
  multi-body bonded interactions: 1.171 nm, Angle, atoms 25560 25566
Minimum cell size due to bonded interactions: 1.287 nm
Scaling the initial minimum size with 1/0.8 (option -dds) = 1.25
The system does not use PME for electrostatics or LJ
Optimizing the DD grid for 64 cells with a minimum initial size of 1.609 nm
The maximum allowed number of cells is: X 12 Y 12 Z 12
Domain decomposition grid 4 x 4 x 4, separate PME ranks 0
Domain decomposition rank 0, coordinates 0 0 0

The initial number of communication pulses is: X 1 Y 1 Z 1
The initial domain decomposition cell size is: X 5.00 nm Y 5.00 nm Z 5.00 nm

The maximum allowed distance for atoms involved in interactions is:
                 non-bonded interactions           1.287 nm
(the following are initial values, they could change due to box deformation)
            two-body bonded interactions  (-rdd)   1.287 nm
          multi-body bonded interactions  (-rdd)   1.287 nm

When dynamic load balancing gets turned on, these settings will change to:
The maximum number of communication pulses is: X 1 Y 1 Z 1
The minimum size for domain decomposition cells is 1.287 nm
The requested allowed shrink of DD cells (option -dds) is: 0.80
The allowed shrink of domain decomposition cells is: X 0.26 Y 0.26 Z 0.26
The maximum allowed distance for atoms involved in interactions is:
                 non-bonded interactions           1.287 nm
            two-body bonded interactions  (-rdd)   1.287 nm
          multi-body bonded interactions  (-rdd)   1.287 nm

Local state does not use filler particles

Using 64 MPI threads
Using 1 OpenMP thread per tMPI thread

System total charge: 0.000
Reaction-Field:
epsRF = 0, rc = 1.1, krf = 0.375657, crf = 1.36364, epsfac = 9.26236
The electrostatics potential has its minimum at r = 1.1
Potential shift: LJ r^-12: -3.186e-01 r^-6: -5.645e-01


Using SIMD2xMM 4x8 nonbonded short-range kernels

Using a dual 4x8 pair-list setup updated with dynamic pruning:
  outer list: updated every 20 steps, buffer 0.187 nm, rlist 1.287 nm
  inner list: updated every  5 steps, buffer 0.070 nm, rlist 1.170 nm
At tolerance 0.005 kJ/mol/ps per atom, equivalent classical 1x1 list would be:
  outer list: updated every 20 steps, buffer 0.280 nm, rlist 1.380 nm
  inner list: updated every  5 steps, buffer 0.088 nm, rlist 1.188 nm

The average pressure is off by at most 0.50 bar due to missing LJ interactions

Using full Lennard-Jones parameter combination matrix
Removing pbc first time

Linking all bonded interactions to atoms


Pinning threads with an auto-selected logical cpu stride of 1
Intra-simulation communication will occur every 10 steps.

++++ PLEASE READ AND CITE THE FOLLOWING REFERENCE ++++
G. Bussi, D. Donadio, M. Parrinello
Canonical sampling through velocity rescaling
J. Chem. Phys. (2007)
DOI: 10.1063/1.2408420
-------- -------- --- Thank You --- -------- --------


++++ PLEASE READ AND CITE THE FOLLOWING REFERENCE ++++
M. Bernetti, G. Bussi
Pressure control using stochastic cell rescaling
J. Chem. Phys. (2020)
DOI: 10.1063/5.0020514
-------- -------- --- Thank You --- -------- --------

There are: 43734 Atoms
Atom distribution over 64 domains: av 683 stddev 123 min 381 max 1092
Center of mass motion removal mode is Linear
We have the following groups for center of mass motion removal:
  0:  rest
Initial temperature: 310.015 K

Started mdrun on rank 0 Thu Jan 29 16:02:24 2026

           Step           Time
              0        0.00000

   Energies (kJ/mol)
           Bond          Angle        LJ (SR)   Coulomb (SR)      Potential
    9.84497e+03    3.47803e+04   -6.91128e+05    0.00000e+00   -6.46503e+05
    Kinetic En.   Total Energy  Conserved En.    Temperature Pressure (bar)
    1.69100e+05   -4.77403e+05   -4.77505e+05    3.10034e+02    1.42749e+02


DD  step 19 load imb.: force 39.7%

step 40 Turning on dynamic load balancing, because the performance loss due to load imbalance is 9.6 %.

DD  load balancing is limited by minimum cell size in dimension Y Z
DD  step 999  vol min/aver 0.243! load imb.: force 20.3%
           Step           Time
           1000       20.00000

   Energies (kJ/mol)
           Bond          Angle        LJ (SR)   Coulomb (SR)      Potential
    4.05149e+04    4.02972e+04   -6.36872e+05    0.00000e+00   -5.56060e+05
    Kinetic En.   Total Energy  Conserved En.    Temperature Pressure (bar)
    1.72446e+05   -3.83614e+05   -4.66765e+05    3.16169e+02   -3.60898e+01


DD  load balancing is limited by minimum cell size in dimension Z
DD  step 1999  vol min/aver 0.214! load imb.: force 15.4%
           Step           Time
           2000       40.00000

   Energies (kJ/mol)
           Bond          Angle        LJ (SR)   Coulomb (SR)      Potential
    3.96337e+04    3.92892e+04   -6.82863e+05    0.00000e+00   -6.03940e+05
    Kinetic En.   Total Energy  Conserved En.    Temperature Pressure (bar)
    1.70959e+05   -4.32982e+05   -4.61649e+05    3.13441e+02   -3.08651e+01


DD  load balancing is limited by minimum cell size in dimension Y Z
DD  step 2999  vol min/aver 0.278! load imb.: force 16.0%
           Step           Time
           3000       60.00000

   Energies (kJ/mol)
           Bond          Angle        LJ (SR)   Coulomb (SR)      Potential
    3.97037e+04    3.87664e+04   -7.08878e+05    0.00000e+00   -6.30408e+05
    Kinetic En.   Total Energy  Conserved En.    Temperature Pressure (bar)
    1.69604e+05   -4.60803e+05   -4.58113e+05    3.10959e+02   -2.11621e+01


DD  load balancing is limited by minimum cell size in dimension Y Z
DD  step 3999  vol min/aver 0.285! load imb.: force 13.1%
           Step           Time
           4000       80.00000

   Energies (kJ/mol)
           Bond          Angle        LJ (SR)   Coulomb (SR)      Potential
    3.92983e+04    3.88372e+04   -7.23574e+05    0.00000e+00   -6.45438e+05
    Kinetic En.   Total Energy  Conserved En.    Temperature Pressure (bar)
    1.70438e+05   -4.75000e+05   -4.55903e+05    3.12486e+02    4.78118e+00


DD  load balancing is limited by minimum cell size in dimension Y Z
DD  step 4999  vol min/aver 0.304! load imb.: force 16.3%
           Step           Time
           5000      100.00000

   Energies (kJ/mol)
           Bond          Angle        LJ (SR)   Coulomb (SR)      Potential
    4.03474e+04    3.85394e+04   -7.38255e+05    0.00000e+00   -6.59368e+05
    Kinetic En.   Total Energy  Conserved En.    Temperature Pressure (bar)
    1.68603e+05   -4.90764e+05   -4.52912e+05    3.09123e+02   -1.19812e+01


step 5200 Turning off dynamic load balancing, because it is degrading performance.
Atom distribution over 64 domains: av 683 stddev 563 min 0 max 1729

DD  step 5999 load imb.: force 110.1%

step 6000 Turning on dynamic load balancing, because the performance loss due to load imbalance is 12.2 %.
           Step           Time
           6000      120.00000

   Energies (kJ/mol)
           Bond          Angle        LJ (SR)   Coulomb (SR)      Potential
    4.06001e+04    3.82065e+04   -7.43920e+05    0.00000e+00   -6.65113e+05
    Kinetic En.   Total Energy  Conserved En.    Temperature Pressure (bar)
    1.69628e+05   -4.95485e+05   -4.50145e+05    3.11001e+02   -1.71596e+01


DD  load balancing is limited by minimum cell size in dimension Y Z
DD  step 6999  vol min/aver 0.320! load imb.: force 15.6%
           Step           Time
           7000      140.00000

   Energies (kJ/mol)
           Bond          Angle        LJ (SR)   Coulomb (SR)      Potential
    3.97607e+04    3.70436e+04   -7.46578e+05    0.00000e+00   -6.69774e+05
    Kinetic En.   Total Energy  Conserved En.    Temperature Pressure (bar)
    1.69901e+05   -4.99873e+05   -4.48306e+05    3.11503e+02   -2.50243e+01


DD  load balancing is limited by minimum cell size in dimension Y Z
DD  step 7999  vol min/aver 0.338! load imb.: force 20.8%
           Step           Time
           8000      160.00000

   Energies (kJ/mol)
           Bond          Angle        LJ (SR)   Coulomb (SR)      Potential
    3.96443e+04    3.73214e+04   -7.48444e+05    0.00000e+00   -6.71478e+05
    Kinetic En.   Total Energy  Conserved En.    Temperature Pressure (bar)
    1.69124e+05   -5.02355e+05   -4.45792e+05    3.10077e+02    1.39097e+01


DD  load balancing is limited by minimum cell size in dimension Y Z
DD  step 8999  vol min/aver 0.359! load imb.: force 18.4%
           Step           Time
           9000      180.00000

   Energies (kJ/mol)
           Bond          Angle        LJ (SR)   Coulomb (SR)      Potential
    4.03606e+04    3.72008e+04   -7.52194e+05    0.00000e+00   -6.74633e+05
    Kinetic En.   Total Energy  Conserved En.    Temperature Pressure (bar)
    1.68547e+05   -5.06086e+05   -4.42742e+05    3.09020e+02   -5.44764e+00


DD  load balancing is limited by minimum cell size in dimension Z
DD  step 9999  vol min/aver 0.340! load imb.: force 11.2%
           Step           Time
          10000      200.00000

   Energies (kJ/mol)
           Bond          Angle        LJ (SR)   Coulomb (SR)      Potential
    3.98366e+04    3.74431e+04   -7.53791e+05    0.00000e+00   -6.76511e+05
    Kinetic En.   Total Energy  Conserved En.    Temperature Pressure (bar)
    1.69565e+05   -5.06946e+05   -4.40788e+05    3.10886e+02   -1.25147e+01


DD  load balancing is limited by minimum cell size in dimension Z
DD  step 10999  vol min/aver 0.321! load imb.: force 15.0%
           Step           Time
          11000      220.00000

   Energies (kJ/mol)
           Bond          Angle        LJ (SR)   Coulomb (SR)      Potential
    3.97412e+04    3.70999e+04   -7.58405e+05    0.00000e+00   -6.81564e+05
    Kinetic En.   Total Energy  Conserved En.    Temperature Pressure (bar)
    1.69427e+05   -5.12136e+05   -4.38337e+05    3.10634e+02   -6.39897e-01


DD  load balancing is limited by minimum cell size in dimension Z
DD  step 11999  vol min/aver 0.336! load imb.: force 16.9%
           Step           Time
          12000      240.00000

   Energies (kJ/mol)
           Bond          Angle        LJ (SR)   Coulomb (SR)      Potential
    3.95993e+04    3.68467e+04   -7.58188e+05    0.00000e+00   -6.81742e+05
    Kinetic En.   Total Energy  Conserved En.    Temperature Pressure (bar)
    1.69198e+05   -5.12545e+05   -4.36503e+05    3.10213e+02    2.05813e-01


DD  load balancing is limited by minimum cell size in dimension Z
DD  step 12999  vol min/aver 0.310! load imb.: force 13.3%
           Step           Time
          13000      260.00000

   Energies (kJ/mol)
           Bond          Angle        LJ (SR)   Coulomb (SR)      Potential
    3.98323e+04    3.70889e+04   -7.58651e+05    0.00000e+00   -6.81730e+05
    Kinetic En.   Total Energy  Conserved En.    Temperature Pressure (bar)
    1.70028e+05   -5.11702e+05   -4.34819e+05    3.11734e+02   -3.12417e-01


DD  load balancing is limited by minimum cell size in dimension Z
DD  step 13999  vol min/aver 0.316! load imb.: force 17.4%
           Step           Time
          14000      280.00000

   Energies (kJ/mol)
           Bond          Angle        LJ (SR)   Coulomb (SR)      Potential
    3.95448e+04    3.70706e+04   -7.61118e+05    0.00000e+00   -6.84502e+05
    Kinetic En.   Total Energy  Conserved En.    Temperature Pressure (bar)
    1.69366e+05   -5.15136e+05   -4.32446e+05    3.10522e+02   -9.64678e+00


DD  load balancing is limited by minimum cell size in dimension Z
DD  step 14999  vol min/aver 0.308! load imb.: force 18.2%
           Step           Time
          15000      300.00000

   Energies (kJ/mol)
           Bond          Angle        LJ (SR)   Coulomb (SR)      Potential
    3.93778e+04    3.66623e+04   -7.64051e+05    0.00000e+00   -6.88011e+05
    Kinetic En.   Total Energy  Conserved En.    Temperature Pressure (bar)
    1.69076e+05   -5.18935e+05   -4.29963e+05    3.09990e+02   -2.54492e+01


DD  load balancing is limited by minimum cell size in dimension Z
DD  step 15999  vol min/aver 0.313! load imb.: force 16.4%
           Step           Time
          16000      320.00000

   Energies (kJ/mol)
           Bond          Angle        LJ (SR)   Coulomb (SR)      Potential
    4.02523e+04    3.68743e+04   -7.63475e+05    0.00000e+00   -6.86348e+05
    Kinetic En.   Total Energy  Conserved En.    Temperature Pressure (bar)
    1.68769e+05   -5.17579e+05   -4.27885e+05    3.09427e+02    1.13866e+01


DD  load balancing is limited by minimum cell size in dimension Z
DD  step 16999  vol min/aver 0.329! load imb.: force 13.7%
           Step           Time
          17000      340.00000

   Energies (kJ/mol)
           Bond          Angle        LJ (SR)   Coulomb (SR)      Potential
    3.96060e+04    3.66213e+04   -7.65446e+05    0.00000e+00   -6.89219e+05
    Kinetic En.   Total Energy  Conserved En.    Temperature Pressure (bar)
    1.69168e+05   -5.20050e+05   -4.25352e+05    3.10159e+02   -1.20545e+01


DD  load balancing is limited by minimum cell size in dimension Z
DD  step 17999  vol min/aver 0.350! load imb.: force 15.4%
           Step           Time
          18000      360.00000

   Energies (kJ/mol)
           Bond          Angle        LJ (SR)   Coulomb (SR)      Potential
    3.95839e+04    3.67972e+04   -7.67189e+05    0.00000e+00   -6.90808e+05
    Kinetic En.   Total Energy  Conserved En.    Temperature Pressure (bar)
    1.68655e+05   -5.22153e+05   -4.22844e+05    3.09217e+02   -2.84925e+01


DD  load balancing is limited by minimum cell size in dimension Z
DD  step 18999  vol min/aver 0.326! load imb.: force 16.7%
           Step           Time
          19000      380.00000

   Energies (kJ/mol)
           Bond          Angle        LJ (SR)   Coulomb (SR)      Potential
    3.95649e+04    3.66992e+04   -7.66855e+05    0.00000e+00   -6.90591e+05
    Kinetic En.   Total Energy  Conserved En.    Temperature Pressure (bar)
    1.70128e+05   -5.20462e+05   -4.20558e+05    3.11919e+02   -2.53227e+01


DD  load balancing is limited by minimum cell size in dimension Z
DD  step 19999  vol min/aver 0.322! load imb.: force 12.7%
           Step           Time
          20000      400.00000

   Energies (kJ/mol)
           Bond          Angle        LJ (SR)   Coulomb (SR)      Potential
    3.98651e+04    3.70413e+04   -7.68528e+05    0.00000e+00   -6.91622e+05
    Kinetic En.   Total Energy  Conserved En.    Temperature Pressure (bar)
    1.68508e+05   -5.23114e+05   -4.18625e+05    3.08948e+02   -3.13068e+01


DD  load balancing is limited by minimum cell size in dimension Z
DD  step 20999  vol min/aver 0.338! load imb.: force 11.6%
           Step           Time
          21000      420.00000

   Energies (kJ/mol)
           Bond          Angle        LJ (SR)   Coulomb (SR)      Potential
    4.00889e+04    3.68026e+04   -7.68380e+05    0.00000e+00   -6.91489e+05
    Kinetic En.   Total Energy  Conserved En.    Temperature Pressure (bar)
    1.68403e+05   -5.23086e+05   -4.16757e+05    3.08755e+02   -3.57927e+01


DD  load balancing is limited by minimum cell size in dimension Z
DD  step 21999  vol min/aver 0.357! load imb.: force 13.5%
           Step           Time
          22000      440.00000

   Energies (kJ/mol)
           Bond          Angle        LJ (SR)   Coulomb (SR)      Potential
    3.98436e+04    3.71101e+04   -7.69746e+05    0.00000e+00   -6.92792e+05
    Kinetic En.   Total Energy  Conserved En.    Temperature Pressure (bar)
    1.68937e+05   -5.23855e+05   -4.14949e+05    3.09735e+02    1.04676e+01


DD  step 22999  vol min/aver 0.365  load imb.: force 12.7%
           Step           Time
          23000      460.00000

   Energies (kJ/mol)
           Bond          Angle        LJ (SR)   Coulomb (SR)      Potential
    3.93152e+04    3.69114e+04   -7.69236e+05    0.00000e+00   -6.93009e+05
    Kinetic En.   Total Energy  Conserved En.    Temperature Pressure (bar)
    1.69714e+05   -5.23295e+05   -4.12524e+05    3.11159e+02   -1.65246e+01


DD  load balancing is limited by minimum cell size in dimension Z
DD  step 23999  vol min/aver 0.369! load imb.: force 10.4%
           Step           Time
          24000      480.00000

   Energies (kJ/mol)
           Bond          Angle        LJ (SR)   Coulomb (SR)      Potential
    3.95958e+04    3.66632e+04   -7.70270e+05    0.00000e+00   -6.94011e+05
    Kinetic En.   Total Energy  Conserved En.    Temperature Pressure (bar)
    1.68451e+05   -5.25560e+05   -4.10357e+05    3.08844e+02   -2.21818e+00


DD  load balancing is limited by minimum cell size in dimension Z
DD  step 24999  vol min/aver 0.348! load imb.: force 12.1%
           Step           Time
          25000      500.00000

   Energies (kJ/mol)
           Bond          Angle        LJ (SR)   Coulomb (SR)      Potential
    3.93444e+04    3.73346e+04   -7.70309e+05    0.00000e+00   -6.93630e+05
    Kinetic En.   Total Energy  Conserved En.    Temperature Pressure (bar)
    1.68068e+05   -5.25562e+05   -4.08669e+05    3.08141e+02   -1.51939e+01


DD  load balancing is limited by minimum cell size in dimension Z
DD  step 25999  vol min/aver 0.367! load imb.: force 11.4%
           Step           Time
          26000      520.00000

   Energies (kJ/mol)
           Bond          Angle        LJ (SR)   Coulomb (SR)      Potential
    3.92683e+04    3.65160e+04   -7.70238e+05    0.00000e+00   -6.94454e+05
    Kinetic En.   Total Energy  Conserved En.    Temperature Pressure (bar)
    1.69706e+05   -5.24748e+05   -4.07535e+05    3.11144e+02   -2.02021e+01


DD  load balancing is limited by minimum cell size in dimension Z
DD  step 26999  vol min/aver 0.356! load imb.: force  5.9%
           Step           Time
          27000      540.00000

   Energies (kJ/mol)
           Bond          Angle        LJ (SR)   Coulomb (SR)      Potential
    3.95781e+04    3.67295e+04   -7.70882e+05    0.00000e+00   -6.94575e+05
    Kinetic En.   Total Energy  Conserved En.    Temperature Pressure (bar)
    1.68058e+05   -5.26516e+05   -4.06008e+05    3.08124e+02   -2.46275e+01


DD  load balancing is limited by minimum cell size in dimension Z
DD  step 27999  vol min/aver 0.362! load imb.: force 15.7%
           Step           Time
          28000      560.00000

   Energies (kJ/mol)
           Bond          Angle        LJ (SR)   Coulomb (SR)      Potential
    3.94586e+04    3.61807e+04   -7.70172e+05    0.00000e+00   -6.94532e+05
    Kinetic En.   Total Energy  Conserved En.    Temperature Pressure (bar)
    1.68270e+05   -5.26262e+05   -4.04817e+05    3.08513e+02   -2.27020e+01


DD  load balancing is limited by minimum cell size in dimension Z
DD  step 28999  vol min/aver 0.384! load imb.: force 10.4%
           Step           Time
          29000      580.00000

   Energies (kJ/mol)
           Bond          Angle        LJ (SR)   Coulomb (SR)      Potential
    3.91776e+04    3.65964e+04   -7.71976e+05    0.00000e+00   -6.96202e+05
    Kinetic En.   Total Energy  Conserved En.    Temperature Pressure (bar)
    1.68395e+05   -5.27808e+05   -4.03412e+05    3.08740e+02   -1.32537e+01


DD  load balancing is limited by minimum cell size in dimension Z
DD  step 29999  vol min/aver 0.389! load imb.: force 12.5%
           Step           Time
          30000      600.00000

   Energies (kJ/mol)
           Bond          Angle        LJ (SR)   Coulomb (SR)      Potential
    3.94487e+04    3.64200e+04   -7.74072e+05    0.00000e+00   -6.98203e+05
    Kinetic En.   Total Energy  Conserved En.    Temperature Pressure (bar)
    1.69216e+05   -5.28987e+05   -4.01718e+05    3.10247e+02   -2.02895e+00


DD  load balancing is limited by minimum cell size in dimension Z
DD  step 30999  vol min/aver 0.407! load imb.: force  9.5%
           Step           Time
          31000      620.00000

   Energies (kJ/mol)
           Bond          Angle        LJ (SR)   Coulomb (SR)      Potential
    3.93274e+04    3.60627e+04   -7.72722e+05    0.00000e+00   -6.97332e+05
    Kinetic En.   Total Energy  Conserved En.    Temperature Pressure (bar)
    1.69830e+05   -5.27502e+05   -3.99369e+05    3.11373e+02   -2.18994e+01


DD  load balancing is limited by minimum cell size in dimension Z
DD  step 31999  vol min/aver 0.399! load imb.: force  8.3%
           Step           Time
          32000      640.00000

   Energies (kJ/mol)
           Bond          Angle        LJ (SR)   Coulomb (SR)      Potential
    3.92898e+04    3.57206e+04   -7.72200e+05    0.00000e+00   -6.97189e+05
    Kinetic En.   Total Energy  Conserved En.    Temperature Pressure (bar)
    1.68391e+05   -5.28798e+05   -3.98058e+05    3.08734e+02   -3.28367e+01


DD  load balancing is limited by minimum cell size in dimension Z
DD  step 32999  vol min/aver 0.384! load imb.: force 10.1%
           Step           Time
          33000      660.00000

   Energies (kJ/mol)
           Bond          Angle        LJ (SR)   Coulomb (SR)      Potential
    3.99675e+04    3.59661e+04   -7.72269e+05    0.00000e+00   -6.96335e+05
    Kinetic En.   Total Energy  Conserved En.    Temperature Pressure (bar)
    1.69142e+05   -5.27193e+05   -3.96634e+05    3.10111e+02    2.44341e+00


DD  step 33999  vol min/aver 0.407  load imb.: force 16.7%
           Step           Time
          34000      680.00000

   Energies (kJ/mol)
           Bond          Angle        LJ (SR)   Coulomb (SR)      Potential
    3.93018e+04    3.57755e+04   -7.72490e+05    0.00000e+00   -6.97413e+05
    Kinetic En.   Total Energy  Conserved En.    Temperature Pressure (bar)
    1.69234e+05   -5.28179e+05   -3.95052e+05    3.10279e+02   -2.50880e+01


DD  load balancing is limited by minimum cell size in dimension Z
DD  step 34999  vol min/aver 0.457! load imb.: force 10.6%
           Step           Time
          35000      700.00000

   Energies (kJ/mol)
           Bond          Angle        LJ (SR)   Coulomb (SR)      Potential
    3.95592e+04    3.62550e+04   -7.74219e+05    0.00000e+00   -6.98405e+05
    Kinetic En.   Total Energy  Conserved En.    Temperature Pressure (bar)
    1.68034e+05   -5.30371e+05   -3.92937e+05    3.08080e+02   -4.34708e+01


DD  load balancing is limited by minimum cell size in dimension Z
DD  step 35999  vol min/aver 0.433! load imb.: force  9.1%
           Step           Time
          36000      720.00000

   Energies (kJ/mol)
           Bond          Angle        LJ (SR)   Coulomb (SR)      Potential
    3.94889e+04    3.66673e+04   -7.74399e+05    0.00000e+00   -6.98242e+05
    Kinetic En.   Total Energy  Conserved En.    Temperature Pressure (bar)
    1.68960e+05   -5.29282e+05   -3.91595e+05    3.09778e+02    1.22732e+01


DD  load balancing is limited by minimum cell size in dimension Z
DD  step 36999  vol min/aver 0.445! load imb.: force 11.7%
           Step           Time
          37000      740.00000

   Energies (kJ/mol)
           Bond          Angle        LJ (SR)   Coulomb (SR)      Potential
    3.96560e+04    3.60680e+04   -7.75329e+05    0.00000e+00   -6.99605e+05
    Kinetic En.   Total Energy  Conserved En.    Temperature Pressure (bar)
    1.69867e+05   -5.29738e+05   -3.89540e+05    3.11441e+02   -6.16362e+00


DD  load balancing is limited by minimum cell size in dimension Z
DD  step 37999  vol min/aver 0.430! load imb.: force  8.7%
           Step           Time
          38000      760.00000

   Energies (kJ/mol)
           Bond          Angle        LJ (SR)   Coulomb (SR)      Potential
    3.96231e+04    3.58453e+04   -7.74782e+05    0.00000e+00   -6.99313e+05
    Kinetic En.   Total Energy  Conserved En.    Temperature Pressure (bar)
    1.69273e+05   -5.30040e+05   -3.88685e+05    3.10351e+02   -3.14958e+01


DD  load balancing is limited by minimum cell size in dimension Z
DD  step 38999  vol min/aver 0.423! load imb.: force  6.4%
           Step           Time
          39000      780.00000

   Energies (kJ/mol)
           Bond          Angle        LJ (SR)   Coulomb (SR)      Potential
    3.88936e+04    3.61518e+04   -7.73810e+05    0.00000e+00   -6.98764e+05
    Kinetic En.   Total Energy  Conserved En.    Temperature Pressure (bar)
    1.68628e+05   -5.30137e+05   -3.87410e+05    3.09168e+02   -3.61082e+00


DD  step 39999  vol min/aver 0.412  load imb.: force 10.3%
           Step           Time
          40000      800.00000

   Energies (kJ/mol)
           Bond          Angle        LJ (SR)   Coulomb (SR)      Potential
    3.93220e+04    3.57365e+04   -7.75015e+05    0.00000e+00   -6.99957e+05
    Kinetic En.   Total Energy  Conserved En.    Temperature Pressure (bar)
    1.69088e+05   -5.30869e+05   -3.86461e+05    3.10012e+02   -1.18323e+01


DD  step 40999  vol min/aver 0.424  load imb.: force 16.9%
           Step           Time
          41000      820.00000

   Energies (kJ/mol)
           Bond          Angle        LJ (SR)   Coulomb (SR)      Potential
    3.98313e+04    3.58996e+04   -7.75383e+05    0.00000e+00   -6.99652e+05
    Kinetic En.   Total Energy  Conserved En.    Temperature Pressure (bar)
    1.68887e+05   -5.30765e+05   -3.85014e+05    3.09644e+02   -1.54238e+01


DD  load balancing is limited by minimum cell size in dimension Z
DD  step 41999  vol min/aver 0.438! load imb.: force  8.1%
           Step           Time
          42000      840.00000

   Energies (kJ/mol)
           Bond          Angle        LJ (SR)   Coulomb (SR)      Potential
    3.90961e+04    3.63795e+04   -7.74011e+05    0.00000e+00   -6.98535e+05
    Kinetic En.   Total Energy  Conserved En.    Temperature Pressure (bar)
    1.68692e+05   -5.29843e+05   -3.83624e+05    3.09286e+02   -5.98122e+01


DD  step 42999  vol min/aver 0.451  load imb.: force  9.1%
           Step           Time
          43000      860.00000

   Energies (kJ/mol)
           Bond          Angle        LJ (SR)   Coulomb (SR)      Potential
    3.96246e+04    3.61794e+04   -7.77110e+05    0.00000e+00   -7.01306e+05
    Kinetic En.   Total Energy  Conserved En.    Temperature Pressure (bar)
    1.69480e+05   -5.31827e+05   -3.82710e+05    3.10730e+02   -2.79840e+01


DD  load balancing is limited by minimum cell size in dimension Z
DD  step 43999  vol min/aver 0.427! load imb.: force  9.9%
           Step           Time
          44000      880.00000

   Energies (kJ/mol)
           Bond          Angle        LJ (SR)   Coulomb (SR)      Potential
    3.96499e+04    3.61131e+04   -7.76480e+05    0.00000e+00   -7.00717e+05
    Kinetic En.   Total Energy  Conserved En.    Temperature Pressure (bar)
    1.68183e+05   -5.32534e+05   -3.81128e+05    3.08352e+02   -2.63330e+01


DD  step 44999  vol min/aver 0.440  load imb.: force  7.6%
           Step           Time
          45000      900.00000

   Energies (kJ/mol)
           Bond          Angle        LJ (SR)   Coulomb (SR)      Potential
    3.94130e+04    3.59131e+04   -7.76982e+05    0.00000e+00   -7.01656e+05
    Kinetic En.   Total Energy  Conserved En.    Temperature Pressure (bar)
    1.69350e+05   -5.32306e+05   -3.80590e+05    3.10492e+02   -5.74672e+00


DD  step 45999  vol min/aver 0.429  load imb.: force 10.4%
           Step           Time
          46000      920.00000

   Energies (kJ/mol)
           Bond          Angle        LJ (SR)   Coulomb (SR)      Potential
    3.94979e+04    3.59509e+04   -7.75736e+05    0.00000e+00   -7.00287e+05
    Kinetic En.   Total Energy  Conserved En.    Temperature Pressure (bar)
    1.69981e+05   -5.30307e+05   -3.79527e+05    3.11648e+02   -6.60537e+00


DD  load balancing is limited by minimum cell size in dimension Z
DD  step 46999  vol min/aver 0.424! load imb.: force 12.4%
           Step           Time
          47000      940.00000

   Energies (kJ/mol)
           Bond          Angle        LJ (SR)   Coulomb (SR)      Potential
    3.96554e+04    3.57452e+04   -7.74850e+05    0.00000e+00   -6.99449e+05
    Kinetic En.   Total Energy  Conserved En.    Temperature Pressure (bar)
    1.68379e+05   -5.31070e+05   -3.78685e+05    3.08712e+02    3.16581e+01


DD  step 47999  vol min/aver 0.457  load imb.: force  5.5%
           Step           Time
          48000      960.00000

   Energies (kJ/mol)
           Bond          Angle        LJ (SR)   Coulomb (SR)      Potential
    3.93654e+04    3.61261e+04   -7.76021e+05    0.00000e+00   -7.00530e+05
    Kinetic En.   Total Energy  Conserved En.    Temperature Pressure (bar)
    1.69790e+05   -5.30739e+05   -3.77686e+05    3.11300e+02   -4.14147e+01


DD  load balancing is limited by minimum cell size in dimension Z
DD  step 48999  vol min/aver 0.444! load imb.: force 11.3%
           Step           Time
          49000      980.00000

   Energies (kJ/mol)
           Bond          Angle        LJ (SR)   Coulomb (SR)      Potential
    3.91199e+04    3.62131e+04   -7.74806e+05    0.00000e+00   -6.99473e+05
    Kinetic En.   Total Energy  Conserved En.    Temperature Pressure (bar)
    1.68941e+05   -5.30532e+05   -3.76715e+05    3.09743e+02    2.23901e+00


DD  step 49999  vol min/aver 0.460  load imb.: force  8.8%
           Step           Time
          50000     1000.00000

Writing checkpoint, step 50000 at Thu Jan 29 16:02:59 2026


   Energies (kJ/mol)
           Bond          Angle        LJ (SR)   Coulomb (SR)      Potential
    3.94178e+04    3.60956e+04   -7.77323e+05    0.00000e+00   -7.01809e+05
    Kinetic En.   Total Energy  Conserved En.    Temperature Pressure (bar)
    1.69223e+05   -5.32587e+05   -3.74899e+05    3.10258e+02   -1.91150e+00


Energy conservation over simulation part #1 of length 1000 ps, time 0 to 1000 ps
  Conserved energy drift: 2.35e-03 kJ/mol/ps per atom


	<======  ###############  ==>
	<====  A V E R A G E S  ====>
	<==  ###############  ======>

	Statistics over 50001 steps using 501 frames

   Energies (kJ/mol)
           Bond          Angle        LJ (SR)   Coulomb (SR)      Potential
    3.95418e+04    3.69091e+04   -7.59400e+05    0.00000e+00   -6.82949e+05
    Kinetic En.   Total Energy  Conserved En.    Temperature Pressure (bar)
    1.69145e+05   -5.13805e+05   -4.13486e+05    3.10115e+02   -1.02185e+01

          Box-X          Box-Y          Box-Z
    1.63286e+01    1.63286e+01    1.92605e+01

   Total Virial (kJ/mol)
    5.89116e+04   -7.49925e+01    1.17421e+02
   -7.49920e+01    5.88942e+04   -7.66102e+01
    1.17422e+02   -7.66078e+01    5.66176e+04

   Pressure (bar)
   -1.45526e+01    4.23687e-01   -9.66386e-01
    4.23680e-01   -1.51267e+01    6.74768e-01
   -9.66390e-01    6.74751e-01   -9.76352e-01


	M E G A - F L O P S   A C C O U N T I N G

 NB=Group-cutoff nonbonded kernels    NxN=N-by-N cluster Verlet kernels
 RF=Reaction-Field  VdW=Van der Waals  QSTab=quadratic-spline table
 W3=SPC/TIP3p  W4=TIP4p (single or pairs)
 V&F=Potential and force  V=Potential only  F=Force only

 Computing:                               M-Number         M-Flops  % Flops
-----------------------------------------------------------------------------
 Pair Search distance check           21631.193560      194680.742     1.1
 NxN LJ [F]                          501064.070496    16535114.326    95.8
 NxN LJ [V&F]                          5070.234848      218020.098     1.3
 Reset In Box                           109.335000         328.005     0.0
 CG-CoM                                 109.422468         328.267     0.0
 Bonds                                 1495.029900       88206.764     0.5
 Angles                                1195.023900      200764.015     1.2
 Virial                                 233.116614        4196.099     0.0
 Stop-CM                                 21.954468         219.545     0.0
 P-Coupling                             218.713734        1312.282     0.0
 Calc-Ekin                              437.427468       11810.542     0.1
-----------------------------------------------------------------------------
 Total                                                17254980.686   100.0
-----------------------------------------------------------------------------


    D O M A I N   D E C O M P O S I T I O N   S T A T I S T I C S

 av. #atoms communicated per step for force:  2 x 72653.7


Dynamic load balancing report:
 DLB was turned on during the run due to measured imbalance.
 Average load imbalance: 13.1%.
 The balanceable part of the MD step is 62%, load imbalance is computed from this.
 Part of the total run time spent waiting due to load imbalance: 8.2%.
 Steps where the load balancing was limited by -rdd, -rcon and/or -dds: X 0 % Y 0 % Z 4 %

NOTE: 8.2 % of the available CPU time was lost due to load imbalance
      in the domain decomposition.
      You can consider manually changing the decomposition (option -dd);
      e.g. by using fewer domains along the box dimension in which there is
      considerable inhomogeneity in the simulated system.

      R E A L   C Y C L E   A N D   T I M E   A C C O U N T I N G

On 64 MPI ranks

 Activity:              Num   Num      Call    Wall time         Giga-Cycles
                        Ranks Threads  Count      (s)         total sum    %
--------------------------------------------------------------------------------
 Domain decomp.           64    1       2501       1.602        204.602   4.5
 DD comm. load            64    1       2468       0.038          4.916   0.1
 DD comm. bounds          64    1       2459       0.095         12.129   0.3
 Neighbor search          64    1       2501       2.625        335.169   7.3
 Comm. coord.             64    1      47500       1.945        248.353   5.4
 Force                    64    1      50001      20.378       2602.260  56.9
 Wait + Comm. F           64    1      50001       6.859        875.836  19.2
 NB X/F buffer ops.       64    1     147502       0.817        104.330   2.3
 Write traj.              64    1         51       0.022          2.862   0.1
 Update                   64    1      50001       0.155         19.730   0.4
 Kinetic energy           64    1      10001       0.070          8.978   0.2
 Comm. energies           64    1       5001       1.018        129.989   2.8
 Rest                                              0.170         21.664   0.5
--------------------------------------------------------------------------------
 Total                                            35.794       4570.820 100.0
--------------------------------------------------------------------------------

               Core t (s)   Wall t (s)        (%)
       Time:     2290.785       35.794     6399.9
                 (ns/day)    (hour/ns)
Performance:     2413.865        0.010
Finished mdrun on rank 0 Thu Jan 29 16:03:00 2026

