============================================================================
| ACPYPE: AnteChamber PYthon Parser interfacE v. 2023.10.27 (c) 2025 AWSdS |
============================================================================
DEBUG: CLI: -i OCCOCCOCCOCCOCCOC(C)C(=O)OC(C)C(=O)OC(C)C(=O)OC(C)C(=O)OC(C)C(=O) -c bcc -n 0 -a amber -b peg-b-pla
DEBUG: Python Version 3.13.7 (main, Aug 15 2025, 12:34:02) [GCC 15.2.1 20250813]
DEBUG: Max execution time tolerance is 3h
DEBUG: /home/kalki/src/MD/polymer/venv/lib/python3.13/site-packages/acpype/amber_linux/bin/antechamber -dr no -i peg-b-pla.mol2 -fi mol2 -o tmp -fo ac -pf y
DEBUG: 
Welcome to antechamber 22.0: molecular input file processor.

Info: The atom type is set to gaff; the options available to the -at flag are
 gaff, gaff2, amber, bcc, and sybyl.


DEBUG: setResNameCheckCoords done
DEBUG: Net charge drift '0.000000'
==> ... charge set to 0
==> Executing Antechamber...
DEBUG: /home/kalki/src/MD/polymer/venv/lib/python3.13/site-packages/acpype/amber_linux/bin/antechamber -dr no -i peg-b-pla.mol2 -fi mol2 -o peg-b-pla_bcc_amber.mol2 -fo mol2 -c bcc -nc 0 -m 1 -s 2 -df 2 -at amber -pf n 
DEBUG: No file left to be removed
ERROR: ++++++++++start_quote+++++++++++++++++++++++++++++++++++++++++++++++++++++++++++
ERROR: 
Welcome to antechamber 22.0: molecular input file processor.

Info: The atom type is set to amber; the options available to the -at flag are
 gaff, gaff2, amber, bcc, and sybyl.

Info: Finished reading file (peg-b-pla.mol2); atoms read (82), bonds read (81).
Info: Determining atomic numbers from atomic symbols which are case sensitive.
Running: /home/kalki/src/MD/polymer/venv/lib/python3.13/site-packages/acpype/amber_linux/bin/bondtype -j full -i ANTECHAMBER_BOND_TYPE.AC0 -o ANTECHAMBER_BOND_TYPE.AC -f ac

Running: /home/kalki/src/MD/polymer/venv/lib/python3.13/site-packages/acpype/amber_linux/bin/atomtype -i ANTECHAMBER_AC.AC0 -o ANTECHAMBER_AC.AC -p amber
Info: Total number of electrons: 312; net charge: 0

Running: /home/kalki/src/MD/polymer/venv/lib/python3.13/site-packages/acpype/amber_linux/bin/sqm -O -i sqm.in -o sqm.out
/home/kalki/src/MD/polymer/venv/lib/python3.13/site-packages/acpype/amber_linux/bin/sqm: error while loading shared libraries: libarpack.so.2: cannot open shared object file: No such file or directory
/home/kalki/src/MD/polymer/venv/lib/python3.13/site-packages/acpype/amber_linux/bin/wrapped_progs/antechamber: Fatal Error!
Cannot properly run "/home/kalki/src/MD/polymer/venv/lib/python3.13/site-packages/acpype/amber_linux/bin/sqm -O -i sqm.in -o sqm.out".

ERROR: ++++++++++end_quote+++++++++++++++++++++++++++++++++++++++++++++++++++++++++++++
ERROR: Antechamber failed
DEBUG: /home/kalki/src/MD/polymer/venv/lib/python3.13/site-packages/acpype/amber_linux/bin/parmchk2 -i peg-b-pla_bcc_amber.mol2 -f mol2 -o peg-b-pla_AC.frcmod -p /tmp/parm10gaffff14SB.dat
ERROR: ++++++++++start_quote+++++++++++++++++++++++++++++++++++++++++++++++++++++++++++
ERROR: Cannot open file (peg-b-pla_bcc_amber.mol2) with mode (r).
No such file or directory
ERROR: ++++++++++end_quote+++++++++++++++++++++++++++++++++++++++++++++++++++++++++++++
ERROR: Parmchk failed
ERROR: Tleap failed
==> Removing temporary files...
ERROR: ACPYPE FAILED: [Errno 2] No such file or directory: 'peg-b-pla_AC.prmtop'
Traceback (most recent call last):
  File "/home/kalki/src/MD/polymer/venv/lib/python3.13/site-packages/acpype/cli.py", line 138, in init_main
    molecule.createMolTopol()
    ~~~~~~~~~~~~~~~~~~~~~~~^^
  File "/home/kalki/src/MD/polymer/venv/lib/python3.13/site-packages/acpype/topol.py", line 1115, in createMolTopol
    self.topFileData = open(self.acTopFileName).readlines()
                       ~~~~^^^^^^^^^^^^^^^^^^^^
FileNotFoundError: [Errno 2] No such file or directory: 'peg-b-pla_AC.prmtop'
Total time of execution: less than a second
DEBUG: No tmp folder left to be removed
